#
# There is insufficient memory for the Java Runtime Environment to continue.
# Native memory allocation (malloc) failed to allocate 625776 bytes for Chunk::new
# Possible reasons:
#   The system is out of physical RAM or swap space
#   The process is running with CompressedOops enabled, and the Java Heap may be blocking the growth of the native heap
# Possible solutions:
#   Reduce memory load on the system
#   Increase physical memory or swap space
#   Check if swap backing store is full
#   Decrease Java heap size (-Xmx/-Xms)
#   Decrease number of Java threads
#   Decrease Java thread stack sizes (-Xss)
#   Set larger code cache with -XX:ReservedCodeCacheSize=
#   JVM is running with Unscaled Compressed Oops mode in which the Java heap is
#     placed in the first 4GB address space. The Java Heap base address is the
#     maximum limit for the native heap growth. Please use -XX:HeapBaseMinAddress
#     to set the Java Heap base and to place the Java Heap above 4GB virtual address.
# This output file may be truncated or incomplete.
#
#  Out of Memory Error (./src/hotspot/share/memory/arena.cpp:197), pid=1920, tid=6232
#
# JRE version: OpenJDK Runtime Environment (11.0.10) (build 11.0.10+0-b96-7249189)
# Java VM: OpenJDK 64-Bit Server VM (11.0.10+0-b96-7249189, mixed mode, tiered, compressed oops, g1 gc, windows-amd64)
# No core dump will be written. Minidumps are not enabled by default on client versions of Windows
#

---------------  S U M M A R Y ------------

Command Line: --add-opens=java.base/java.util=ALL-UNNAMED --add-opens=java.base/java.lang=ALL-UNNAMED --add-opens=java.base/java.lang.invoke=ALL-UNNAMED --add-opens=java.base/java.util=ALL-UNNAMED --add-opens=java.prefs/java.util.prefs=ALL-UNNAMED --add-opens=java.prefs/java.util.prefs=ALL-UNNAMED --add-opens=java.base/java.nio.charset=ALL-UNNAMED --add-opens=java.base/java.net=ALL-UNNAMED --add-opens=java.base/java.util.concurrent.atomic=ALL-UNNAMED -Xmx2048m -Dfile.encoding=UTF-8 -Duser.country=US -Duser.language=en -Duser.variant org.gradle.launcher.daemon.bootstrap.GradleDaemon 7.0.2

Host: Intel(R) Core(TM) i5-7200U CPU @ 2.50GHz, 4 cores, 7G,  Windows 10 , 64 bit Build 19041 (10.0.19041.1503)
Time: Tue Mar  1 18:17:52 2022 SE Asia Standard Time elapsed time: 4.658925 seconds (0d 0h 0m 4s)

---------------  T H R E A D  ---------------

Current thread (0x0000018b7f820800):  JavaThread "C2 CompilerThread0" daemon [_thread_in_native, id=6232, stack(0x0000000101200000,0x0000000101300000)]


Current CompileTask:
C2:   4658 1944   !   4       java.lang.ClassLoader::loadClass (122 bytes)

Stack: [0x0000000101200000,0x0000000101300000]
Native frames: (J=compiled Java code, j=interpreted, Vv=VM code, C=native code)
V  [jvm.dll+0x5ecfaa]
V  [jvm.dll+0x722bd5]
V  [jvm.dll+0x72412d]
V  [jvm.dll+0x7247e3]
V  [jvm.dll+0x242928]
V  [jvm.dll+0xbc4fc]
V  [jvm.dll+0xbca0c]
V  [jvm.dll+0x2b4fd4]
V  [jvm.dll+0x506028]
V  [jvm.dll+0x203253]
V  [jvm.dll+0x1fd07c]
V  [jvm.dll+0x1fa77f]
V  [jvm.dll+0x18354c]
V  [jvm.dll+0x208ee7]
V  [jvm.dll+0x207731]
V  [jvm.dll+0x6eb1cf]
V  [jvm.dll+0x6e3d45]
V  [jvm.dll+0x5ebe96]
C  [ucrtbase.dll+0x21bb2]
C  [KERNEL32.DLL+0x17034]
C  [ntdll.dll+0x52651]


---------------  P R O C E S S  ---------------

Threads class SMR info:
_java_thread_list=0x0000018b46373550, length=23, elements={
0x0000018b67cad800, 0x0000018b7f7fd800, 0x0000018b7f80a000, 0x0000018b7f818800,
0x0000018b7f81b800, 0x0000018b7f81c800, 0x0000018b7f820800, 0x0000018b7f9a4000,
0x0000018b7f9d0800, 0x0000018b7fac8800, 0x0000018b46137000, 0x0000018b45759800,
0x0000018b46b0f800, 0x0000018b46464000, 0x0000018b467e3800, 0x0000018b46053000,
0x0000018b45c2a000, 0x0000018b45c2a800, 0x0000018b4645a800, 0x0000018b46b2d800,
0x0000018b46b2c000, 0x0000018b46b31000, 0x0000018b46b2b800
}

Java Threads: ( => current thread )
  0x0000018b67cad800 JavaThread "main" [_thread_blocked, id=13616, stack(0x0000000100600000,0x0000000100700000)]
  0x0000018b7f7fd800 JavaThread "Reference Handler" daemon [_thread_blocked, id=10404, stack(0x0000000100d00000,0x0000000100e00000)]
  0x0000018b7f80a000 JavaThread "Finalizer" daemon [_thread_blocked, id=7988, stack(0x0000000100e00000,0x0000000100f00000)]
  0x0000018b7f818800 JavaThread "Signal Dispatcher" daemon [_thread_blocked, id=2060, stack(0x0000000100f00000,0x0000000101000000)]
  0x0000018b7f81b800 JavaThread "Attach Listener" daemon [_thread_blocked, id=7416, stack(0x0000000101000000,0x0000000101100000)]
  0x0000018b7f81c800 JavaThread "Service Thread" daemon [_thread_blocked, id=14192, stack(0x0000000101100000,0x0000000101200000)]
=>0x0000018b7f820800 JavaThread "C2 CompilerThread0" daemon [_thread_in_native, id=6232, stack(0x0000000101200000,0x0000000101300000)]
  0x0000018b7f9a4000 JavaThread "C1 CompilerThread0" daemon [_thread_blocked, id=14196, stack(0x0000000101300000,0x0000000101400000)]
  0x0000018b7f9d0800 JavaThread "Sweeper thread" daemon [_thread_blocked, id=11452, stack(0x0000000101400000,0x0000000101500000)]
  0x0000018b7fac8800 JavaThread "Common-Cleaner" daemon [_thread_blocked, id=11928, stack(0x0000000101500000,0x0000000101600000)]
  0x0000018b46137000 JavaThread "Daemon health stats" [_thread_blocked, id=9532, stack(0x0000000101a00000,0x0000000101b00000)]
  0x0000018b45759800 JavaThread "Incoming local TCP Connector on port 65092" [_thread_in_native, id=3632, stack(0x0000000101b00000,0x0000000101c00000)]
  0x0000018b46b0f800 JavaThread "Daemon periodic checks" [_thread_blocked, id=17308, stack(0x0000000101c00000,0x0000000101d00000)]
  0x0000018b46464000 JavaThread "Daemon" [_thread_blocked, id=8340, stack(0x0000000101d00000,0x0000000101e00000)]
  0x0000018b467e3800 JavaThread "Handler for socket connection from /127.0.0.1:65092 to /127.0.0.1:65094" [_thread_in_native, id=13636, stack(0x0000000101e00000,0x0000000101f00000)]
  0x0000018b46053000 JavaThread "Cancel handler" [_thread_blocked, id=12608, stack(0x0000000101f00000,0x0000000102000000)]
  0x0000018b45c2a000 JavaThread "Daemon worker" [_thread_in_native, id=13780, stack(0x0000000102000000,0x0000000102100000)]
  0x0000018b45c2a800 JavaThread "Asynchronous log dispatcher for DefaultDaemonConnection: socket connection from /127.0.0.1:65092 to /127.0.0.1:65094" [_thread_blocked, id=17048, stack(0x0000000102100000,0x0000000102200000)]
  0x0000018b4645a800 JavaThread "Stdin handler" [_thread_blocked, id=15624, stack(0x0000000102200000,0x0000000102300000)]
  0x0000018b46b2d800 JavaThread "Daemon client event forwarder" [_thread_blocked, id=7688, stack(0x0000000102300000,0x0000000102400000)]
  0x0000018b46b2c000 JavaThread "Cache worker for file hash cache (C:\Users\DELL\.gradle\caches\7.0.2\fileHashes)" [_thread_blocked, id=7016, stack(0x0000000102400000,0x0000000102500000)]
  0x0000018b46b31000 JavaThread "File lock request listener" [_thread_in_native, id=248, stack(0x0000000102500000,0x0000000102600000)]
  0x0000018b46b2b800 JavaThread "Cache worker for journal cache (C:\Users\DELL\.gradle\caches\journal-1)" [_thread_blocked, id=16020, stack(0x0000000102600000,0x0000000102700000)]

Other Threads:
  0x0000018b7f7f9000 VMThread "VM Thread" [stack: 0x0000000100c00000,0x0000000100d00000] [id=1760]
  0x0000018b7fb00000 WatcherThread [stack: 0x0000000101600000,0x0000000101700000] [id=12248]
  0x0000018b67cc6000 GCTaskThread "GC Thread#0" [stack: 0x0000000100700000,0x0000000100800000] [id=7968]
  0x0000018b44a5a000 GCTaskThread "GC Thread#1" [stack: 0x0000000101800000,0x0000000101900000] [id=10276]
  0x0000018b4491b800 GCTaskThread "GC Thread#2" [stack: 0x0000000101900000,0x0000000101a00000] [id=14168]
  0x0000018b4623a000 GCTaskThread "GC Thread#3" [stack: 0x0000000101700000,0x0000000101800000] [id=10948]
  0x0000018b67cf8000 ConcurrentGCThread "G1 Main Marker" [stack: 0x0000000100800000,0x0000000100900000] [id=14964]
  0x0000018b67cf9000 ConcurrentGCThread "G1 Conc#0" [stack: 0x0000000100900000,0x0000000100a00000] [id=14808]
  0x0000018b67d83000 ConcurrentGCThread "G1 Refine#0" [stack: 0x0000000100a00000,0x0000000100b00000] [id=11484]
  0x0000018b67d86000 ConcurrentGCThread "G1 Young RemSet Sampling" [stack: 0x0000000100b00000,0x0000000100c00000] [id=2032]

Threads with active compile tasks:
C2 CompilerThread0   4689 1944   !   4       java.lang.ClassLoader::loadClass (122 bytes)

VM state:not at safepoint (normal execution)

VM Mutex/Monitor currently owned by a thread: None

Heap address: 0x0000000080000000, size: 2048 MB, Compressed Oops mode: 32-bit
Narrow klass base: 0x0000018b04000000, Narrow klass shift: 0
Compressed class space size: 1073741824 Address: 0x0000018b04000000

Heap:
 garbage-first heap   total 129024K, used 17833K [0x0000000080000000, 0x0000000100000000)
  region size 1024K, 4 young (4096K), 2 survivors (2048K)
 Metaspace       used 21573K, capacity 22173K, committed 22400K, reserved 1075200K
  class space    used 2698K, capacity 2902K, committed 2944K, reserved 1048576K
Heap Regions: E=young(eden), S=young(survivor), O=old, HS=humongous(starts), HC=humongous(continues), CS=collection set, F=free, A=archive, TAMS=top-at-mark-start (previous, next)
|   0|0x0000000080000000, 0x0000000080100000, 0x0000000080100000|100%| O|  |TAMS 0x0000000080100000, 0x0000000080000000| Untracked 
|   1|0x0000000080100000, 0x0000000080200000, 0x0000000080200000|100%| O|  |TAMS 0x0000000080200000, 0x0000000080100000| Untracked 
|   2|0x0000000080200000, 0x0000000080300000, 0x0000000080300000|100%| O|  |TAMS 0x0000000080300000, 0x0000000080200000| Untracked 
|   3|0x0000000080300000, 0x0000000080400000, 0x0000000080400000|100%|HS|  |TAMS 0x0000000080400000, 0x0000000080300000| Complete 
|   4|0x0000000080400000, 0x0000000080500000, 0x0000000080500000|100%|HC|  |TAMS 0x0000000080500000, 0x0000000080400000| Complete 
|   5|0x0000000080500000, 0x0000000080600000, 0x0000000080600000|100%|HC|  |TAMS 0x0000000080600000, 0x0000000080500000| Complete 
|   6|0x0000000080600000, 0x0000000080700000, 0x0000000080700000|100%| O|  |TAMS 0x0000000080700000, 0x0000000080600000| Untracked 
|   7|0x0000000080700000, 0x0000000080800000, 0x0000000080800000|100%| O|  |TAMS 0x0000000080800000, 0x0000000080700000| Untracked 
|   8|0x0000000080800000, 0x0000000080900000, 0x0000000080900000|100%| O|  |TAMS 0x0000000080900000, 0x0000000080800000| Untracked 
|   9|0x0000000080900000, 0x0000000080a00000, 0x0000000080a00000|100%| O|  |TAMS 0x0000000080a00000, 0x0000000080900000| Untracked 
|  10|0x0000000080a00000, 0x0000000080b00000, 0x0000000080b00000|100%| O|  |TAMS 0x0000000080b00000, 0x0000000080a00000| Untracked 
|  11|0x0000000080b00000, 0x0000000080c00000, 0x0000000080c00000|100%| O|  |TAMS 0x0000000080c00000, 0x0000000080b00000| Untracked 
|  12|0x0000000080c00000, 0x0000000080d00000, 0x0000000080d00000|100%| O|  |TAMS 0x0000000080d00000, 0x0000000080c00000| Untracked 
|  13|0x0000000080d00000, 0x0000000080e00000, 0x0000000080e00000|100%| O|  |TAMS 0x0000000080e00000, 0x0000000080d00000| Untracked 
|  14|0x0000000080e00000, 0x0000000080e8e600, 0x0000000080f00000| 55%| O|  |TAMS 0x0000000080e8e600, 0x0000000080e00000| Untracked 
|  15|0x0000000080f00000, 0x0000000080f00000, 0x0000000081000000|  0%| F|  |TAMS 0x0000000080f00000, 0x0000000080f00000| Untracked 
|  16|0x0000000081000000, 0x0000000081000000, 0x0000000081100000|  0%| F|  |TAMS 0x0000000081000000, 0x0000000081000000| Untracked 
|  17|0x0000000081100000, 0x0000000081100000, 0x0000000081200000|  0%| F|  |TAMS 0x0000000081100000, 0x0000000081100000| Untracked 
|  18|0x0000000081200000, 0x0000000081200000, 0x0000000081300000|  0%| F|  |TAMS 0x0000000081200000, 0x0000000081200000| Untracked 
|  19|0x0000000081300000, 0x0000000081300000, 0x0000000081400000|  0%| F|  |TAMS 0x0000000081300000, 0x0000000081300000| Untracked 
|  20|0x0000000081400000, 0x0000000081400000, 0x0000000081500000|  0%| F|  |TAMS 0x0000000081400000, 0x0000000081400000| Untracked 
|  21|0x0000000081500000, 0x0000000081500000, 0x0000000081600000|  0%| F|  |TAMS 0x0000000081500000, 0x0000000081500000| Untracked 
|  22|0x0000000081600000, 0x0000000081600000, 0x0000000081700000|  0%| F|  |TAMS 0x0000000081600000, 0x0000000081600000| Untracked 
|  23|0x0000000081700000, 0x0000000081700000, 0x0000000081800000|  0%| F|  |TAMS 0x0000000081700000, 0x0000000081700000| Untracked 
|  24|0x0000000081800000, 0x0000000081800000, 0x0000000081900000|  0%| F|  |TAMS 0x0000000081800000, 0x0000000081800000| Untracked 
|  25|0x0000000081900000, 0x0000000081900000, 0x0000000081a00000|  0%| F|  |TAMS 0x0000000081900000, 0x0000000081900000| Untracked 
|  26|0x0000000081a00000, 0x0000000081a00000, 0x0000000081b00000|  0%| F|  |TAMS 0x0000000081a00000, 0x0000000081a00000| Untracked 
|  27|0x0000000081b00000, 0x0000000081b00000, 0x0000000081c00000|  0%| F|  |TAMS 0x0000000081b00000, 0x0000000081b00000| Untracked 
|  28|0x0000000081c00000, 0x0000000081c00000, 0x0000000081d00000|  0%| F|  |TAMS 0x0000000081c00000, 0x0000000081c00000| Untracked 
|  29|0x0000000081d00000, 0x0000000081d00000, 0x0000000081e00000|  0%| F|  |TAMS 0x0000000081d00000, 0x0000000081d00000| Untracked 
|  30|0x0000000081e00000, 0x0000000081e00000, 0x0000000081f00000|  0%| F|  |TAMS 0x0000000081e00000, 0x0000000081e00000| Untracked 
|  31|0x0000000081f00000, 0x0000000081f00000, 0x0000000082000000|  0%| F|  |TAMS 0x0000000081f00000, 0x0000000081f00000| Untracked 
|  32|0x0000000082000000, 0x0000000082000000, 0x0000000082100000|  0%| F|  |TAMS 0x0000000082000000, 0x0000000082000000| Untracked 
|  33|0x0000000082100000, 0x0000000082100000, 0x0000000082200000|  0%| F|  |TAMS 0x0000000082100000, 0x0000000082100000| Untracked 
|  34|0x0000000082200000, 0x0000000082200000, 0x0000000082300000|  0%| F|  |TAMS 0x0000000082200000, 0x0000000082200000| Untracked 
|  35|0x0000000082300000, 0x0000000082300000, 0x0000000082400000|  0%| F|  |TAMS 0x0000000082300000, 0x0000000082300000| Untracked 
|  36|0x0000000082400000, 0x0000000082400000, 0x0000000082500000|  0%| F|  |TAMS 0x0000000082400000, 0x0000000082400000| Untracked 
|  37|0x0000000082500000, 0x0000000082500000, 0x0000000082600000|  0%| F|  |TAMS 0x0000000082500000, 0x0000000082500000| Untracked 
|  38|0x0000000082600000, 0x0000000082600000, 0x0000000082700000|  0%| F|  |TAMS 0x0000000082600000, 0x0000000082600000| Untracked 
|  39|0x0000000082700000, 0x0000000082700000, 0x0000000082800000|  0%| F|  |TAMS 0x0000000082700000, 0x0000000082700000| Untracked 
|  40|0x0000000082800000, 0x0000000082800000, 0x0000000082900000|  0%| F|  |TAMS 0x0000000082800000, 0x0000000082800000| Untracked 
|  41|0x0000000082900000, 0x0000000082900000, 0x0000000082a00000|  0%| F|  |TAMS 0x0000000082900000, 0x0000000082900000| Untracked 
|  42|0x0000000082a00000, 0x0000000082a00000, 0x0000000082b00000|  0%| F|  |TAMS 0x0000000082a00000, 0x0000000082a00000| Untracked 
|  43|0x0000000082b00000, 0x0000000082b00000, 0x0000000082c00000|  0%| F|  |TAMS 0x0000000082b00000, 0x0000000082b00000| Untracked 
|  44|0x0000000082c00000, 0x0000000082c00000, 0x0000000082d00000|  0%| F|  |TAMS 0x0000000082c00000, 0x0000000082c00000| Untracked 
|  45|0x0000000082d00000, 0x0000000082d00000, 0x0000000082e00000|  0%| F|  |TAMS 0x0000000082d00000, 0x0000000082d00000| Untracked 
|  46|0x0000000082e00000, 0x0000000082e00000, 0x0000000082f00000|  0%| F|  |TAMS 0x0000000082e00000, 0x0000000082e00000| Untracked 
|  47|0x0000000082f00000, 0x0000000082f00000, 0x0000000083000000|  0%| F|  |TAMS 0x0000000082f00000, 0x0000000082f00000| Untracked 
|  48|0x0000000083000000, 0x0000000083000000, 0x0000000083100000|  0%| F|  |TAMS 0x0000000083000000, 0x0000000083000000| Untracked 
|  49|0x0000000083100000, 0x0000000083100000, 0x0000000083200000|  0%| F|  |TAMS 0x0000000083100000, 0x0000000083100000| Untracked 
|  50|0x0000000083200000, 0x0000000083200000, 0x0000000083300000|  0%| F|  |TAMS 0x0000000083200000, 0x0000000083200000| Untracked 
|  51|0x0000000083300000, 0x0000000083300000, 0x0000000083400000|  0%| F|  |TAMS 0x0000000083300000, 0x0000000083300000| Untracked 
|  52|0x0000000083400000, 0x0000000083400000, 0x0000000083500000|  0%| F|  |TAMS 0x0000000083400000, 0x0000000083400000| Untracked 
|  53|0x0000000083500000, 0x0000000083500000, 0x0000000083600000|  0%| F|  |TAMS 0x0000000083500000, 0x0000000083500000| Untracked 
|  54|0x0000000083600000, 0x0000000083600000, 0x0000000083700000|  0%| F|  |TAMS 0x0000000083600000, 0x0000000083600000| Untracked 
|  55|0x0000000083700000, 0x0000000083700000, 0x0000000083800000|  0%| F|  |TAMS 0x0000000083700000, 0x0000000083700000| Untracked 
|  56|0x0000000083800000, 0x0000000083800000, 0x0000000083900000|  0%| F|  |TAMS 0x0000000083800000, 0x0000000083800000| Untracked 
|  57|0x0000000083900000, 0x0000000083900000, 0x0000000083a00000|  0%| F|  |TAMS 0x0000000083900000, 0x0000000083900000| Untracked 
|  58|0x0000000083a00000, 0x0000000083a00000, 0x0000000083b00000|  0%| F|  |TAMS 0x0000000083a00000, 0x0000000083a00000| Untracked 
|  59|0x0000000083b00000, 0x0000000083b00000, 0x0000000083c00000|  0%| F|  |TAMS 0x0000000083b00000, 0x0000000083b00000| Untracked 
|  60|0x0000000083c00000, 0x0000000083c00000, 0x0000000083d00000|  0%| F|  |TAMS 0x0000000083c00000, 0x0000000083c00000| Untracked 
|  61|0x0000000083d00000, 0x0000000083d00000, 0x0000000083e00000|  0%| F|  |TAMS 0x0000000083d00000, 0x0000000083d00000| Untracked 
|  62|0x0000000083e00000, 0x0000000083e00000, 0x0000000083f00000|  0%| F|  |TAMS 0x0000000083e00000, 0x0000000083e00000| Untracked 
|  63|0x0000000083f00000, 0x0000000083f00000, 0x0000000084000000|  0%| F|  |TAMS 0x0000000083f00000, 0x0000000083f00000| Untracked 
|  64|0x0000000084000000, 0x0000000084000000, 0x0000000084100000|  0%| F|  |TAMS 0x0000000084000000, 0x0000000084000000| Untracked 
|  65|0x0000000084100000, 0x0000000084100000, 0x0000000084200000|  0%| F|  |TAMS 0x0000000084100000, 0x0000000084100000| Untracked 
|  66|0x0000000084200000, 0x0000000084200000, 0x0000000084300000|  0%| F|  |TAMS 0x0000000084200000, 0x0000000084200000| Untracked 
|  67|0x0000000084300000, 0x0000000084300000, 0x0000000084400000|  0%| F|  |TAMS 0x0000000084300000, 0x0000000084300000| Untracked 
|  68|0x0000000084400000, 0x0000000084400000, 0x0000000084500000|  0%| F|  |TAMS 0x0000000084400000, 0x0000000084400000| Untracked 
|  69|0x0000000084500000, 0x0000000084500000, 0x0000000084600000|  0%| F|  |TAMS 0x0000000084500000, 0x0000000084500000| Untracked 
|  70|0x0000000084600000, 0x0000000084600000, 0x0000000084700000|  0%| F|  |TAMS 0x0000000084600000, 0x0000000084600000| Untracked 
|  71|0x0000000084700000, 0x0000000084700000, 0x0000000084800000|  0%| F|  |TAMS 0x0000000084700000, 0x0000000084700000| Untracked 
|  72|0x0000000084800000, 0x0000000084800000, 0x0000000084900000|  0%| F|  |TAMS 0x0000000084800000, 0x0000000084800000| Untracked 
|  73|0x0000000084900000, 0x0000000084900000, 0x0000000084a00000|  0%| F|  |TAMS 0x0000000084900000, 0x0000000084900000| Untracked 
|  74|0x0000000084a00000, 0x0000000084a00000, 0x0000000084b00000|  0%| F|  |TAMS 0x0000000084a00000, 0x0000000084a00000| Untracked 
|  75|0x0000000084b00000, 0x0000000084b00000, 0x0000000084c00000|  0%| F|  |TAMS 0x0000000084b00000, 0x0000000084b00000| Untracked 
|  76|0x0000000084c00000, 0x0000000084c00000, 0x0000000084d00000|  0%| F|  |TAMS 0x0000000084c00000, 0x0000000084c00000| Untracked 
|  77|0x0000000084d00000, 0x0000000084d00000, 0x0000000084e00000|  0%| F|  |TAMS 0x0000000084d00000, 0x0000000084d00000| Untracked 
|  78|0x0000000084e00000, 0x0000000084e00000, 0x0000000084f00000|  0%| F|  |TAMS 0x0000000084e00000, 0x0000000084e00000| Untracked 
|  79|0x0000000084f00000, 0x0000000084f00000, 0x0000000085000000|  0%| F|  |TAMS 0x0000000084f00000, 0x0000000084f00000| Untracked 
|  80|0x0000000085000000, 0x0000000085000000, 0x0000000085100000|  0%| F|  |TAMS 0x0000000085000000, 0x0000000085000000| Untracked 
|  81|0x0000000085100000, 0x0000000085100000, 0x0000000085200000|  0%| F|  |TAMS 0x0000000085100000, 0x0000000085100000| Untracked 
|  82|0x0000000085200000, 0x0000000085200000, 0x0000000085300000|  0%| F|  |TAMS 0x0000000085200000, 0x0000000085200000| Untracked 
|  83|0x0000000085300000, 0x0000000085300000, 0x0000000085400000|  0%| F|  |TAMS 0x0000000085300000, 0x0000000085300000| Untracked 
|  84|0x0000000085400000, 0x0000000085400000, 0x0000000085500000|  0%| F|  |TAMS 0x0000000085400000, 0x0000000085400000| Untracked 
|  85|0x0000000085500000, 0x0000000085500000, 0x0000000085600000|  0%| F|  |TAMS 0x0000000085500000, 0x0000000085500000| Untracked 
|  86|0x0000000085600000, 0x0000000085600000, 0x0000000085700000|  0%| F|  |TAMS 0x0000000085600000, 0x0000000085600000| Untracked 
|  87|0x0000000085700000, 0x0000000085700000, 0x0000000085800000|  0%| F|  |TAMS 0x0000000085700000, 0x0000000085700000| Untracked 
|  88|0x0000000085800000, 0x0000000085800000, 0x0000000085900000|  0%| F|  |TAMS 0x0000000085800000, 0x0000000085800000| Untracked 
|  89|0x0000000085900000, 0x0000000085900000, 0x0000000085a00000|  0%| F|  |TAMS 0x0000000085900000, 0x0000000085900000| Untracked 
|  90|0x0000000085a00000, 0x0000000085a00000, 0x0000000085b00000|  0%| F|  |TAMS 0x0000000085a00000, 0x0000000085a00000| Untracked 
|  91|0x0000000085b00000, 0x0000000085b00000, 0x0000000085c00000|  0%| F|  |TAMS 0x0000000085b00000, 0x0000000085b00000| Untracked 
|  92|0x0000000085c00000, 0x0000000085c00000, 0x0000000085d00000|  0%| F|  |TAMS 0x0000000085c00000, 0x0000000085c00000| Untracked 
|  93|0x0000000085d00000, 0x0000000085d00000, 0x0000000085e00000|  0%| F|  |TAMS 0x0000000085d00000, 0x0000000085d00000| Untracked 
|  94|0x0000000085e00000, 0x0000000085e00000, 0x0000000085f00000|  0%| F|  |TAMS 0x0000000085e00000, 0x0000000085e00000| Untracked 
|  95|0x0000000085f00000, 0x0000000085f00000, 0x0000000086000000|  0%| F|  |TAMS 0x0000000085f00000, 0x0000000085f00000| Untracked 
|  96|0x0000000086000000, 0x0000000086000000, 0x0000000086100000|  0%| F|  |TAMS 0x0000000086000000, 0x0000000086000000| Untracked 
|  97|0x0000000086100000, 0x0000000086100000, 0x0000000086200000|  0%| F|  |TAMS 0x0000000086100000, 0x0000000086100000| Untracked 
|  98|0x0000000086200000, 0x0000000086200000, 0x0000000086300000|  0%| F|  |TAMS 0x0000000086200000, 0x0000000086200000| Untracked 
|  99|0x0000000086300000, 0x0000000086300000, 0x0000000086400000|  0%| F|  |TAMS 0x0000000086300000, 0x0000000086300000| Untracked 
| 100|0x0000000086400000, 0x0000000086400000, 0x0000000086500000|  0%| F|  |TAMS 0x0000000086400000, 0x0000000086400000| Untracked 
| 101|0x0000000086500000, 0x0000000086500000, 0x0000000086600000|  0%| F|  |TAMS 0x0000000086500000, 0x0000000086500000| Untracked 
| 102|0x0000000086600000, 0x0000000086600000, 0x0000000086700000|  0%| F|  |TAMS 0x0000000086600000, 0x0000000086600000| Untracked 
| 103|0x0000000086700000, 0x0000000086700000, 0x0000000086800000|  0%| F|  |TAMS 0x0000000086700000, 0x0000000086700000| Untracked 
| 104|0x0000000086800000, 0x0000000086800000, 0x0000000086900000|  0%| F|  |TAMS 0x0000000086800000, 0x0000000086800000| Untracked 
| 105|0x0000000086900000, 0x0000000086900000, 0x0000000086a00000|  0%| F|  |TAMS 0x0000000086900000, 0x0000000086900000| Untracked 
| 106|0x0000000086a00000, 0x0000000086a00000, 0x0000000086b00000|  0%| F|  |TAMS 0x0000000086a00000, 0x0000000086a00000| Untracked 
| 107|0x0000000086b00000, 0x0000000086b00000, 0x0000000086c00000|  0%| F|  |TAMS 0x0000000086b00000, 0x0000000086b00000| Untracked 
| 108|0x0000000086c00000, 0x0000000086c00000, 0x0000000086d00000|  0%| F|  |TAMS 0x0000000086c00000, 0x0000000086c00000| Untracked 
| 109|0x0000000086d00000, 0x0000000086d00000, 0x0000000086e00000|  0%| F|  |TAMS 0x0000000086d00000, 0x0000000086d00000| Untracked 
| 110|0x0000000086e00000, 0x0000000086e00000, 0x0000000086f00000|  0%| F|  |TAMS 0x0000000086e00000, 0x0000000086e00000| Untracked 
| 111|0x0000000086f00000, 0x0000000086f00000, 0x0000000087000000|  0%| F|  |TAMS 0x0000000086f00000, 0x0000000086f00000| Untracked 
| 112|0x0000000087000000, 0x0000000087000000, 0x0000000087100000|  0%| F|  |TAMS 0x0000000087000000, 0x0000000087000000| Untracked 
| 113|0x0000000087100000, 0x0000000087100000, 0x0000000087200000|  0%| F|  |TAMS 0x0000000087100000, 0x0000000087100000| Untracked 
| 114|0x0000000087200000, 0x0000000087200000, 0x0000000087300000|  0%| F|  |TAMS 0x0000000087200000, 0x0000000087200000| Untracked 
| 115|0x0000000087300000, 0x0000000087300000, 0x0000000087400000|  0%| F|  |TAMS 0x0000000087300000, 0x0000000087300000| Untracked 
| 116|0x0000000087400000, 0x0000000087400000, 0x0000000087500000|  0%| F|  |TAMS 0x0000000087400000, 0x0000000087400000| Untracked 
| 117|0x0000000087500000, 0x00000000875dc140, 0x0000000087600000| 85%| S|CS|TAMS 0x0000000087500000, 0x0000000087500000| Complete 
| 118|0x0000000087600000, 0x0000000087700000, 0x0000000087700000|100%| S|CS|TAMS 0x0000000087600000, 0x0000000087600000| Complete 
| 119|0x0000000087700000, 0x0000000087700000, 0x0000000087800000|  0%| F|  |TAMS 0x0000000087700000, 0x0000000087700000| Untracked 
| 120|0x0000000087800000, 0x0000000087800000, 0x0000000087900000|  0%| F|  |TAMS 0x0000000087800000, 0x0000000087800000| Untracked 
| 121|0x0000000087900000, 0x0000000087900000, 0x0000000087a00000|  0%| F|  |TAMS 0x0000000087900000, 0x0000000087900000| Untracked 
| 122|0x0000000087a00000, 0x0000000087a00000, 0x0000000087b00000|  0%| F|  |TAMS 0x0000000087a00000, 0x0000000087a00000| Untracked 
| 123|0x0000000087b00000, 0x0000000087b00000, 0x0000000087c00000|  0%| F|  |TAMS 0x0000000087b00000, 0x0000000087b00000| Untracked 
| 124|0x0000000087c00000, 0x0000000087ca6090, 0x0000000087d00000| 64%| E|  |TAMS 0x0000000087c00000, 0x0000000087c00000| Complete 
| 125|0x0000000087d00000, 0x0000000087e00000, 0x0000000087e00000|100%| E|CS|TAMS 0x0000000087d00000, 0x0000000087d00000| Complete 

Card table byte_map: [0x0000018b7c9c0000,0x0000018b7cdc0000] _byte_map_base: 0x0000018b7c5c0000

Marking Bits (Prev, Next): (CMBitMap*) 0x0000018b67ceeee8, (CMBitMap*) 0x0000018b67ceef20
 Prev Bits: [0x0000018b7d1c0000, 0x0000018b7f1c0000)
 Next Bits: [0x0000018b00000000, 0x0000018b02000000)

Polling page: 0x0000018b67d90000

Metaspace:

Usage:
  Non-class:     18.82 MB capacity,    18.44 MB ( 98%) used,   345.70 KB (  2%) free+waste,    40.63 KB ( <1%) overhead. 
      Class:      2.83 MB capacity,     2.64 MB ( 93%) used,   181.03 KB (  6%) free+waste,    20.50 KB ( <1%) overhead. 
       Both:     21.65 MB capacity,    21.08 MB ( 97%) used,   526.73 KB (  2%) free+waste,    61.13 KB ( <1%) overhead. 

Virtual space:
  Non-class space:       26.00 MB reserved,      19.00 MB ( 73%) committed 
      Class space:        1.00 GB reserved,       2.88 MB ( <1%) committed 
             Both:        1.03 GB reserved,      21.88 MB (  2%) committed 

Chunk freelists:
   Non-Class:  57.00 KB
       Class:  10.00 KB
        Both:  67.00 KB

MaxMetaspaceSize: 17179869184.00 GB
CompressedClassSpaceSize: 1.00 GB

CodeHeap 'non-profiled nmethods': size=120064Kb used=917Kb max_used=917Kb free=119146Kb
 bounds [0x0000018b74a60000, 0x0000018b74cd0000, 0x0000018b7bfa0000]
CodeHeap 'profiled nmethods': size=120000Kb used=4150Kb max_used=4150Kb free=115849Kb
 bounds [0x0000018b6d530000, 0x0000018b6d940000, 0x0000018b74a60000]
CodeHeap 'non-nmethods': size=5696Kb used=1144Kb max_used=1165Kb free=4551Kb
 bounds [0x0000018b6cfa0000, 0x0000018b6d210000, 0x0000018b6d530000]
 total_blobs=2426 nmethods=1949 adapters=388
 compilation: enabled
              stopped_count=0, restarted_count=0
 full_count=0

Compilation events (20 events):
Event: 4.575 Thread 0x0000018b7f9a4000 1936       3       java.lang.reflect.ProxyGenerator$ConstantPool::getMethodRef (33 bytes)
Event: 4.575 Thread 0x0000018b7f820800 nmethod 1935 0x0000018b74b45110 code [0x0000018b74b452a0, 0x0000018b74b45378]
Event: 4.576 Thread 0x0000018b7f9a4000 nmethod 1936 0x0000018b6d932d90 code [0x0000018b6d933060, 0x0000018b6d933d08]
Event: 4.577 Thread 0x0000018b7f9a4000 1937       3       java.util.concurrent.locks.AbstractQueuedSynchronizer::release (33 bytes)
Event: 4.577 Thread 0x0000018b7f9a4000 nmethod 1937 0x0000018b6d934290 code [0x0000018b6d934460, 0x0000018b6d934738]
Event: 4.577 Thread 0x0000018b7f9a4000 1938       3       java.util.regex.Pattern$BmpCharPropertyGreedy::match (89 bytes)
Event: 4.578 Thread 0x0000018b7f9a4000 nmethod 1938 0x0000018b6d934810 code [0x0000018b6d934a20, 0x0000018b6d935068]
Event: 4.578 Thread 0x0000018b7f9a4000 1939       3       org.gradle.util.GradleVersion::compareTo (244 bytes)
Event: 4.579 Thread 0x0000018b7f9a4000 nmethod 1939 0x0000018b6d935290 code [0x0000018b6d935560, 0x0000018b6d9363b8]
Event: 4.579 Thread 0x0000018b7f9a4000 1940       3       java.util.regex.CharPredicates$$Lambda$5/0x0000018b04065040::is (5 bytes)
Event: 4.579 Thread 0x0000018b7f9a4000 nmethod 1940 0x0000018b6d936910 code [0x0000018b6d936ae0, 0x0000018b6d936d98]
Event: 4.579 Thread 0x0000018b7f9a4000 1941       3       java.util.regex.CharPredicates::lambda$ASCII_DIGIT$15 (20 bytes)
Event: 4.580 Thread 0x0000018b7f9a4000 nmethod 1941 0x0000018b6d936e90 code [0x0000018b6d937040, 0x0000018b6d937278]
Event: 4.581 Thread 0x0000018b7f9a4000 1942       3       java.util.concurrent.locks.ReentrantLock$Sync::tryRelease (45 bytes)
Event: 4.582 Thread 0x0000018b7f9a4000 nmethod 1942 0x0000018b6d937310 code [0x0000018b6d9374e0, 0x0000018b6d9377e8]
Event: 4.582 Thread 0x0000018b7f9a4000 1943       3       java.util.concurrent.locks.ReentrantLock$Sync::nonfairTryAcquire (67 bytes)
Event: 4.583 Thread 0x0000018b7f9a4000 nmethod 1943 0x0000018b6d937910 code [0x0000018b6d937b60, 0x0000018b6d938488]
Event: 4.588 Thread 0x0000018b7f820800 1944   !   4       java.lang.ClassLoader::loadClass (122 bytes)
Event: 4.622 Thread 0x0000018b7f9a4000 1946       3       jdk.internal.org.objectweb.asm.Type::getArgumentsAndReturnSizes (151 bytes)
Event: 4.624 Thread 0x0000018b7f9a4000 nmethod 1946 0x0000018b6d938790 code [0x0000018b6d938b00, 0x0000018b6d93a378]

GC Heap History (12 events):
Event: 1.009 GC heap before
{Heap before GC invocations=0 (full 0):
 garbage-first heap   total 129024K, used 19456K [0x0000000080000000, 0x0000000100000000)
  region size 1024K, 14 young (14336K), 0 survivors (0K)
 Metaspace       used 6731K, capacity 6925K, committed 7168K, reserved 1056768K
  class space    used 582K, capacity 650K, committed 768K, reserved 1048576K
}
Event: 1.013 GC heap after
{Heap after GC invocations=1 (full 0):
 garbage-first heap   total 129024K, used 7997K [0x0000000080000000, 0x0000000100000000)
  region size 1024K, 2 young (2048K), 2 survivors (2048K)
 Metaspace       used 6731K, capacity 6925K, committed 7168K, reserved 1056768K
  class space    used 582K, capacity 650K, committed 768K, reserved 1048576K
}
Event: 1.404 GC heap before
{Heap before GC invocations=1 (full 0):
 garbage-first heap   total 129024K, used 15165K [0x0000000080000000, 0x0000000100000000)
  region size 1024K, 9 young (9216K), 2 survivors (2048K)
 Metaspace       used 9503K, capacity 9729K, committed 9856K, reserved 1058816K
  class space    used 962K, capacity 1036K, committed 1152K, reserved 1048576K
}
Event: 1.406 GC heap after
{Heap after GC invocations=2 (full 0):
 garbage-first heap   total 129024K, used 9111K [0x0000000080000000, 0x0000000100000000)
  region size 1024K, 1 young (1024K), 1 survivors (1024K)
 Metaspace       used 9503K, capacity 9729K, committed 9856K, reserved 1058816K
  class space    used 962K, capacity 1036K, committed 1152K, reserved 1048576K
}
Event: 2.040 GC heap before
{Heap before GC invocations=2 (full 0):
 garbage-first heap   total 129024K, used 33687K [0x0000000080000000, 0x0000000100000000)
  region size 1024K, 25 young (25600K), 1 survivors (1024K)
 Metaspace       used 10725K, capacity 11007K, committed 11264K, reserved 1058816K
  class space    used 1122K, capacity 1206K, committed 1280K, reserved 1048576K
}
Event: 2.042 GC heap after
{Heap after GC invocations=3 (full 0):
 garbage-first heap   total 129024K, used 9697K [0x0000000080000000, 0x0000000100000000)
  region size 1024K, 2 young (2048K), 2 survivors (2048K)
 Metaspace       used 10725K, capacity 11007K, committed 11264K, reserved 1058816K
  class space    used 1122K, capacity 1206K, committed 1280K, reserved 1048576K
}
Event: 3.061 GC heap before
{Heap before GC invocations=3 (full 0):
 garbage-first heap   total 129024K, used 46561K [0x0000000080000000, 0x0000000100000000)
  region size 1024K, 38 young (38912K), 2 survivors (2048K)
 Metaspace       used 14932K, capacity 15294K, committed 15488K, reserved 1062912K
  class space    used 1708K, capacity 1829K, committed 1920K, reserved 1048576K
}
Event: 3.067 GC heap after
{Heap after GC invocations=4 (full 0):
 garbage-first heap   total 129024K, used 14943K [0x0000000080000000, 0x0000000100000000)
  region size 1024K, 5 young (5120K), 5 survivors (5120K)
 Metaspace       used 14932K, capacity 15294K, committed 15488K, reserved 1062912K
  class space    used 1708K, capacity 1829K, committed 1920K, reserved 1048576K
}
Event: 4.467 GC heap before
{Heap before GC invocations=4 (full 0):
 garbage-first heap   total 129024K, used 51807K [0x0000000080000000, 0x0000000100000000)
  region size 1024K, 43 young (44032K), 5 survivors (5120K)
 Metaspace       used 20639K, capacity 21122K, committed 21248K, reserved 1067008K
  class space    used 2519K, capacity 2720K, committed 2816K, reserved 1048576K
}
Event: 4.479 GC heap after
{Heap after GC invocations=5 (full 0):
 garbage-first heap   total 129024K, used 16676K [0x0000000080000000, 0x0000000100000000)
  region size 1024K, 2 young (2048K), 2 survivors (2048K)
 Metaspace       used 20639K, capacity 21122K, committed 21248K, reserved 1067008K
  class space    used 2519K, capacity 2720K, committed 2816K, reserved 1048576K
}
Event: 4.647 GC heap before
{Heap before GC invocations=6 (full 0):
 garbage-first heap   total 129024K, used 22820K [0x0000000080000000, 0x0000000100000000)
  region size 1024K, 9 young (9216K), 2 survivors (2048K)
 Metaspace       used 21452K, capacity 22008K, committed 22144K, reserved 1075200K
  class space    used 2679K, capacity 2868K, committed 2944K, reserved 1048576K
}
Event: 4.654 GC heap after
{Heap after GC invocations=7 (full 0):
 garbage-first heap   total 129024K, used 16809K [0x0000000080000000, 0x0000000100000000)
  region size 1024K, 2 young (2048K), 2 survivors (2048K)
 Metaspace       used 21452K, capacity 22008K, committed 22144K, reserved 1075200K
  class space    used 2679K, capacity 2868K, committed 2944K, reserved 1048576K
}

Deoptimization events (20 events):
Event: 4.562 Thread 0x0000018b45c2a000 Uncommon trap: trap_request=0xffffff4d fr.pc=0x0000018b74b2f2d8 relative=0x0000000000000398
Event: 4.562 Thread 0x0000018b45c2a000 Uncommon trap: reason=unstable_if action=reinterpret pc=0x0000018b74b2f2d8 method=jdk.internal.org.objectweb.asm.Type.getArgumentsAndReturnSizes(Ljava/lang/String;)I @ 88 c2
Event: 4.562 Thread 0x0000018b45c2a000 DEOPT PACKING pc=0x0000018b74b2f2d8 sp=0x00000001020fabe0
Event: 4.562 Thread 0x0000018b45c2a000 DEOPT UNPACKING pc=0x0000018b6cfc7aaf sp=0x00000001020fab68 mode 2
Event: 4.574 Thread 0x0000018b45c2a000 Uncommon trap: trap_request=0xffffffcc fr.pc=0x0000018b74b3aa80 relative=0x00000000000002c0
Event: 4.574 Thread 0x0000018b45c2a000 Uncommon trap: reason=intrinsic_or_type_checked_inlining action=make_not_entrant pc=0x0000018b74b3aa80 method=java.util.Arrays.copyOf([Ljava/lang/Object;ILjava/lang/Class;)[Ljava/lang/Object; @ 35 c2
Event: 4.574 Thread 0x0000018b45c2a000 DEOPT PACKING pc=0x0000018b74b3aa80 sp=0x00000001020fcd10
Event: 4.574 Thread 0x0000018b45c2a000 DEOPT UNPACKING pc=0x0000018b6cfc7aaf sp=0x00000001020fcca0 mode 2
Event: 4.574 Thread 0x0000018b45c2a000 Uncommon trap: trap_request=0xffffff4d fr.pc=0x0000018b74a97b38 relative=0x0000000000000178
Event: 4.574 Thread 0x0000018b45c2a000 Uncommon trap: reason=unstable_if action=reinterpret pc=0x0000018b74a97b38 method=java.util.HashMap.getNode(ILjava/lang/Object;)Ljava/util/HashMap$Node; @ 129 c2
Event: 4.574 Thread 0x0000018b45c2a000 DEOPT PACKING pc=0x0000018b74a97b38 sp=0x00000001020fc600
Event: 4.574 Thread 0x0000018b45c2a000 DEOPT UNPACKING pc=0x0000018b6cfc7aaf sp=0x00000001020fc500 mode 2
Event: 4.574 Thread 0x0000018b45c2a000 Uncommon trap: trap_request=0xffffff4d fr.pc=0x0000018b74a92eac relative=0x00000000000001ec
Event: 4.574 Thread 0x0000018b45c2a000 Uncommon trap: reason=unstable_if action=reinterpret pc=0x0000018b74a92eac method=java.util.HashMap.getNode(ILjava/lang/Object;)Ljava/util/HashMap$Node; @ 129 c2
Event: 4.574 Thread 0x0000018b45c2a000 DEOPT PACKING pc=0x0000018b74a92eac sp=0x00000001020fc560
Event: 4.574 Thread 0x0000018b45c2a000 DEOPT UNPACKING pc=0x0000018b6cfc7aaf sp=0x00000001020fc4e8 mode 2
Event: 4.582 Thread 0x0000018b45c2a000 Uncommon trap: trap_request=0xffffff4d fr.pc=0x0000018b74ac91c4 relative=0x0000000000000ba4
Event: 4.583 Thread 0x0000018b45c2a000 Uncommon trap: reason=unstable_if action=reinterpret pc=0x0000018b74ac91c4 method=java.util.Properties$LineReader.readLine()I @ 249 c2
Event: 4.583 Thread 0x0000018b45c2a000 DEOPT PACKING pc=0x0000018b74ac91c4 sp=0x00000001020fc560
Event: 4.583 Thread 0x0000018b45c2a000 DEOPT UNPACKING pc=0x0000018b6cfc7aaf sp=0x00000001020fc500 mode 2

Classes redefined (0 events):
No events

Internal exceptions (20 events):
Event: 3.671 Thread 0x0000018b467e3800 Exception <a 'java/lang/NoSuchMethodError'{0x0000000087935188}: <clinit>> (0x0000000087935188) thrown at [./src/hotspot/share/prims/jni.cpp, line 1362]
Event: 3.686 Thread 0x0000018b467e3800 Exception <a 'java/lang/NoSuchMethodError'{0x00000000879ccdf0}: <clinit>> (0x00000000879ccdf0) thrown at [./src/hotspot/share/prims/jni.cpp, line 1362]
Event: 3.700 Thread 0x0000018b467e3800 Exception <a 'java/lang/NoSuchMethodError'{0x0000000087808fc8}: <clinit>> (0x0000000087808fc8) thrown at [./src/hotspot/share/prims/jni.cpp, line 1362]
Event: 3.709 Thread 0x0000018b467e3800 Exception <a 'java/lang/NoSuchMethodError'{0x000000008783ba28}: <clinit>> (0x000000008783ba28) thrown at [./src/hotspot/share/prims/jni.cpp, line 1362]
Event: 3.809 Thread 0x0000018b45c2a000 Exception <a 'java/lang/NoSuchMethodError'{0x000000008758dd10}: 'void java.lang.invoke.DirectMethodHandle$Holder.invokeVirtual(java.lang.Object, java.lang.Object, java.lang.Object, java.lang.Object)'> (0x000000008758dd10) thrown at [./src/hotspot/share/interpreter/linkResolver.cpp, line 773]
Event: 3.811 Thread 0x0000018b45c2a000 Exception <a 'java/lang/NoSuchMethodError'{0x000000008759a778}: 'void java.lang.invoke.DelegatingMethodHandle$Holder.reinvoke_L(java.lang.Object, java.lang.Object, java.lang.Object, java.lang.Object)'> (0x000000008759a778) thrown at [./src/hotspot/share/interpreter/linkResolver.cpp, line 773]
Event: 3.819 Thread 0x0000018b45c2a000 Exception <a 'java/lang/NoSuchMethodError'{0x00000000875cb248}: 'long java.lang.invoke.DirectMethodHandle$Holder.invokeInterface(java.lang.Object, java.lang.Object)'> (0x00000000875cb248) thrown at [./src/hotspot/share/interpreter/linkResolver.cpp, line 773]
Event: 3.827 Thread 0x0000018b45c2a000 Exception <a 'java/lang/NoSuchMethodError'{0x00000000875edf10}: 'void java.lang.invoke.DelegatingMethodHandle$Holder.reinvoke_L(java.lang.Object, java.lang.Object, java.lang.Object, java.lang.Object, java.lang.Object, java.lang.Object, java.lang.Object)'> (0x00000000875edf10) thrown at [./src/hotspot/share/interpreter/linkResolver.cpp, line 773]
Event: 4.141 Thread 0x0000018b45c2a000 Exception <a 'java/lang/NoSuchMethodError'{0x0000000086407660}: 'java.lang.Object java.lang.invoke.DirectMethodHandle$Holder.invokeVirtual(java.lang.Object, java.lang.Object, java.lang.Object)'> (0x0000000086407660) thrown at [./src/hotspot/share/interpreter/linkResolver.cpp, line 773]
Event: 4.221 Thread 0x0000018b45c2a000 Exception <a 'java/lang/NoSuchMethodError'{0x00000000861abfe8}: 'void java.lang.invoke.DirectMethodHandle$Holder.invokeInterface(java.lang.Object, java.lang.Object)'> (0x00000000861abfe8) thrown at [./src/hotspot/share/interpreter/linkResolver.cpp, line 773]
Event: 4.221 Thread 0x0000018b45c2a000 Exception <a 'java/lang/IncompatibleClassChangeError'{0x00000000861af198}: Found class java.lang.Object, but interface was expected> (0x00000000861af198) thrown at [./src/hotspot/share/interpreter/linkResolver.cpp, line 839]
Event: 4.250 Thread 0x0000018b45c2a000 Exception <a 'java/lang/NoSuchMethodError'{0x0000000085f24120}: 'void java.lang.invoke.DirectMethodHandle$Holder.invokeStaticInit(java.lang.Object)'> (0x0000000085f24120) thrown at [./src/hotspot/share/interpreter/linkResolver.cpp, line 773]
Event: 4.329 Thread 0x0000018b45c2a000 Exception <a 'java/lang/NoSuchMethodError'{0x0000000085d8f3a0}: 'java.lang.Object java.lang.invoke.DirectMethodHandle$Holder.invokeStatic(java.lang.Object, java.lang.Object, java.lang.Object, int)'> (0x0000000085d8f3a0) thrown at [./src/hotspot/share/interpreter/linkResolver.cpp, line 773]
Event: 4.330 Thread 0x0000018b45c2a000 Exception <a 'java/lang/NoSuchMethodError'{0x0000000085d93568}: 'java.lang.Object java.lang.invoke.DirectMethodHandle$Holder.invokeSpecial(java.lang.Object, java.lang.Object, java.lang.Object, java.lang.Object, int)'> (0x0000000085d93568) thrown at [./src/hotspot/share/interpreter/linkResolver.cpp, line 773]
Event: 4.331 Thread 0x0000018b45c2a000 Exception <a 'java/lang/NoSuchMethodError'{0x0000000085d96f50}: 'java.lang.Object java.lang.invoke.Invokers$Holder.linkToTargetMethod(java.lang.Object, java.lang.Object, int, java.lang.Object)'> (0x0000000085d96f50) thrown at [./src/hotspot/share/interpreter/linkResolver.cpp, line 773]
Event: 4.495 Thread 0x0000018b45c2a000 Exception <a 'java/lang/NoSuchMethodError'{0x0000000087d1a770}: 'int java.lang.invoke.DirectMethodHandle$Holder.invokeSpecialIFC(java.lang.Object, java.lang.Object, java.lang.Object, java.lang.Object)'> (0x0000000087d1a770) thrown at [./src/hotspot/share/interpreter/linkResolver.cpp, line 773]
Event: 4.505 Thread 0x0000018b45c2a000 Exception <a 'java/lang/NoSuchMethodError'{0x0000000087d28530}: 'java.lang.Object java.lang.invoke.DirectMethodHandle$Holder.invokeInterface(java.lang.Object, java.lang.Object, java.lang.Object)'> (0x0000000087d28530) thrown at [./src/hotspot/share/interpreter/linkResolver.cpp, line 773]
Event: 4.507 Thread 0x0000018b45c2a000 Exception <a 'java/lang/IncompatibleClassChangeError'{0x0000000087d2ba08}: Found class java.lang.Object, but interface was expected> (0x0000000087d2ba08) thrown at [./src/hotspot/share/interpreter/linkResolver.cpp, line 839]
Event: 4.517 Thread 0x0000018b45c2a000 Exception <a 'java/lang/NoSuchMethodError'{0x0000000087c36aa0}: 'void java.lang.invoke.DirectMethodHandle$Holder.invokeStatic(java.lang.Object, java.lang.Object, java.lang.Object, java.lang.Object, java.lang.Object)'> (0x0000000087c36aa0) thrown at [./src/hotspot/share/interpreter/linkResolver.cpp, line 773]
Event: 4.618 Thread 0x0000018b45c2a000 Exception <a 'java/lang/NoSuchMethodError'{0x00000000878df158}: 'void java.lang.invoke.DirectMethodHandle$Holder.invokeSpecial(java.lang.Object, java.lang.Object)'> (0x00000000878df158) thrown at [./src/hotspot/share/interpreter/linkResolver.cpp, line 773]

Events (20 events):
Event: 4.642 loading class org/gradle/tooling/provider/model/internal/ToolingModelBuilderLookup
Event: 4.642 loading class org/gradle/tooling/provider/model/internal/ToolingModelBuilderLookup done
Event: 4.642 loading class org/gradle/api/internal/properties/GradleProperties
Event: 4.642 loading class org/gradle/api/internal/properties/GradleProperties done
Event: 4.642 loading class org/gradle/initialization/buildsrc/BuildSourceBuilder
Event: 4.642 loading class org/gradle/initialization/buildsrc/BuildSourceBuilder done
Event: 4.642 loading class org/gradle/internal/service/scopes/ServiceRegistryFactory
Event: 4.642 loading class org/gradle/internal/service/scopes/ServiceRegistryFactory done
Event: 4.644 loading class org/gradle/initialization/InitScriptHandler
Event: 4.644 loading class org/gradle/initialization/InitScriptHandler done
Event: 4.644 loading class org/gradle/api/internal/resources/ApiTextResourceAdapter$Factory
Event: 4.644 loading class org/gradle/api/internal/resources/ApiTextResourceAdapter$Factory done
Event: 4.645 loading class org/gradle/api/internal/resources/DefaultResourceHandler$Factory
Event: 4.645 loading class org/gradle/api/internal/resources/DefaultResourceHandler$Factory done
Event: 4.645 loading class org/gradle/api/internal/tasks/TaskStatistics
Event: 4.645 loading class org/gradle/api/internal/tasks/TaskStatistics done
Event: 4.646 loading class org/gradle/api/internal/project/DefaultProjectRegistry
Event: 4.646 loading class org/gradle/api/internal/project/DefaultProjectRegistry done
Event: 4.647 Executing VM operation: CollectForMetadataAllocation
Event: 4.654 Executing VM operation: CollectForMetadataAllocation done


Dynamic libraries:
0x00007ff641850000 - 0x00007ff64185a000 	C:\Program Files\Android\Android Studio\jre\bin\java.exe
0x00007ffdb1eb0000 - 0x00007ffdb20a5000 	C:\Windows\SYSTEM32\ntdll.dll
0x00007ffdb0760000 - 0x00007ffdb081e000 	C:\Windows\System32\KERNEL32.DLL
0x00007ffdaf640000 - 0x00007ffdaf908000 	C:\Windows\System32\KERNELBASE.dll
0x00007ffd794e0000 - 0x00007ffd794f9000 	C:\Program Files\Android\Android Studio\jre\bin\jli.dll
0x00007ffdafaa0000 - 0x00007ffdafba0000 	C:\Windows\System32\ucrtbase.dll
0x00007ffdb0b10000 - 0x00007ffdb0cb0000 	C:\Windows\System32\USER32.dll
0x00007ffdaf610000 - 0x00007ffdaf632000 	C:\Windows\System32\win32u.dll
0x00007ffdb0e20000 - 0x00007ffdb0e4b000 	C:\Windows\System32\GDI32.dll
0x00007ffdafc50000 - 0x00007ffdafd5d000 	C:\Windows\System32\gdi32full.dll
0x00007ffdafd60000 - 0x00007ffdafdfd000 	C:\Windows\System32\msvcp_win.dll
0x00007ffd9c980000 - 0x00007ffd9cc1a000 	C:\Windows\WinSxS\amd64_microsoft.windows.common-controls_6595b64144ccf1df_6.0.19041.1110_none_60b5254171f9507e\COMCTL32.dll
0x00007ffdb0650000 - 0x00007ffdb06ee000 	C:\Windows\System32\msvcrt.dll
0x00007ffd792f0000 - 0x00007ffd79307000 	C:\Program Files\Android\Android Studio\jre\bin\VCRUNTIME140.dll
0x00007ffdb0d20000 - 0x00007ffdb0d50000 	C:\Windows\System32\IMM32.DLL
0x00007ffd6bc70000 - 0x00007ffd6bd0d000 	C:\Program Files\Android\Android Studio\jre\bin\msvcp140.dll
0x00007ffd636d0000 - 0x00007ffd6419f000 	C:\Program Files\Android\Android Studio\jre\bin\server\jvm.dll
0x00007ffdb0820000 - 0x00007ffdb08ce000 	C:\Windows\System32\ADVAPI32.dll
0x00007ffdb1260000 - 0x00007ffdb12fc000 	C:\Windows\System32\sechost.dll
0x00007ffdb0f10000 - 0x00007ffdb1035000 	C:\Windows\System32\RPCRT4.dll
0x00007ffdb0750000 - 0x00007ffdb0758000 	C:\Windows\System32\PSAPI.DLL
0x00007ffd9a6c0000 - 0x00007ffd9a6c9000 	C:\Windows\SYSTEM32\WSOCK32.dll
0x00007ffdb11f0000 - 0x00007ffdb125b000 	C:\Windows\System32\WS2_32.dll
0x00007ffd99180000 - 0x00007ffd991a7000 	C:\Windows\SYSTEM32\WINMM.dll
0x00007ffda9f70000 - 0x00007ffda9f7a000 	C:\Windows\SYSTEM32\VERSION.dll
0x00007ffdad4b0000 - 0x00007ffdad4c2000 	C:\Windows\SYSTEM32\kernel.appcore.dll
0x00007ffd9ff90000 - 0x00007ffd9ffa1000 	C:\Program Files\Android\Android Studio\jre\bin\verify.dll
0x00007ffda0950000 - 0x00007ffda0b34000 	C:\Windows\SYSTEM32\DBGHELP.DLL
0x00007ffd99090000 - 0x00007ffd990bc000 	C:\Windows\SYSTEM32\dbgcore.DLL
0x00007ffdafe70000 - 0x00007ffdafef2000 	C:\Windows\System32\bcryptPrimitives.dll
0x00007ffd76540000 - 0x00007ffd76569000 	C:\Program Files\Android\Android Studio\jre\bin\java.dll
0x00007ffdab4d0000 - 0x00007ffdab4db000 	C:\Program Files\Android\Android Studio\jre\bin\jimage.dll
0x00007ffd9fdb0000 - 0x00007ffd9fdc8000 	C:\Program Files\Android\Android Studio\jre\bin\zip.dll
0x00007ffdaff00000 - 0x00007ffdb0644000 	C:\Windows\System32\SHELL32.dll
0x00007ffdad6b0000 - 0x00007ffdade44000 	C:\Windows\SYSTEM32\windows.storage.dll
0x00007ffdb1300000 - 0x00007ffdb1655000 	C:\Windows\System32\combase.dll
0x00007ffdaef40000 - 0x00007ffdaef6e000 	C:\Windows\SYSTEM32\Wldp.dll
0x00007ffdb0a60000 - 0x00007ffdb0b0d000 	C:\Windows\System32\SHCORE.dll
0x00007ffdb0cb0000 - 0x00007ffdb0d05000 	C:\Windows\System32\shlwapi.dll
0x00007ffdaf500000 - 0x00007ffdaf51f000 	C:\Windows\SYSTEM32\profapi.dll
0x00007ffd9df80000 - 0x00007ffd9df9a000 	C:\Program Files\Android\Android Studio\jre\bin\net.dll
0x00007ffda18e0000 - 0x00007ffda19ec000 	C:\Windows\SYSTEM32\WINHTTP.dll
0x00007ffdaeca0000 - 0x00007ffdaed0a000 	C:\Windows\system32\mswsock.dll
0x00007ffd7b930000 - 0x00007ffd7b944000 	C:\Program Files\Android\Android Studio\jre\bin\nio.dll
0x00007ffd73af0000 - 0x00007ffd73b17000 	C:\Users\DELL\.gradle\native\8bec1ad78214c89d9ad589b4d07fe93259594b29d510b10fafb7a158f7737e5d\windows-amd64\native-platform.dll
0x00007ffd61c90000 - 0x00007ffd61dcd000 	C:\Users\DELL\.gradle\native\53dbd7edfb1c66fb8903c78663c9afc45aea4f116125fa6feffd364cf09443e8\windows-amd64\native-platform-file-events.dll
0x00007ffda9dc0000 - 0x00007ffda9dca000 	C:\Program Files\Android\Android Studio\jre\bin\management.dll
0x00007ffda8950000 - 0x00007ffda895c000 	C:\Program Files\Android\Android Studio\jre\bin\management_ext.dll
0x00007ffdaeea0000 - 0x00007ffdaeeb8000 	C:\Windows\SYSTEM32\CRYPTSP.dll
0x00007ffdae620000 - 0x00007ffdae654000 	C:\Windows\system32\rsaenh.dll
0x00007ffdaf910000 - 0x00007ffdaf937000 	C:\Windows\System32\bcrypt.dll
0x00007ffdaf4c0000 - 0x00007ffdaf4ee000 	C:\Windows\SYSTEM32\USERENV.dll
0x00007ffdaee90000 - 0x00007ffdaee9c000 	C:\Windows\SYSTEM32\CRYPTBASE.dll
0x00007ffdae990000 - 0x00007ffdae9cb000 	C:\Windows\SYSTEM32\IPHLPAPI.DLL
0x00007ffdb0f00000 - 0x00007ffdb0f08000 	C:\Windows\System32\NSI.dll
0x00007ffda1fa0000 - 0x00007ffda1fb7000 	C:\Windows\SYSTEM32\dhcpcsvc6.DLL
0x00007ffda2210000 - 0x00007ffda222d000 	C:\Windows\SYSTEM32\dhcpcsvc.DLL
0x00007ffdae9d0000 - 0x00007ffdaea9b000 	C:\Windows\SYSTEM32\DNSAPI.dll

dbghelp: loaded successfully - version: 4.0.5 - missing functions: none
symbol engine: initialized successfully - sym options: 0x614 - pdb path: .;C:\Program Files\Android\Android Studio\jre\bin;C:\Windows\SYSTEM32;C:\Windows\WinSxS\amd64_microsoft.windows.common-controls_6595b64144ccf1df_6.0.19041.1110_none_60b5254171f9507e;C:\Program Files\Android\Android Studio\jre\bin\server;C:\Users\DELL\.gradle\native\8bec1ad78214c89d9ad589b4d07fe93259594b29d510b10fafb7a158f7737e5d\windows-amd64;C:\Users\DELL\.gradle\native\53dbd7edfb1c66fb8903c78663c9afc45aea4f116125fa6feffd364cf09443e8\windows-amd64

VM Arguments:
jvm_args: --add-opens=java.base/java.util=ALL-UNNAMED --add-opens=java.base/java.lang=ALL-UNNAMED --add-opens=java.base/java.lang.invoke=ALL-UNNAMED --add-opens=java.base/java.util=ALL-UNNAMED --add-opens=java.prefs/java.util.prefs=ALL-UNNAMED --add-opens=java.prefs/java.util.prefs=ALL-UNNAMED --add-opens=java.base/java.nio.charset=ALL-UNNAMED --add-opens=java.base/java.net=ALL-UNNAMED --add-opens=java.base/java.util.concurrent.atomic=ALL-UNNAMED -Xmx2048m -Dfile.encoding=UTF-8 -Duser.country=US -Duser.language=en -Duser.variant 
java_command: org.gradle.launcher.daemon.bootstrap.GradleDaemon 7.0.2
java_class_path (initial): C:\Users\DELL\.gradle\wrapper\dists\gradle-7.0.2-bin\857tjihv64xamwrf0h14cai3r\gradle-7.0.2\lib\gradle-launcher-7.0.2.jar
Launcher Type: SUN_STANDARD

[Global flags]
     intx CICompilerCount                          = 3                                         {product} {ergonomic}
     uint ConcGCThreads                            = 1                                         {product} {ergonomic}
     uint G1ConcRefinementThreads                  = 4                                         {product} {ergonomic}
   size_t G1HeapRegionSize                         = 1048576                                   {product} {ergonomic}
    uintx GCDrainStackTargetSize                   = 64                                        {product} {ergonomic}
   size_t InitialHeapSize                          = 132120576                                 {product} {ergonomic}
   size_t MarkStackSize                            = 4194304                                   {product} {ergonomic}
   size_t MaxHeapSize                              = 2147483648                                {product} {command line}
   size_t MaxNewSize                               = 1287651328                                {product} {ergonomic}
   size_t MinHeapDeltaBytes                        = 1048576                                   {product} {ergonomic}
    uintx NonNMethodCodeHeapSize                   = 5830732                                {pd product} {ergonomic}
    uintx NonProfiledCodeHeapSize                  = 122913754                              {pd product} {ergonomic}
    uintx ProfiledCodeHeapSize                     = 122913754                              {pd product} {ergonomic}
    uintx ReservedCodeCacheSize                    = 251658240                              {pd product} {ergonomic}
     bool SegmentedCodeCache                       = true                                      {product} {ergonomic}
     bool UseCompressedClassPointers               = true                                 {lp64_product} {ergonomic}
     bool UseCompressedOops                        = true                                 {lp64_product} {ergonomic}
     bool UseG1GC                                  = true                                      {product} {ergonomic}
     bool UseLargePagesIndividualAllocation        = false                                  {pd product} {ergonomic}

Logging:
Log output configuration:
 #0: stdout all=warning uptime,level,tags
 #1: stderr all=off uptime,level,tags

Environment Variables:
JAVA_HOME=C:\Program Files\Java\jdk1.8.0_202
CLASSPATH=C:\Program Files\Java\jdk1.8.0_202\lib
PATH=C:\Program Files (x86)\Common Files\Oracle\Java\javapath;C:\Windows\system32;C:\Windows;C:\Windows\System32\Wbem;C:\Windows\System32\WindowsPowerShell\v1.0\;C:\Windows\System32\OpenSSH\;C:\Program Files (x86)\Intel\Intel(R) Management Engine Components\DAL;C:\Program Files\Intel\Intel(R) Management Engine Components\DAL;C:\Program Files\Microsoft SQL Server\Client SDK\ODBC\110\Tools\Binn\;C:\Program Files\Python39;C:\Program Files\Microsoft SQL Server\Client SDK\ODBC\170\Tools\Binn\;C:\Program Files (x86)\Microsoft SQL Server\150\Tools\Binn\;C:\Program Files\Microsoft SQL Server\150\Tools\Binn\;C:\Program Files\Microsoft SQL Server\150\DTS\Binn\;C:\Program Files\Azure Data Studio\bin;C:\Program Files (x86)\mingw-w64\i686-8.1.0-posix-dwarf-rt_v6-rev0\mingw32\bin;C:\Program Files (x86)\Microsoft SQL Server\150\DTS\Binn\;C:\MongoDB\Server\5.0\bin\bin;C:\Program Files\Microsoft SQL Server\120\Tools\Binn\;C:\Program Files\MySQL\MySQL Shell 8.0\bin\;C:\Program Files\Java\jdk1.8.0_202\bin;C:\Users\DELL\AppData\Local\Programs\Microsoft VS Code\bin
USERNAME=linko
OS=Windows_NT
PROCESSOR_IDENTIFIER=Intel64 Family 6 Model 142 Stepping 9, GenuineIntel



---------------  S Y S T E M  ---------------

OS: Windows 10 , 64 bit Build 19041 (10.0.19041.1503)
OS uptime: 12 days 9:17 hours

CPU:total 4 (initial active 4) (2 cores per cpu, 2 threads per core) family 6 model 142 stepping 9 microcode 0xb4, cmov, cx8, fxsr, mmx, sse, sse2, sse3, ssse3, sse4.1, sse4.2, popcnt, avx, avx2, aes, clmul, erms, 3dnowpref, lzcnt, ht, tsc, tscinvbit, bmi1, bmi2, adx, fma

Memory: 4k page, system-wide physical 8061M (582M free)
TotalPageFile size 32637M (AvailPageFile size 0M)
current process WorkingSet (physical memory assigned to process): 166M, peak: 166M
current process commit charge ("private bytes"): 262M, peak: 263M

vm_info: OpenJDK 64-Bit Server VM (11.0.10+0-b96-7249189) for windows-amd64 JRE (11.0.10+0-b96-7249189), built on Mar 31 2021 21:44:00 by "builder" with MS VC++ 14.0 (VS2015)

END.
