#
# There is insufficient memory for the Java Runtime Environment to continue.
# Native memory allocation (malloc) failed to allocate 685696 bytes for Chunk::new
# Possible reasons:
#   The system is out of physical RAM or swap space
#   The process is running with CompressedOops enabled, and the Java Heap may be blocking the growth of the native heap
# Possible solutions:
#   Reduce memory load on the system
#   Increase physical memory or swap space
#   Check if swap backing store is full
#   Decrease Java heap size (-Xmx/-Xms)
#   Decrease number of Java threads
#   Decrease Java thread stack sizes (-Xss)
#   Set larger code cache with -XX:ReservedCodeCacheSize=
#   JVM is running with Unscaled Compressed Oops mode in which the Java heap is
#     placed in the first 4GB address space. The Java Heap base address is the
#     maximum limit for the native heap growth. Please use -XX:HeapBaseMinAddress
#     to set the Java Heap base and to place the Java Heap above 4GB virtual address.
# This output file may be truncated or incomplete.
#
#  Out of Memory Error (./src/hotspot/share/memory/arena.cpp:197), pid=3356, tid=18228
#
# JRE version: OpenJDK Runtime Environment (11.0.10) (build 11.0.10+0-b96-7249189)
# Java VM: OpenJDK 64-Bit Server VM (11.0.10+0-b96-7249189, mixed mode, tiered, compressed oops, g1 gc, windows-amd64)
# No core dump will be written. Minidumps are not enabled by default on client versions of Windows
#

---------------  S U M M A R Y ------------

Command Line: --add-opens=java.base/java.util=ALL-UNNAMED --add-opens=java.base/java.lang=ALL-UNNAMED --add-opens=java.base/java.lang.invoke=ALL-UNNAMED --add-opens=java.base/java.util=ALL-UNNAMED --add-opens=java.prefs/java.util.prefs=ALL-UNNAMED --add-opens=java.prefs/java.util.prefs=ALL-UNNAMED --add-opens=java.base/java.nio.charset=ALL-UNNAMED --add-opens=java.base/java.net=ALL-UNNAMED --add-opens=java.base/java.util.concurrent.atomic=ALL-UNNAMED -Xmx2048m -Dfile.encoding=UTF-8 -Duser.country=US -Duser.language=en -Duser.variant org.gradle.launcher.daemon.bootstrap.GradleDaemon 7.0.2

Host: Intel(R) Core(TM) i5-7200U CPU @ 2.50GHz, 4 cores, 7G,  Windows 10 , 64 bit Build 19041 (10.0.19041.1503)
Time: Tue Mar  1 18:17:26 2022 SE Asia Standard Time elapsed time: 7.193573 seconds (0d 0h 0m 7s)

---------------  T H R E A D  ---------------

Current thread (0x000001bd7e9f1000):  JavaThread "C2 CompilerThread0" daemon [_thread_in_native, id=18228, stack(0x00000072d9000000,0x00000072d9100000)]


Current CompileTask:
C2:   7193 1948   !   4       java.lang.ClassLoader::loadClass (122 bytes)

Stack: [0x00000072d9000000,0x00000072d9100000]
Native frames: (J=compiled Java code, j=interpreted, Vv=VM code, C=native code)
V  [jvm.dll+0x5ecfaa]
V  [jvm.dll+0x722bd5]
V  [jvm.dll+0x72412d]
V  [jvm.dll+0x7247e3]
V  [jvm.dll+0x242928]
V  [jvm.dll+0xbc4fc]
V  [jvm.dll+0xbca0c]
V  [jvm.dll+0x2b4fd4]
V  [jvm.dll+0x506028]
V  [jvm.dll+0x203253]
V  [jvm.dll+0x1fd07c]
V  [jvm.dll+0x1fa77f]
V  [jvm.dll+0x18354c]
V  [jvm.dll+0x208ee7]
V  [jvm.dll+0x207731]
V  [jvm.dll+0x6eb1cf]
V  [jvm.dll+0x6e3d45]
V  [jvm.dll+0x5ebe96]
C  [ucrtbase.dll+0x21bb2]
C  [KERNEL32.DLL+0x17034]
C  [ntdll.dll+0x52651]


---------------  P R O C E S S  ---------------

Threads class SMR info:
_java_thread_list=0x000001bd032e8930, length=23, elements={
0x000001bd66dff800, 0x000001bd7e9cc000, 0x000001bd7e9da000, 0x000001bd7e9ea800,
0x000001bd7e9eb800, 0x000001bd7e9ee000, 0x000001bd7e9f1000, 0x000001bd7e9f2800,
0x000001bd7e9fb800, 0x000001bd7f4a7800, 0x000001bd02503000, 0x000001bd035ec000,
0x000001bd7f574000, 0x000001bd038f0000, 0x000001bd02e25800, 0x000001bd02767000,
0x000001bd02dd6000, 0x000001bd034de800, 0x000001bd03450800, 0x000001bd02d48000,
0x000001bd02d49000, 0x000001bd02d49800, 0x000001bd02d4d000
}

Java Threads: ( => current thread )
  0x000001bd66dff800 JavaThread "main" [_thread_blocked, id=17124, stack(0x00000072d8400000,0x00000072d8500000)]
  0x000001bd7e9cc000 JavaThread "Reference Handler" daemon [_thread_blocked, id=18220, stack(0x00000072d8b00000,0x00000072d8c00000)]
  0x000001bd7e9da000 JavaThread "Finalizer" daemon [_thread_blocked, id=11552, stack(0x00000072d8c00000,0x00000072d8d00000)]
  0x000001bd7e9ea800 JavaThread "Signal Dispatcher" daemon [_thread_blocked, id=17180, stack(0x00000072d8d00000,0x00000072d8e00000)]
  0x000001bd7e9eb800 JavaThread "Attach Listener" daemon [_thread_blocked, id=13260, stack(0x00000072d8e00000,0x00000072d8f00000)]
  0x000001bd7e9ee000 JavaThread "Service Thread" daemon [_thread_blocked, id=1148, stack(0x00000072d8f00000,0x00000072d9000000)]
=>0x000001bd7e9f1000 JavaThread "C2 CompilerThread0" daemon [_thread_in_native, id=18228, stack(0x00000072d9000000,0x00000072d9100000)]
  0x000001bd7e9f2800 JavaThread "C1 CompilerThread0" daemon [_thread_blocked, id=17704, stack(0x00000072d9100000,0x00000072d9200000)]
  0x000001bd7e9fb800 JavaThread "Sweeper thread" daemon [_thread_blocked, id=11864, stack(0x00000072d9200000,0x00000072d9300000)]
  0x000001bd7f4a7800 JavaThread "Common-Cleaner" daemon [_thread_blocked, id=3280, stack(0x00000072d9300000,0x00000072d9400000)]
  0x000001bd02503000 JavaThread "Daemon health stats" [_thread_blocked, id=1900, stack(0x00000072d9800000,0x00000072d9900000)]
  0x000001bd035ec000 JavaThread "Incoming local TCP Connector on port 65061" [_thread_in_native, id=14632, stack(0x00000072d9500000,0x00000072d9600000)]
  0x000001bd7f574000 JavaThread "Daemon periodic checks" [_thread_blocked, id=588, stack(0x00000072d9900000,0x00000072d9a00000)]
  0x000001bd038f0000 JavaThread "Daemon" [_thread_blocked, id=13592, stack(0x00000072d9a00000,0x00000072d9b00000)]
  0x000001bd02e25800 JavaThread "Handler for socket connection from /127.0.0.1:65061 to /127.0.0.1:65062" [_thread_in_native, id=11968, stack(0x00000072d9b00000,0x00000072d9c00000)]
  0x000001bd02767000 JavaThread "Cancel handler" [_thread_blocked, id=11132, stack(0x00000072d9c00000,0x00000072d9d00000)]
  0x000001bd02dd6000 JavaThread "Daemon worker" [_thread_in_vm, id=14144, stack(0x00000072d9d00000,0x00000072d9e00000)]
  0x000001bd034de800 JavaThread "Asynchronous log dispatcher for DefaultDaemonConnection: socket connection from /127.0.0.1:65061 to /127.0.0.1:65062" [_thread_blocked, id=16648, stack(0x00000072d9e00000,0x00000072d9f00000)]
  0x000001bd03450800 JavaThread "Stdin handler" [_thread_blocked, id=10756, stack(0x00000072d9f00000,0x00000072da000000)]
  0x000001bd02d48000 JavaThread "Daemon client event forwarder" [_thread_blocked, id=8840, stack(0x00000072da000000,0x00000072da100000)]
  0x000001bd02d49000 JavaThread "Cache worker for file hash cache (C:\Users\DELL\.gradle\caches\7.0.2\fileHashes)" [_thread_blocked, id=9936, stack(0x00000072da100000,0x00000072da200000)]
  0x000001bd02d49800 JavaThread "File lock request listener" [_thread_in_native, id=1296, stack(0x00000072da200000,0x00000072da300000)]
  0x000001bd02d4d000 JavaThread "Cache worker for journal cache (C:\Users\DELL\.gradle\caches\journal-1)" [_thread_blocked, id=8392, stack(0x00000072da400000,0x00000072da500000)]

Other Threads:
  0x000001bd7e9c8000 VMThread "VM Thread" [stack: 0x00000072d8a00000,0x00000072d8b00000] [id=6740]
  0x000001bd7f4de000 WatcherThread [stack: 0x00000072d9400000,0x00000072d9500000] [id=14784]
  0x000001bd66e16800 GCTaskThread "GC Thread#0" [stack: 0x00000072d8500000,0x00000072d8600000] [id=3580]
  0x000001bd7fabf800 GCTaskThread "GC Thread#1" [stack: 0x00000072d9600000,0x00000072d9700000] [id=16100]
  0x000001bd7fdf5800 GCTaskThread "GC Thread#2" [stack: 0x00000072d9700000,0x00000072d9800000] [id=18008]
  0x000001bd039f4800 GCTaskThread "GC Thread#3" [stack: 0x00000072da300000,0x00000072da400000] [id=17656]
  0x000001bd66e48000 ConcurrentGCThread "G1 Main Marker" [stack: 0x00000072d8600000,0x00000072d8700000] [id=2100]
  0x000001bd66e49000 ConcurrentGCThread "G1 Conc#0" [stack: 0x00000072d8700000,0x00000072d8800000] [id=4444]
  0x000001bd66ed2800 ConcurrentGCThread "G1 Refine#0" [stack: 0x00000072d8800000,0x00000072d8900000] [id=9372]
  0x000001bd66ed5800 ConcurrentGCThread "G1 Young RemSet Sampling" [stack: 0x00000072d8900000,0x00000072d8a00000] [id=5436]

Threads with active compile tasks:
C2 CompilerThread0   7505 1948   !   4       java.lang.ClassLoader::loadClass (122 bytes)

VM state:not at safepoint (normal execution)

VM Mutex/Monitor currently owned by a thread: None

Heap address: 0x0000000080000000, size: 2048 MB, Compressed Oops mode: 32-bit
Narrow klass base: 0x0000000000000000, Narrow klass shift: 3
Compressed class space size: 1073741824 Address: 0x0000000100000000

Heap:
 garbage-first heap   total 129024K, used 23480K [0x0000000080000000, 0x0000000100000000)
  region size 1024K, 17 young (17408K), 9 survivors (9216K)
 Metaspace       used 21511K, capacity 22072K, committed 22400K, reserved 1069056K
  class space    used 2688K, capacity 2868K, committed 2944K, reserved 1048576K
Heap Regions: E=young(eden), S=young(survivor), O=old, HS=humongous(starts), HC=humongous(continues), CS=collection set, F=free, A=archive, TAMS=top-at-mark-start (previous, next)
|   0|0x0000000080000000, 0x0000000080100000, 0x0000000080100000|100%| O|  |TAMS 0x0000000080100000, 0x0000000080000000| Untracked 
|   1|0x0000000080100000, 0x00000000801afa00, 0x0000000080200000| 68%| O|  |TAMS 0x00000000801afa00, 0x0000000080100000| Untracked 
|   2|0x0000000080200000, 0x0000000080200000, 0x0000000080300000|  0%| F|  |TAMS 0x0000000080200000, 0x0000000080200000| Untracked 
|   3|0x0000000080300000, 0x0000000080400000, 0x0000000080400000|100%|HS|  |TAMS 0x0000000080400000, 0x0000000080300000| Complete 
|   4|0x0000000080400000, 0x0000000080500000, 0x0000000080500000|100%|HC|  |TAMS 0x0000000080500000, 0x0000000080400000| Complete 
|   5|0x0000000080500000, 0x0000000080600000, 0x0000000080600000|100%|HC|  |TAMS 0x0000000080600000, 0x0000000080500000| Complete 
|   6|0x0000000080600000, 0x0000000080700000, 0x0000000080700000|100%| O|  |TAMS 0x0000000080700000, 0x0000000080600000| Untracked 
|   7|0x0000000080700000, 0x0000000080800000, 0x0000000080800000|100%| O|  |TAMS 0x0000000080800000, 0x0000000080700000| Untracked 
|   8|0x0000000080800000, 0x0000000080900000, 0x0000000080900000|100%| O|  |TAMS 0x0000000080900000, 0x0000000080800000| Untracked 
|   9|0x0000000080900000, 0x0000000080900000, 0x0000000080a00000|  0%| F|  |TAMS 0x0000000080900000, 0x0000000080900000| Untracked 
|  10|0x0000000080a00000, 0x0000000080a00000, 0x0000000080b00000|  0%| F|  |TAMS 0x0000000080a00000, 0x0000000080a00000| Untracked 
|  11|0x0000000080b00000, 0x0000000080b00000, 0x0000000080c00000|  0%| F|  |TAMS 0x0000000080b00000, 0x0000000080b00000| Untracked 
|  12|0x0000000080c00000, 0x0000000080c00000, 0x0000000080d00000|  0%| F|  |TAMS 0x0000000080c00000, 0x0000000080c00000| Untracked 
|  13|0x0000000080d00000, 0x0000000080d00000, 0x0000000080e00000|  0%| F|  |TAMS 0x0000000080d00000, 0x0000000080d00000| Untracked 
|  14|0x0000000080e00000, 0x0000000080e00000, 0x0000000080f00000|  0%| F|  |TAMS 0x0000000080e00000, 0x0000000080e00000| Untracked 
|  15|0x0000000080f00000, 0x0000000080f00000, 0x0000000081000000|  0%| F|  |TAMS 0x0000000080f00000, 0x0000000080f00000| Untracked 
|  16|0x0000000081000000, 0x0000000081000000, 0x0000000081100000|  0%| F|  |TAMS 0x0000000081000000, 0x0000000081000000| Untracked 
|  17|0x0000000081100000, 0x0000000081100000, 0x0000000081200000|  0%| F|  |TAMS 0x0000000081100000, 0x0000000081100000| Untracked 
|  18|0x0000000081200000, 0x0000000081200000, 0x0000000081300000|  0%| F|  |TAMS 0x0000000081200000, 0x0000000081200000| Untracked 
|  19|0x0000000081300000, 0x0000000081300000, 0x0000000081400000|  0%| F|  |TAMS 0x0000000081300000, 0x0000000081300000| Untracked 
|  20|0x0000000081400000, 0x0000000081400000, 0x0000000081500000|  0%| F|  |TAMS 0x0000000081400000, 0x0000000081400000| Untracked 
|  21|0x0000000081500000, 0x0000000081500000, 0x0000000081600000|  0%| F|  |TAMS 0x0000000081500000, 0x0000000081500000| Untracked 
|  22|0x0000000081600000, 0x0000000081600000, 0x0000000081700000|  0%| F|  |TAMS 0x0000000081600000, 0x0000000081600000| Untracked 
|  23|0x0000000081700000, 0x0000000081700000, 0x0000000081800000|  0%| F|  |TAMS 0x0000000081700000, 0x0000000081700000| Untracked 
|  24|0x0000000081800000, 0x0000000081800000, 0x0000000081900000|  0%| F|  |TAMS 0x0000000081800000, 0x0000000081800000| Untracked 
|  25|0x0000000081900000, 0x0000000081900000, 0x0000000081a00000|  0%| F|  |TAMS 0x0000000081900000, 0x0000000081900000| Untracked 
|  26|0x0000000081a00000, 0x0000000081a00000, 0x0000000081b00000|  0%| F|  |TAMS 0x0000000081a00000, 0x0000000081a00000| Untracked 
|  27|0x0000000081b00000, 0x0000000081b00000, 0x0000000081c00000|  0%| F|  |TAMS 0x0000000081b00000, 0x0000000081b00000| Untracked 
|  28|0x0000000081c00000, 0x0000000081c00000, 0x0000000081d00000|  0%| F|  |TAMS 0x0000000081c00000, 0x0000000081c00000| Untracked 
|  29|0x0000000081d00000, 0x0000000081d00000, 0x0000000081e00000|  0%| F|  |TAMS 0x0000000081d00000, 0x0000000081d00000| Untracked 
|  30|0x0000000081e00000, 0x0000000081e00000, 0x0000000081f00000|  0%| F|  |TAMS 0x0000000081e00000, 0x0000000081e00000| Untracked 
|  31|0x0000000081f00000, 0x0000000081f00000, 0x0000000082000000|  0%| F|  |TAMS 0x0000000081f00000, 0x0000000081f00000| Untracked 
|  32|0x0000000082000000, 0x0000000082000000, 0x0000000082100000|  0%| F|  |TAMS 0x0000000082000000, 0x0000000082000000| Untracked 
|  33|0x0000000082100000, 0x0000000082100000, 0x0000000082200000|  0%| F|  |TAMS 0x0000000082100000, 0x0000000082100000| Untracked 
|  34|0x0000000082200000, 0x0000000082200000, 0x0000000082300000|  0%| F|  |TAMS 0x0000000082200000, 0x0000000082200000| Untracked 
|  35|0x0000000082300000, 0x0000000082300000, 0x0000000082400000|  0%| F|  |TAMS 0x0000000082300000, 0x0000000082300000| Untracked 
|  36|0x0000000082400000, 0x0000000082400000, 0x0000000082500000|  0%| F|  |TAMS 0x0000000082400000, 0x0000000082400000| Untracked 
|  37|0x0000000082500000, 0x0000000082500000, 0x0000000082600000|  0%| F|  |TAMS 0x0000000082500000, 0x0000000082500000| Untracked 
|  38|0x0000000082600000, 0x0000000082600000, 0x0000000082700000|  0%| F|  |TAMS 0x0000000082600000, 0x0000000082600000| Untracked 
|  39|0x0000000082700000, 0x0000000082700000, 0x0000000082800000|  0%| F|  |TAMS 0x0000000082700000, 0x0000000082700000| Untracked 
|  40|0x0000000082800000, 0x0000000082800000, 0x0000000082900000|  0%| F|  |TAMS 0x0000000082800000, 0x0000000082800000| Untracked 
|  41|0x0000000082900000, 0x0000000082900000, 0x0000000082a00000|  0%| F|  |TAMS 0x0000000082900000, 0x0000000082900000| Untracked 
|  42|0x0000000082a00000, 0x0000000082a00000, 0x0000000082b00000|  0%| F|  |TAMS 0x0000000082a00000, 0x0000000082a00000| Untracked 
|  43|0x0000000082b00000, 0x0000000082b00000, 0x0000000082c00000|  0%| F|  |TAMS 0x0000000082b00000, 0x0000000082b00000| Untracked 
|  44|0x0000000082c00000, 0x0000000082c00000, 0x0000000082d00000|  0%| F|  |TAMS 0x0000000082c00000, 0x0000000082c00000| Untracked 
|  45|0x0000000082d00000, 0x0000000082d00000, 0x0000000082e00000|  0%| F|  |TAMS 0x0000000082d00000, 0x0000000082d00000| Untracked 
|  46|0x0000000082e00000, 0x0000000082e00000, 0x0000000082f00000|  0%| F|  |TAMS 0x0000000082e00000, 0x0000000082e00000| Untracked 
|  47|0x0000000082f00000, 0x0000000082f00000, 0x0000000083000000|  0%| F|  |TAMS 0x0000000082f00000, 0x0000000082f00000| Untracked 
|  48|0x0000000083000000, 0x0000000083000000, 0x0000000083100000|  0%| F|  |TAMS 0x0000000083000000, 0x0000000083000000| Untracked 
|  49|0x0000000083100000, 0x000000008313e740, 0x0000000083200000| 24%| S|CS|TAMS 0x0000000083100000, 0x0000000083100000| Complete 
|  50|0x0000000083200000, 0x0000000083300000, 0x0000000083300000|100%| S|CS|TAMS 0x0000000083200000, 0x0000000083200000| Complete 
|  51|0x0000000083300000, 0x0000000083400000, 0x0000000083400000|100%| S|CS|TAMS 0x0000000083300000, 0x0000000083300000| Complete 
|  52|0x0000000083400000, 0x0000000083500000, 0x0000000083500000|100%| S|CS|TAMS 0x0000000083400000, 0x0000000083400000| Complete 
|  53|0x0000000083500000, 0x0000000083600000, 0x0000000083600000|100%| S|CS|TAMS 0x0000000083500000, 0x0000000083500000| Complete 
|  54|0x0000000083600000, 0x0000000083700000, 0x0000000083700000|100%| S|CS|TAMS 0x0000000083600000, 0x0000000083600000| Complete 
|  55|0x0000000083700000, 0x0000000083800000, 0x0000000083800000|100%| S|CS|TAMS 0x0000000083700000, 0x0000000083700000| Complete 
|  56|0x0000000083800000, 0x0000000083900000, 0x0000000083900000|100%| S|CS|TAMS 0x0000000083800000, 0x0000000083800000| Complete 
|  57|0x0000000083900000, 0x0000000083a00000, 0x0000000083a00000|100%| S|CS|TAMS 0x0000000083900000, 0x0000000083900000| Complete 
|  58|0x0000000083a00000, 0x0000000083a00000, 0x0000000083b00000|  0%| F|  |TAMS 0x0000000083a00000, 0x0000000083a00000| Untracked 
|  59|0x0000000083b00000, 0x0000000083b00000, 0x0000000083c00000|  0%| F|  |TAMS 0x0000000083b00000, 0x0000000083b00000| Untracked 
|  60|0x0000000083c00000, 0x0000000083c00000, 0x0000000083d00000|  0%| F|  |TAMS 0x0000000083c00000, 0x0000000083c00000| Untracked 
|  61|0x0000000083d00000, 0x0000000083d00000, 0x0000000083e00000|  0%| F|  |TAMS 0x0000000083d00000, 0x0000000083d00000| Untracked 
|  62|0x0000000083e00000, 0x0000000083e00000, 0x0000000083f00000|  0%| F|  |TAMS 0x0000000083e00000, 0x0000000083e00000| Untracked 
|  63|0x0000000083f00000, 0x0000000083f00000, 0x0000000084000000|  0%| F|  |TAMS 0x0000000083f00000, 0x0000000083f00000| Untracked 
|  64|0x0000000084000000, 0x0000000084000000, 0x0000000084100000|  0%| F|  |TAMS 0x0000000084000000, 0x0000000084000000| Untracked 
|  65|0x0000000084100000, 0x0000000084100000, 0x0000000084200000|  0%| F|  |TAMS 0x0000000084100000, 0x0000000084100000| Untracked 
|  66|0x0000000084200000, 0x0000000084200000, 0x0000000084300000|  0%| F|  |TAMS 0x0000000084200000, 0x0000000084200000| Untracked 
|  67|0x0000000084300000, 0x0000000084300000, 0x0000000084400000|  0%| F|  |TAMS 0x0000000084300000, 0x0000000084300000| Untracked 
|  68|0x0000000084400000, 0x0000000084400000, 0x0000000084500000|  0%| F|  |TAMS 0x0000000084400000, 0x0000000084400000| Untracked 
|  69|0x0000000084500000, 0x0000000084500000, 0x0000000084600000|  0%| F|  |TAMS 0x0000000084500000, 0x0000000084500000| Untracked 
|  70|0x0000000084600000, 0x0000000084600000, 0x0000000084700000|  0%| F|  |TAMS 0x0000000084600000, 0x0000000084600000| Untracked 
|  71|0x0000000084700000, 0x0000000084700000, 0x0000000084800000|  0%| F|  |TAMS 0x0000000084700000, 0x0000000084700000| Untracked 
|  72|0x0000000084800000, 0x0000000084800000, 0x0000000084900000|  0%| F|  |TAMS 0x0000000084800000, 0x0000000084800000| Untracked 
|  73|0x0000000084900000, 0x0000000084900000, 0x0000000084a00000|  0%| F|  |TAMS 0x0000000084900000, 0x0000000084900000| Untracked 
|  74|0x0000000084a00000, 0x0000000084a00000, 0x0000000084b00000|  0%| F|  |TAMS 0x0000000084a00000, 0x0000000084a00000| Untracked 
|  75|0x0000000084b00000, 0x0000000084b00000, 0x0000000084c00000|  0%| F|  |TAMS 0x0000000084b00000, 0x0000000084b00000| Untracked 
|  76|0x0000000084c00000, 0x0000000084c00000, 0x0000000084d00000|  0%| F|  |TAMS 0x0000000084c00000, 0x0000000084c00000| Untracked 
|  77|0x0000000084d00000, 0x0000000084d00000, 0x0000000084e00000|  0%| F|  |TAMS 0x0000000084d00000, 0x0000000084d00000| Untracked 
|  78|0x0000000084e00000, 0x0000000084e00000, 0x0000000084f00000|  0%| F|  |TAMS 0x0000000084e00000, 0x0000000084e00000| Untracked 
|  79|0x0000000084f00000, 0x0000000084f00000, 0x0000000085000000|  0%| F|  |TAMS 0x0000000084f00000, 0x0000000084f00000| Untracked 
|  80|0x0000000085000000, 0x0000000085000000, 0x0000000085100000|  0%| F|  |TAMS 0x0000000085000000, 0x0000000085000000| Untracked 
|  81|0x0000000085100000, 0x0000000085100000, 0x0000000085200000|  0%| F|  |TAMS 0x0000000085100000, 0x0000000085100000| Untracked 
|  82|0x0000000085200000, 0x0000000085200000, 0x0000000085300000|  0%| F|  |TAMS 0x0000000085200000, 0x0000000085200000| Untracked 
|  83|0x0000000085300000, 0x0000000085300000, 0x0000000085400000|  0%| F|  |TAMS 0x0000000085300000, 0x0000000085300000| Untracked 
|  84|0x0000000085400000, 0x0000000085400000, 0x0000000085500000|  0%| F|  |TAMS 0x0000000085400000, 0x0000000085400000| Untracked 
|  85|0x0000000085500000, 0x0000000085500000, 0x0000000085600000|  0%| F|  |TAMS 0x0000000085500000, 0x0000000085500000| Untracked 
|  86|0x0000000085600000, 0x0000000085600000, 0x0000000085700000|  0%| F|  |TAMS 0x0000000085600000, 0x0000000085600000| Untracked 
|  87|0x0000000085700000, 0x0000000085700000, 0x0000000085800000|  0%| F|  |TAMS 0x0000000085700000, 0x0000000085700000| Untracked 
|  88|0x0000000085800000, 0x0000000085800000, 0x0000000085900000|  0%| F|  |TAMS 0x0000000085800000, 0x0000000085800000| Untracked 
|  89|0x0000000085900000, 0x0000000085900000, 0x0000000085a00000|  0%| F|  |TAMS 0x0000000085900000, 0x0000000085900000| Untracked 
|  90|0x0000000085a00000, 0x0000000085a00000, 0x0000000085b00000|  0%| F|  |TAMS 0x0000000085a00000, 0x0000000085a00000| Untracked 
|  91|0x0000000085b00000, 0x0000000085b00000, 0x0000000085c00000|  0%| F|  |TAMS 0x0000000085b00000, 0x0000000085b00000| Untracked 
|  92|0x0000000085c00000, 0x0000000085c00000, 0x0000000085d00000|  0%| F|  |TAMS 0x0000000085c00000, 0x0000000085c00000| Untracked 
|  93|0x0000000085d00000, 0x0000000085d00000, 0x0000000085e00000|  0%| F|  |TAMS 0x0000000085d00000, 0x0000000085d00000| Untracked 
|  94|0x0000000085e00000, 0x0000000085e00000, 0x0000000085f00000|  0%| F|  |TAMS 0x0000000085e00000, 0x0000000085e00000| Untracked 
|  95|0x0000000085f00000, 0x0000000085f00000, 0x0000000086000000|  0%| F|  |TAMS 0x0000000085f00000, 0x0000000085f00000| Untracked 
|  96|0x0000000086000000, 0x0000000086000000, 0x0000000086100000|  0%| F|  |TAMS 0x0000000086000000, 0x0000000086000000| Untracked 
|  97|0x0000000086100000, 0x0000000086100000, 0x0000000086200000|  0%| F|  |TAMS 0x0000000086100000, 0x0000000086100000| Untracked 
|  98|0x0000000086200000, 0x0000000086200000, 0x0000000086300000|  0%| F|  |TAMS 0x0000000086200000, 0x0000000086200000| Untracked 
|  99|0x0000000086300000, 0x0000000086300000, 0x0000000086400000|  0%| F|  |TAMS 0x0000000086300000, 0x0000000086300000| Untracked 
| 100|0x0000000086400000, 0x0000000086400000, 0x0000000086500000|  0%| F|  |TAMS 0x0000000086400000, 0x0000000086400000| Untracked 
| 101|0x0000000086500000, 0x0000000086500000, 0x0000000086600000|  0%| F|  |TAMS 0x0000000086500000, 0x0000000086500000| Untracked 
| 102|0x0000000086600000, 0x0000000086600000, 0x0000000086700000|  0%| F|  |TAMS 0x0000000086600000, 0x0000000086600000| Untracked 
| 103|0x0000000086700000, 0x0000000086700000, 0x0000000086800000|  0%| F|  |TAMS 0x0000000086700000, 0x0000000086700000| Untracked 
| 104|0x0000000086800000, 0x0000000086800000, 0x0000000086900000|  0%| F|  |TAMS 0x0000000086800000, 0x0000000086800000| Untracked 
| 105|0x0000000086900000, 0x0000000086900000, 0x0000000086a00000|  0%| F|  |TAMS 0x0000000086900000, 0x0000000086900000| Untracked 
| 106|0x0000000086a00000, 0x0000000086a00000, 0x0000000086b00000|  0%| F|  |TAMS 0x0000000086a00000, 0x0000000086a00000| Untracked 
| 107|0x0000000086b00000, 0x0000000086b00000, 0x0000000086c00000|  0%| F|  |TAMS 0x0000000086b00000, 0x0000000086b00000| Untracked 
| 108|0x0000000086c00000, 0x0000000086c00000, 0x0000000086d00000|  0%| F|  |TAMS 0x0000000086c00000, 0x0000000086c00000| Untracked 
| 109|0x0000000086d00000, 0x0000000086d00000, 0x0000000086e00000|  0%| F|  |TAMS 0x0000000086d00000, 0x0000000086d00000| Untracked 
| 110|0x0000000086e00000, 0x0000000086e00000, 0x0000000086f00000|  0%| F|  |TAMS 0x0000000086e00000, 0x0000000086e00000| Untracked 
| 111|0x0000000086f00000, 0x0000000086f00000, 0x0000000087000000|  0%| F|  |TAMS 0x0000000086f00000, 0x0000000086f00000| Untracked 
| 112|0x0000000087000000, 0x0000000087000000, 0x0000000087100000|  0%| F|  |TAMS 0x0000000087000000, 0x0000000087000000| Untracked 
| 113|0x0000000087100000, 0x0000000087100000, 0x0000000087200000|  0%| F|  |TAMS 0x0000000087100000, 0x0000000087100000| Untracked 
| 114|0x0000000087200000, 0x0000000087200000, 0x0000000087300000|  0%| F|  |TAMS 0x0000000087200000, 0x0000000087200000| Untracked 
| 115|0x0000000087300000, 0x0000000087300000, 0x0000000087400000|  0%| F|  |TAMS 0x0000000087300000, 0x0000000087300000| Untracked 
| 116|0x0000000087400000, 0x0000000087400000, 0x0000000087500000|  0%| F|  |TAMS 0x0000000087400000, 0x0000000087400000| Untracked 
| 117|0x0000000087500000, 0x0000000087500000, 0x0000000087600000|  0%| F|  |TAMS 0x0000000087500000, 0x0000000087500000| Untracked 
| 118|0x0000000087600000, 0x0000000087680800, 0x0000000087700000| 50%| E|  |TAMS 0x0000000087600000, 0x0000000087600000| Complete 
| 119|0x0000000087700000, 0x0000000087800000, 0x0000000087800000|100%| E|CS|TAMS 0x0000000087700000, 0x0000000087700000| Complete 
| 120|0x0000000087800000, 0x0000000087900000, 0x0000000087900000|100%| E|CS|TAMS 0x0000000087800000, 0x0000000087800000| Complete 
| 121|0x0000000087900000, 0x0000000087a00000, 0x0000000087a00000|100%| E|CS|TAMS 0x0000000087900000, 0x0000000087900000| Complete 
| 122|0x0000000087a00000, 0x0000000087b00000, 0x0000000087b00000|100%| E|CS|TAMS 0x0000000087a00000, 0x0000000087a00000| Complete 
| 123|0x0000000087b00000, 0x0000000087c00000, 0x0000000087c00000|100%| E|CS|TAMS 0x0000000087b00000, 0x0000000087b00000| Complete 
| 124|0x0000000087c00000, 0x0000000087d00000, 0x0000000087d00000|100%| E|CS|TAMS 0x0000000087c00000, 0x0000000087c00000| Complete 
| 125|0x0000000087d00000, 0x0000000087e00000, 0x0000000087e00000|100%| E|CS|TAMS 0x0000000087d00000, 0x0000000087d00000| Complete 

Card table byte_map: [0x000001bd79cf0000,0x000001bd7a0f0000] _byte_map_base: 0x000001bd798f0000

Marking Bits (Prev, Next): (CMBitMap*) 0x000001bd66e3ef80, (CMBitMap*) 0x000001bd66e3ef48
 Prev Bits: [0x000001bd7c4f0000, 0x000001bd7e4f0000)
 Next Bits: [0x000001bd7a4f0000, 0x000001bd7c4f0000)

Polling page: 0x000001bd64d70000

Metaspace:

Usage:
  Non-class:     18.75 MB capacity,    18.38 MB ( 98%) used,   340.72 KB (  2%) free+waste,    40.38 KB ( <1%) overhead. 
      Class:      2.80 MB capacity,     2.63 MB ( 94%) used,   158.80 KB (  6%) free+waste,    20.31 KB ( <1%) overhead. 
       Both:     21.55 MB capacity,    21.01 MB ( 97%) used,   499.52 KB (  2%) free+waste,    60.69 KB ( <1%) overhead. 

Virtual space:
  Non-class space:       20.00 MB reserved,      19.00 MB ( 95%) committed 
      Class space:        1.00 GB reserved,       2.88 MB ( <1%) committed 
             Both:        1.02 GB reserved,      21.88 MB (  2%) committed 

Chunk freelists:
   Non-Class:  60.00 KB
       Class:  12.00 KB
        Both:  72.00 KB

MaxMetaspaceSize: 17179869184.00 GB
CompressedClassSpaceSize: 1.00 GB

CodeHeap 'non-profiled nmethods': size=120064Kb used=932Kb max_used=932Kb free=119131Kb
 bounds [0x000001bd723b0000, 0x000001bd72620000, 0x000001bd798f0000]
CodeHeap 'profiled nmethods': size=120000Kb used=4106Kb max_used=4106Kb free=115893Kb
 bounds [0x000001bd6ae80000, 0x000001bd6b290000, 0x000001bd723b0000]
CodeHeap 'non-nmethods': size=5696Kb used=1141Kb max_used=1156Kb free=4554Kb
 bounds [0x000001bd6a8f0000, 0x000001bd6ab60000, 0x000001bd6ae80000]
 total_blobs=2426 nmethods=1950 adapters=387
 compilation: enabled
              stopped_count=0, restarted_count=0
 full_count=0

Compilation events (20 events):
Event: 6.988 Thread 0x000001bd7e9f2800 nmethod 1939 0x000001bd6b279290 code [0x000001bd6b2794c0, 0x000001bd6b279e28]
Event: 6.988 Thread 0x000001bd7e9f2800 1940       3       java.util.HashMap::get (23 bytes)
Event: 6.988 Thread 0x000001bd7e9f2800 nmethod 1940 0x000001bd6b27a090 code [0x000001bd6b27a280, 0x000001bd6b27a5b8]
Event: 6.988 Thread 0x000001bd7e9f2800 1941       3       java.lang.reflect.ProxyGenerator$ConstantPool::getMethodRef (33 bytes)
Event: 6.989 Thread 0x000001bd7e9f2800 nmethod 1941 0x000001bd6b27a710 code [0x000001bd6b27a9e0, 0x000001bd6b27b648]
Event: 6.995 Thread 0x000001bd7e9f2800 1942       3       java.util.regex.Pattern$BmpCharPropertyGreedy::match (89 bytes)
Event: 6.995 Thread 0x000001bd7e9f2800 nmethod 1942 0x000001bd6b27bb90 code [0x000001bd6b27bda0, 0x000001bd6b27c3c8]
Event: 6.995 Thread 0x000001bd7e9f2800 1943       3       org.gradle.util.GradleVersion::compareTo (244 bytes)
Event: 6.995 Thread 0x000001bd7e9f1000 1944       4       java.util.Arrays::copyOf (40 bytes)
Event: 6.996 Thread 0x000001bd7e9f2800 nmethod 1943 0x000001bd6b27c610 code [0x000001bd6b27c8e0, 0x000001bd6b27d718]
Event: 6.996 Thread 0x000001bd7e9f2800 1945       3       java.util.regex.CharPredicates$$Lambda$5/0x0000000100065040::is (5 bytes)
Event: 6.997 Thread 0x000001bd7e9f2800 nmethod 1945 0x000001bd6b27dc90 code [0x000001bd6b27de60, 0x000001bd6b27e118]
Event: 6.997 Thread 0x000001bd7e9f2800 1946       3       java.util.regex.CharPredicates::lambda$ASCII_DIGIT$15 (20 bytes)
Event: 6.997 Thread 0x000001bd7e9f2800 nmethod 1946 0x000001bd6b27e210 code [0x000001bd6b27e3c0, 0x000001bd6b27e5f8]
Event: 7.000 Thread 0x000001bd7e9f1000 nmethod 1944 0x000001bd72498910 code [0x000001bd72498ac0, 0x000001bd72498ef8]
Event: 7.012 Thread 0x000001bd7e9f2800 1947       3       sun.invoke.util.BytecodeDescriptor::unparseMethod (66 bytes)
Event: 7.013 Thread 0x000001bd7e9f2800 nmethod 1947 0x000001bd6b27e690 code [0x000001bd6b27e900, 0x000001bd6b27f1a8]
Event: 7.017 Thread 0x000001bd7e9f1000 1948   !   4       java.lang.ClassLoader::loadClass (122 bytes)
Event: 7.058 Thread 0x000001bd7e9f2800 1949       3       jdk.internal.org.objectweb.asm.Type::getArgumentsAndReturnSizes (151 bytes)
Event: 7.060 Thread 0x000001bd7e9f2800 nmethod 1949 0x000001bd6b27f510 code [0x000001bd6b27f880, 0x000001bd6b2810f8]

GC Heap History (8 events):
Event: 0.876 GC heap before
{Heap before GC invocations=0 (full 0):
 garbage-first heap   total 129024K, used 19456K [0x0000000080000000, 0x0000000100000000)
  region size 1024K, 14 young (14336K), 0 survivors (0K)
 Metaspace       used 6722K, capacity 6925K, committed 7168K, reserved 1056768K
  class space    used 582K, capacity 650K, committed 768K, reserved 1048576K
}
Event: 0.881 GC heap after
{Heap after GC invocations=1 (full 0):
 garbage-first heap   total 129024K, used 7843K [0x0000000080000000, 0x0000000100000000)
  region size 1024K, 2 young (2048K), 2 survivors (2048K)
 Metaspace       used 6722K, capacity 6925K, committed 7168K, reserved 1056768K
  class space    used 582K, capacity 650K, committed 768K, reserved 1048576K
}
Event: 1.298 GC heap before
{Heap before GC invocations=1 (full 0):
 garbage-first heap   total 129024K, used 19107K [0x0000000080000000, 0x0000000100000000)
  region size 1024K, 13 young (13312K), 2 survivors (2048K)
 Metaspace       used 9825K, capacity 9990K, committed 10112K, reserved 1058816K
  class space    used 1022K, capacity 1102K, committed 1152K, reserved 1048576K
}
Event: 1.303 GC heap after
{Heap after GC invocations=2 (full 0):
 garbage-first heap   total 129024K, used 9012K [0x0000000080000000, 0x0000000100000000)
  region size 1024K, 2 young (2048K), 2 survivors (2048K)
 Metaspace       used 9825K, capacity 9990K, committed 10112K, reserved 1058816K
  class space    used 1022K, capacity 1102K, committed 1152K, reserved 1048576K
}
Event: 1.881 GC heap before
{Heap before GC invocations=2 (full 0):
 garbage-first heap   total 129024K, used 38708K [0x0000000080000000, 0x0000000100000000)
  region size 1024K, 31 young (31744K), 2 survivors (2048K)
 Metaspace       used 10768K, capacity 11007K, committed 11264K, reserved 1058816K
  class space    used 1125K, capacity 1206K, committed 1280K, reserved 1048576K
}
Event: 1.886 GC heap after
{Heap after GC invocations=3 (full 0):
 garbage-first heap   total 129024K, used 11737K [0x0000000080000000, 0x0000000100000000)
  region size 1024K, 3 young (3072K), 3 survivors (3072K)
 Metaspace       used 10768K, capacity 11007K, committed 11264K, reserved 1058816K
  class space    used 1125K, capacity 1206K, committed 1280K, reserved 1048576K
}
Event: 6.845 GC heap before
{Heap before GC invocations=3 (full 0):
 garbage-first heap   total 129024K, used 77273K [0x0000000080000000, 0x0000000100000000)
  region size 1024K, 68 young (69632K), 3 survivors (3072K)
 Metaspace       used 20636K, capacity 21122K, committed 21248K, reserved 1067008K
  class space    used 2522K, capacity 2720K, committed 2816K, reserved 1048576K
}
Event: 6.857 GC heap after
{Heap after GC invocations=4 (full 0):
 garbage-first heap   total 129024K, used 16312K [0x0000000080000000, 0x0000000100000000)
  region size 1024K, 9 young (9216K), 9 survivors (9216K)
 Metaspace       used 20636K, capacity 21122K, committed 21248K, reserved 1067008K
  class space    used 2522K, capacity 2720K, committed 2816K, reserved 1048576K
}

Deoptimization events (20 events):
Event: 6.968 Thread 0x000001bd02dd6000 Uncommon trap: trap_request=0xffffff4d fr.pc=0x000001bd72483d58 relative=0x0000000000000398
Event: 6.968 Thread 0x000001bd02dd6000 Uncommon trap: reason=unstable_if action=reinterpret pc=0x000001bd72483d58 method=jdk.internal.org.objectweb.asm.Type.getArgumentsAndReturnSizes(Ljava/lang/String;)I @ 88 c2
Event: 6.968 Thread 0x000001bd02dd6000 DEOPT PACKING pc=0x000001bd72483d58 sp=0x00000072d9dfa270
Event: 6.968 Thread 0x000001bd02dd6000 DEOPT UNPACKING pc=0x000001bd6a9178af sp=0x00000072d9dfa1f8 mode 2
Event: 6.987 Thread 0x000001bd02dd6000 Uncommon trap: trap_request=0xffffffcc fr.pc=0x000001bd72490d78 relative=0x00000000000002b8
Event: 6.987 Thread 0x000001bd02dd6000 Uncommon trap: reason=intrinsic_or_type_checked_inlining action=make_not_entrant pc=0x000001bd72490d78 method=java.util.Arrays.copyOf([Ljava/lang/Object;ILjava/lang/Class;)[Ljava/lang/Object; @ 35 c2
Event: 6.987 Thread 0x000001bd02dd6000 DEOPT PACKING pc=0x000001bd72490d78 sp=0x00000072d9dfc3c0
Event: 6.987 Thread 0x000001bd02dd6000 DEOPT UNPACKING pc=0x000001bd6a9178af sp=0x00000072d9dfc350 mode 2
Event: 6.987 Thread 0x000001bd02dd6000 Uncommon trap: trap_request=0xffffff4d fr.pc=0x000001bd723e8434 relative=0x0000000000000174
Event: 6.987 Thread 0x000001bd02dd6000 Uncommon trap: reason=unstable_if action=reinterpret pc=0x000001bd723e8434 method=java.util.HashMap.getNode(ILjava/lang/Object;)Ljava/util/HashMap$Node; @ 129 c2
Event: 6.987 Thread 0x000001bd02dd6000 DEOPT PACKING pc=0x000001bd723e8434 sp=0x00000072d9dfbcb0
Event: 6.987 Thread 0x000001bd02dd6000 DEOPT UNPACKING pc=0x000001bd6a9178af sp=0x00000072d9dfbbb0 mode 2
Event: 6.987 Thread 0x000001bd02dd6000 Uncommon trap: trap_request=0xffffff4d fr.pc=0x000001bd723e2c2c relative=0x00000000000001ec
Event: 6.987 Thread 0x000001bd02dd6000 Uncommon trap: reason=unstable_if action=reinterpret pc=0x000001bd723e2c2c method=java.util.HashMap.getNode(ILjava/lang/Object;)Ljava/util/HashMap$Node; @ 129 c2
Event: 6.987 Thread 0x000001bd02dd6000 DEOPT PACKING pc=0x000001bd723e2c2c sp=0x00000072d9dfbc10
Event: 6.987 Thread 0x000001bd02dd6000 DEOPT UNPACKING pc=0x000001bd6a9178af sp=0x00000072d9dfbb98 mode 2
Event: 7.013 Thread 0x000001bd02dd6000 Uncommon trap: trap_request=0xffffff4d fr.pc=0x000001bd72428000 relative=0x0000000000000b60
Event: 7.013 Thread 0x000001bd02dd6000 Uncommon trap: reason=unstable_if action=reinterpret pc=0x000001bd72428000 method=java.util.Properties$LineReader.readLine()I @ 249 c2
Event: 7.013 Thread 0x000001bd02dd6000 DEOPT PACKING pc=0x000001bd72428000 sp=0x00000072d9dfbc40
Event: 7.013 Thread 0x000001bd02dd6000 DEOPT UNPACKING pc=0x000001bd6a9178af sp=0x00000072d9dfbbd0 mode 2

Classes redefined (0 events):
No events

Internal exceptions (20 events):
Event: 4.950 Thread 0x000001bd02e25800 Exception <a 'java/lang/NoSuchMethodError'{0x0000000085bbeca8}: <clinit>> (0x0000000085bbeca8) thrown at [./src/hotspot/share/prims/jni.cpp, line 1362]
Event: 4.967 Thread 0x000001bd02e25800 Exception <a 'java/lang/NoSuchMethodError'{0x0000000085a18290}: <clinit>> (0x0000000085a18290) thrown at [./src/hotspot/share/prims/jni.cpp, line 1362]
Event: 4.978 Thread 0x000001bd02e25800 Exception <a 'java/lang/NoSuchMethodError'{0x0000000085a53f88}: <clinit>> (0x0000000085a53f88) thrown at [./src/hotspot/share/prims/jni.cpp, line 1362]
Event: 4.998 Thread 0x000001bd02e25800 Exception <a 'java/lang/NoSuchMethodError'{0x0000000085a86c10}: <clinit>> (0x0000000085a86c10) thrown at [./src/hotspot/share/prims/jni.cpp, line 1362]
Event: 5.233 Thread 0x000001bd02dd6000 Exception <a 'java/lang/NoSuchMethodError'{0x00000000857952b0}: 'void java.lang.invoke.DirectMethodHandle$Holder.invokeVirtual(java.lang.Object, java.lang.Object, java.lang.Object, java.lang.Object)'> (0x00000000857952b0) thrown at [./src/hotspot/share/interpreter/linkResolver.cpp, line 773]
Event: 5.235 Thread 0x000001bd02dd6000 Exception <a 'java/lang/NoSuchMethodError'{0x00000000857a1d18}: 'void java.lang.invoke.DelegatingMethodHandle$Holder.reinvoke_L(java.lang.Object, java.lang.Object, java.lang.Object, java.lang.Object)'> (0x00000000857a1d18) thrown at [./src/hotspot/share/interpreter/linkResolver.cpp, line 773]
Event: 5.258 Thread 0x000001bd02dd6000 Exception <a 'java/lang/NoSuchMethodError'{0x00000000857d26a8}: 'long java.lang.invoke.DirectMethodHandle$Holder.invokeInterface(java.lang.Object, java.lang.Object)'> (0x00000000857d26a8) thrown at [./src/hotspot/share/interpreter/linkResolver.cpp, line 773]
Event: 5.262 Thread 0x000001bd02dd6000 Exception <a 'java/lang/NoSuchMethodError'{0x00000000857f5370}: 'void java.lang.invoke.DelegatingMethodHandle$Holder.reinvoke_L(java.lang.Object, java.lang.Object, java.lang.Object, java.lang.Object, java.lang.Object, java.lang.Object, java.lang.Object)'> (0x00000000857f5370) thrown at [./src/hotspot/share/interpreter/linkResolver.cpp, line 773]
Event: 6.128 Thread 0x000001bd02dd6000 Exception <a 'java/lang/NoSuchMethodError'{0x000000008460c7d8}: 'java.lang.Object java.lang.invoke.DirectMethodHandle$Holder.invokeVirtual(java.lang.Object, java.lang.Object, java.lang.Object)'> (0x000000008460c7d8) thrown at [./src/hotspot/share/interpreter/linkResolver.cpp, line 773]
Event: 6.286 Thread 0x000001bd02dd6000 Exception <a 'java/lang/NoSuchMethodError'{0x00000000843afb90}: 'void java.lang.invoke.DirectMethodHandle$Holder.invokeInterface(java.lang.Object, java.lang.Object)'> (0x00000000843afb90) thrown at [./src/hotspot/share/interpreter/linkResolver.cpp, line 773]
Event: 6.286 Thread 0x000001bd02dd6000 Exception <a 'java/lang/IncompatibleClassChangeError'{0x00000000843b2d40}: Found class java.lang.Object, but interface was expected> (0x00000000843b2d40) thrown at [./src/hotspot/share/interpreter/linkResolver.cpp, line 839]
Event: 6.375 Thread 0x000001bd02dd6000 Exception <a 'java/lang/NoSuchMethodError'{0x00000000841277b8}: 'void java.lang.invoke.DirectMethodHandle$Holder.invokeStaticInit(java.lang.Object)'> (0x00000000841277b8) thrown at [./src/hotspot/share/interpreter/linkResolver.cpp, line 773]
Event: 6.575 Thread 0x000001bd02dd6000 Exception <a 'java/lang/NoSuchMethodError'{0x0000000083f94578}: 'java.lang.Object java.lang.invoke.DirectMethodHandle$Holder.invokeStatic(java.lang.Object, java.lang.Object, java.lang.Object, int)'> (0x0000000083f94578) thrown at [./src/hotspot/share/interpreter/linkResolver.cpp, line 773]
Event: 6.577 Thread 0x000001bd02dd6000 Exception <a 'java/lang/NoSuchMethodError'{0x0000000083f98740}: 'java.lang.Object java.lang.invoke.DirectMethodHandle$Holder.invokeSpecial(java.lang.Object, java.lang.Object, java.lang.Object, java.lang.Object, int)'> (0x0000000083f98740) thrown at [./src/hotspot/share/interpreter/linkResolver.cpp, line 773]
Event: 6.577 Thread 0x000001bd02dd6000 Exception <a 'java/lang/NoSuchMethodError'{0x0000000083f9c128}: 'java.lang.Object java.lang.invoke.Invokers$Holder.linkToTargetMethod(java.lang.Object, java.lang.Object, int, java.lang.Object)'> (0x0000000083f9c128) thrown at [./src/hotspot/share/interpreter/linkResolver.cpp, line 773]
Event: 6.866 Thread 0x000001bd02dd6000 Exception <a 'java/lang/NoSuchMethodError'{0x0000000087d1a770}: 'int java.lang.invoke.DirectMethodHandle$Holder.invokeSpecialIFC(java.lang.Object, java.lang.Object, java.lang.Object, java.lang.Object)'> (0x0000000087d1a770) thrown at [./src/hotspot/share/interpreter/linkResolver.cpp, line 773]
Event: 6.872 Thread 0x000001bd02dd6000 Exception <a 'java/lang/NoSuchMethodError'{0x0000000087d28530}: 'java.lang.Object java.lang.invoke.DirectMethodHandle$Holder.invokeInterface(java.lang.Object, java.lang.Object, java.lang.Object)'> (0x0000000087d28530) thrown at [./src/hotspot/share/interpreter/linkResolver.cpp, line 773]
Event: 6.872 Thread 0x000001bd02dd6000 Exception <a 'java/lang/IncompatibleClassChangeError'{0x0000000087d2ba08}: Found class java.lang.Object, but interface was expected> (0x0000000087d2ba08) thrown at [./src/hotspot/share/interpreter/linkResolver.cpp, line 839]
Event: 6.902 Thread 0x000001bd02dd6000 Exception <a 'java/lang/NoSuchMethodError'{0x0000000087c49090}: 'void java.lang.invoke.DirectMethodHandle$Holder.invokeStatic(java.lang.Object, java.lang.Object, java.lang.Object, java.lang.Object, java.lang.Object)'> (0x0000000087c49090) thrown at [./src/hotspot/share/interpreter/linkResolver.cpp, line 773]
Event: 7.051 Thread 0x000001bd02dd6000 Exception <a 'java/lang/NoSuchMethodError'{0x00000000878ff968}: 'void java.lang.invoke.DirectMethodHandle$Holder.invokeSpecial(java.lang.Object, java.lang.Object)'> (0x00000000878ff968) thrown at [./src/hotspot/share/interpreter/linkResolver.cpp, line 773]

Events (20 events):
Event: 7.077 loading class org/gradle/api/internal/project/ProjectRegistry
Event: 7.077 loading class org/gradle/api/internal/project/ProjectRegistry done
Event: 7.079 loading class org/gradle/internal/build/PublicBuildPath
Event: 7.079 loading class org/gradle/internal/build/PublicBuildPath done
Event: 7.080 loading class org/gradle/configuration/ScriptPluginFactory
Event: 7.080 loading class org/gradle/configuration/ScriptPluginFactory done
Event: 7.083 loading class org/gradle/initialization/IGradlePropertiesLoader
Event: 7.083 loading class org/gradle/initialization/IGradlePropertiesLoader done
Event: 7.084 loading class org/gradle/api/internal/project/IsolatedAntBuilder
Event: 7.084 loading class org/gradle/api/internal/project/IsolatedAntBuilder done
Event: 7.084 loading class org/gradle/configuration/project/ProjectEvaluator
Event: 7.084 loading class org/gradle/configuration/project/ProjectEvaluator done
Event: 7.086 loading class org/gradle/initialization/SettingsLoaderFactory
Event: 7.086 loading class org/gradle/initialization/SettingsLoaderFactory done
Event: 7.088 loading class org/gradle/api/internal/provider/ValueSourceProviderFactory
Event: 7.088 loading class org/gradle/api/internal/provider/ValueSourceProviderFactory done
Event: 7.088 loading class org/gradle/configuration/InitScriptProcessor
Event: 7.088 loading class org/gradle/configuration/InitScriptProcessor done
Event: 7.090 loading class org/gradle/initialization/SettingsProcessor
Event: 7.090 loading class org/gradle/initialization/SettingsProcessor done


Dynamic libraries:
0x00007ff641850000 - 0x00007ff64185a000 	C:\Program Files\Android\Android Studio\jre\bin\java.exe
0x00007ffdb1eb0000 - 0x00007ffdb20a5000 	C:\Windows\SYSTEM32\ntdll.dll
0x00007ffdb0760000 - 0x00007ffdb081e000 	C:\Windows\System32\KERNEL32.DLL
0x00007ffdaf640000 - 0x00007ffdaf908000 	C:\Windows\System32\KERNELBASE.dll
0x00007ffdafaa0000 - 0x00007ffdafba0000 	C:\Windows\System32\ucrtbase.dll
0x00007ffd740c0000 - 0x00007ffd740d7000 	C:\Program Files\Android\Android Studio\jre\bin\VCRUNTIME140.dll
0x00007ffd703d0000 - 0x00007ffd703e9000 	C:\Program Files\Android\Android Studio\jre\bin\jli.dll
0x00007ffdb0b10000 - 0x00007ffdb0cb0000 	C:\Windows\System32\USER32.dll
0x00007ffdaf610000 - 0x00007ffdaf632000 	C:\Windows\System32\win32u.dll
0x00007ffdb0e20000 - 0x00007ffdb0e4b000 	C:\Windows\System32\GDI32.dll
0x00007ffdafc50000 - 0x00007ffdafd5d000 	C:\Windows\System32\gdi32full.dll
0x00007ffdafd60000 - 0x00007ffdafdfd000 	C:\Windows\System32\msvcp_win.dll
0x00007ffd9c980000 - 0x00007ffd9cc1a000 	C:\Windows\WinSxS\amd64_microsoft.windows.common-controls_6595b64144ccf1df_6.0.19041.1110_none_60b5254171f9507e\COMCTL32.dll
0x00007ffdb0650000 - 0x00007ffdb06ee000 	C:\Windows\System32\msvcrt.dll
0x00007ffdb0d20000 - 0x00007ffdb0d50000 	C:\Windows\System32\IMM32.DLL
0x00007ffd6bc70000 - 0x00007ffd6bd0d000 	C:\Program Files\Android\Android Studio\jre\bin\msvcp140.dll
0x00007ffd636d0000 - 0x00007ffd6419f000 	C:\Program Files\Android\Android Studio\jre\bin\server\jvm.dll
0x00007ffdb0820000 - 0x00007ffdb08ce000 	C:\Windows\System32\ADVAPI32.dll
0x00007ffdb1260000 - 0x00007ffdb12fc000 	C:\Windows\System32\sechost.dll
0x00007ffdb0f10000 - 0x00007ffdb1035000 	C:\Windows\System32\RPCRT4.dll
0x00007ffdb0750000 - 0x00007ffdb0758000 	C:\Windows\System32\PSAPI.DLL
0x00007ffd9a6c0000 - 0x00007ffd9a6c9000 	C:\Windows\SYSTEM32\WSOCK32.dll
0x00007ffd99180000 - 0x00007ffd991a7000 	C:\Windows\SYSTEM32\WINMM.dll
0x00007ffdb11f0000 - 0x00007ffdb125b000 	C:\Windows\System32\WS2_32.dll
0x00007ffda9f70000 - 0x00007ffda9f7a000 	C:\Windows\SYSTEM32\VERSION.dll
0x00007ffdad4b0000 - 0x00007ffdad4c2000 	C:\Windows\SYSTEM32\kernel.appcore.dll
0x00007ffd9ff90000 - 0x00007ffd9ffa1000 	C:\Program Files\Android\Android Studio\jre\bin\verify.dll
0x00007ffda0950000 - 0x00007ffda0b34000 	C:\Windows\SYSTEM32\DBGHELP.DLL
0x00007ffd99090000 - 0x00007ffd990bc000 	C:\Windows\SYSTEM32\dbgcore.DLL
0x00007ffdafe70000 - 0x00007ffdafef2000 	C:\Windows\System32\bcryptPrimitives.dll
0x00007ffd76540000 - 0x00007ffd76569000 	C:\Program Files\Android\Android Studio\jre\bin\java.dll
0x00007ffdab4d0000 - 0x00007ffdab4db000 	C:\Program Files\Android\Android Studio\jre\bin\jimage.dll
0x00007ffd9fdb0000 - 0x00007ffd9fdc8000 	C:\Program Files\Android\Android Studio\jre\bin\zip.dll
0x00007ffdaff00000 - 0x00007ffdb0644000 	C:\Windows\System32\SHELL32.dll
0x00007ffdad6b0000 - 0x00007ffdade44000 	C:\Windows\SYSTEM32\windows.storage.dll
0x00007ffdb1300000 - 0x00007ffdb1655000 	C:\Windows\System32\combase.dll
0x00007ffdaef40000 - 0x00007ffdaef6e000 	C:\Windows\SYSTEM32\Wldp.dll
0x00007ffdb0a60000 - 0x00007ffdb0b0d000 	C:\Windows\System32\SHCORE.dll
0x00007ffdb0cb0000 - 0x00007ffdb0d05000 	C:\Windows\System32\shlwapi.dll
0x00007ffdaf500000 - 0x00007ffdaf51f000 	C:\Windows\SYSTEM32\profapi.dll
0x00007ffd9df80000 - 0x00007ffd9df9a000 	C:\Program Files\Android\Android Studio\jre\bin\net.dll
0x00007ffda18e0000 - 0x00007ffda19ec000 	C:\Windows\SYSTEM32\WINHTTP.dll
0x00007ffdaeca0000 - 0x00007ffdaed0a000 	C:\Windows\system32\mswsock.dll
0x00007ffd7b930000 - 0x00007ffd7b944000 	C:\Program Files\Android\Android Studio\jre\bin\nio.dll
0x00007ffd73af0000 - 0x00007ffd73b17000 	C:\Users\DELL\.gradle\native\8bec1ad78214c89d9ad589b4d07fe93259594b29d510b10fafb7a158f7737e5d\windows-amd64\native-platform.dll
0x00007ffd61c90000 - 0x00007ffd61dcd000 	C:\Users\DELL\.gradle\native\53dbd7edfb1c66fb8903c78663c9afc45aea4f116125fa6feffd364cf09443e8\windows-amd64\native-platform-file-events.dll
0x00007ffda9dc0000 - 0x00007ffda9dca000 	C:\Program Files\Android\Android Studio\jre\bin\management.dll
0x00007ffda8950000 - 0x00007ffda895c000 	C:\Program Files\Android\Android Studio\jre\bin\management_ext.dll
0x00007ffdaeea0000 - 0x00007ffdaeeb8000 	C:\Windows\SYSTEM32\CRYPTSP.dll
0x00007ffdae620000 - 0x00007ffdae654000 	C:\Windows\system32\rsaenh.dll
0x00007ffdaf910000 - 0x00007ffdaf937000 	C:\Windows\System32\bcrypt.dll
0x00007ffdaf4c0000 - 0x00007ffdaf4ee000 	C:\Windows\SYSTEM32\USERENV.dll
0x00007ffdaee90000 - 0x00007ffdaee9c000 	C:\Windows\SYSTEM32\CRYPTBASE.dll
0x00007ffdae990000 - 0x00007ffdae9cb000 	C:\Windows\SYSTEM32\IPHLPAPI.DLL
0x00007ffdb0f00000 - 0x00007ffdb0f08000 	C:\Windows\System32\NSI.dll
0x00007ffda1fa0000 - 0x00007ffda1fb7000 	C:\Windows\SYSTEM32\dhcpcsvc6.DLL
0x00007ffda2210000 - 0x00007ffda222d000 	C:\Windows\SYSTEM32\dhcpcsvc.DLL
0x00007ffdae9d0000 - 0x00007ffdaea9b000 	C:\Windows\SYSTEM32\DNSAPI.dll

dbghelp: loaded successfully - version: 4.0.5 - missing functions: none
symbol engine: initialized successfully - sym options: 0x614 - pdb path: .;C:\Program Files\Android\Android Studio\jre\bin;C:\Windows\SYSTEM32;C:\Windows\WinSxS\amd64_microsoft.windows.common-controls_6595b64144ccf1df_6.0.19041.1110_none_60b5254171f9507e;C:\Program Files\Android\Android Studio\jre\bin\server;C:\Users\DELL\.gradle\native\8bec1ad78214c89d9ad589b4d07fe93259594b29d510b10fafb7a158f7737e5d\windows-amd64;C:\Users\DELL\.gradle\native\53dbd7edfb1c66fb8903c78663c9afc45aea4f116125fa6feffd364cf09443e8\windows-amd64

VM Arguments:
jvm_args: --add-opens=java.base/java.util=ALL-UNNAMED --add-opens=java.base/java.lang=ALL-UNNAMED --add-opens=java.base/java.lang.invoke=ALL-UNNAMED --add-opens=java.base/java.util=ALL-UNNAMED --add-opens=java.prefs/java.util.prefs=ALL-UNNAMED --add-opens=java.prefs/java.util.prefs=ALL-UNNAMED --add-opens=java.base/java.nio.charset=ALL-UNNAMED --add-opens=java.base/java.net=ALL-UNNAMED --add-opens=java.base/java.util.concurrent.atomic=ALL-UNNAMED -Xmx2048m -Dfile.encoding=UTF-8 -Duser.country=US -Duser.language=en -Duser.variant 
java_command: org.gradle.launcher.daemon.bootstrap.GradleDaemon 7.0.2
java_class_path (initial): C:\Users\DELL\.gradle\wrapper\dists\gradle-7.0.2-bin\857tjihv64xamwrf0h14cai3r\gradle-7.0.2\lib\gradle-launcher-7.0.2.jar
Launcher Type: SUN_STANDARD

[Global flags]
     intx CICompilerCount                          = 3                                         {product} {ergonomic}
     uint ConcGCThreads                            = 1                                         {product} {ergonomic}
     uint G1ConcRefinementThreads                  = 4                                         {product} {ergonomic}
   size_t G1HeapRegionSize                         = 1048576                                   {product} {ergonomic}
    uintx GCDrainStackTargetSize                   = 64                                        {product} {ergonomic}
   size_t InitialHeapSize                          = 132120576                                 {product} {ergonomic}
   size_t MarkStackSize                            = 4194304                                   {product} {ergonomic}
   size_t MaxHeapSize                              = 2147483648                                {product} {command line}
   size_t MaxNewSize                               = 1287651328                                {product} {ergonomic}
   size_t MinHeapDeltaBytes                        = 1048576                                   {product} {ergonomic}
    uintx NonNMethodCodeHeapSize                   = 5830732                                {pd product} {ergonomic}
    uintx NonProfiledCodeHeapSize                  = 122913754                              {pd product} {ergonomic}
    uintx ProfiledCodeHeapSize                     = 122913754                              {pd product} {ergonomic}
    uintx ReservedCodeCacheSize                    = 251658240                              {pd product} {ergonomic}
     bool SegmentedCodeCache                       = true                                      {product} {ergonomic}
     bool UseCompressedClassPointers               = true                                 {lp64_product} {ergonomic}
     bool UseCompressedOops                        = true                                 {lp64_product} {ergonomic}
     bool UseG1GC                                  = true                                      {product} {ergonomic}
     bool UseLargePagesIndividualAllocation        = false                                  {pd product} {ergonomic}

Logging:
Log output configuration:
 #0: stdout all=warning uptime,level,tags
 #1: stderr all=off uptime,level,tags

Environment Variables:
JAVA_HOME=C:\Program Files\Java\jdk1.8.0_202
CLASSPATH=C:\Program Files\Java\jdk1.8.0_202\lib
PATH=C:\Program Files (x86)\Common Files\Oracle\Java\javapath;C:\Windows\system32;C:\Windows;C:\Windows\System32\Wbem;C:\Windows\System32\WindowsPowerShell\v1.0\;C:\Windows\System32\OpenSSH\;C:\Program Files (x86)\Intel\Intel(R) Management Engine Components\DAL;C:\Program Files\Intel\Intel(R) Management Engine Components\DAL;C:\Program Files\Microsoft SQL Server\Client SDK\ODBC\110\Tools\Binn\;C:\Program Files\Python39;C:\Program Files\Microsoft SQL Server\Client SDK\ODBC\170\Tools\Binn\;C:\Program Files (x86)\Microsoft SQL Server\150\Tools\Binn\;C:\Program Files\Microsoft SQL Server\150\Tools\Binn\;C:\Program Files\Microsoft SQL Server\150\DTS\Binn\;C:\Program Files\Azure Data Studio\bin;C:\Program Files (x86)\mingw-w64\i686-8.1.0-posix-dwarf-rt_v6-rev0\mingw32\bin;C:\Program Files (x86)\Microsoft SQL Server\150\DTS\Binn\;C:\MongoDB\Server\5.0\bin\bin;C:\Program Files\Microsoft SQL Server\120\Tools\Binn\;C:\Program Files\MySQL\MySQL Shell 8.0\bin\;C:\Program Files\Java\jdk1.8.0_202\bin;C:\Users\DELL\AppData\Local\Programs\Microsoft VS Code\bin
USERNAME=linko
OS=Windows_NT
PROCESSOR_IDENTIFIER=Intel64 Family 6 Model 142 Stepping 9, GenuineIntel



---------------  S Y S T E M  ---------------

OS: Windows 10 , 64 bit Build 19041 (10.0.19041.1503)
OS uptime: 12 days 9:16 hours

CPU:total 4 (initial active 4) (2 cores per cpu, 2 threads per core) family 6 model 142 stepping 9 microcode 0xb4, cmov, cx8, fxsr, mmx, sse, sse2, sse3, ssse3, sse4.1, sse4.2, popcnt, avx, avx2, aes, clmul, erms, 3dnowpref, lzcnt, ht, tsc, tscinvbit, bmi1, bmi2, adx, fma

Memory: 4k page, system-wide physical 8061M (83M free)
TotalPageFile size 32637M (AvailPageFile size 0M)
current process WorkingSet (physical memory assigned to process): 169M, peak: 169M
current process commit charge ("private bytes"): 249M, peak: 251M

vm_info: OpenJDK 64-Bit Server VM (11.0.10+0-b96-7249189) for windows-amd64 JRE (11.0.10+0-b96-7249189), built on Mar 31 2021 21:44:00 by "builder" with MS VC++ 14.0 (VS2015)

END.
