#
# There is insufficient memory for the Java Runtime Environment to continue.
# Native memory allocation (malloc) failed to allocate 1385456 bytes for Chunk::new
# Possible reasons:
#   The system is out of physical RAM or swap space
#   The process is running with CompressedOops enabled, and the Java Heap may be blocking the growth of the native heap
# Possible solutions:
#   Reduce memory load on the system
#   Increase physical memory or swap space
#   Check if swap backing store is full
#   Decrease Java heap size (-Xmx/-Xms)
#   Decrease number of Java threads
#   Decrease Java thread stack sizes (-Xss)
#   Set larger code cache with -XX:ReservedCodeCacheSize=
#   JVM is running with Unscaled Compressed Oops mode in which the Java heap is
#     placed in the first 4GB address space. The Java Heap base address is the
#     maximum limit for the native heap growth. Please use -XX:HeapBaseMinAddress
#     to set the Java Heap base and to place the Java Heap above 4GB virtual address.
# This output file may be truncated or incomplete.
#
#  Out of Memory Error (./src/hotspot/share/memory/arena.cpp:197), pid=6624, tid=16032
#
# JRE version: OpenJDK Runtime Environment (11.0.10) (build 11.0.10+0-b96-7249189)
# Java VM: OpenJDK 64-Bit Server VM (11.0.10+0-b96-7249189, mixed mode, tiered, compressed oops, g1 gc, windows-amd64)
# No core dump will be written. Minidumps are not enabled by default on client versions of Windows
#

---------------  S U M M A R Y ------------

Command Line: --add-opens=java.base/java.util=ALL-UNNAMED --add-opens=java.base/java.lang=ALL-UNNAMED --add-opens=java.base/java.lang.invoke=ALL-UNNAMED --add-opens=java.base/java.util=ALL-UNNAMED --add-opens=java.prefs/java.util.prefs=ALL-UNNAMED --add-opens=java.prefs/java.util.prefs=ALL-UNNAMED --add-opens=java.base/java.nio.charset=ALL-UNNAMED --add-opens=java.base/java.net=ALL-UNNAMED --add-opens=java.base/java.util.concurrent.atomic=ALL-UNNAMED -Xmx2048m -Dfile.encoding=UTF-8 -Duser.country=US -Duser.language=en -Duser.variant org.gradle.launcher.daemon.bootstrap.GradleDaemon 7.0.2

Host: Intel(R) Core(TM) i5-7200U CPU @ 2.50GHz, 4 cores, 7G,  Windows 10 , 64 bit Build 19041 (10.0.19041.1566)
Time: Tue Mar 29 22:09:26 2022 SE Asia Standard Time elapsed time: 3478.553148 seconds (0d 0h 57m 58s)

---------------  T H R E A D  ---------------

Current thread (0x000001d74f371000):  JavaThread "C2 CompilerThread1" daemon [_thread_in_native, id=16032, stack(0x0000000cf3c00000,0x0000000cf3d00000)]


Current CompileTask:
C2:3478553 17604   !   4       org.apache.xerces.impl.XMLDocumentFragmentScannerImpl$FragmentContentDispatcher::dispatch (1128 bytes)

Stack: [0x0000000cf3c00000,0x0000000cf3d00000]
Native frames: (J=compiled Java code, j=interpreted, Vv=VM code, C=native code)
V  [jvm.dll+0x5ecfaa]
V  [jvm.dll+0x722bd5]
V  [jvm.dll+0x72412d]
V  [jvm.dll+0x7247e3]
V  [jvm.dll+0x242928]
V  [jvm.dll+0xbc4fc]
V  [jvm.dll+0xbca0c]
V  [jvm.dll+0x352d3b]
V  [jvm.dll+0x320ad3]
V  [jvm.dll+0x31ffca]
V  [jvm.dll+0x1fb602]
V  [jvm.dll+0x1fa7f4]
V  [jvm.dll+0x18354c]
V  [jvm.dll+0x208ee7]
V  [jvm.dll+0x207731]
V  [jvm.dll+0x6eb1cf]
V  [jvm.dll+0x6e3d45]
V  [jvm.dll+0x5ebe96]
C  [ucrtbase.dll+0x21bb2]
C  [KERNEL32.DLL+0x17034]
C  [ntdll.dll+0x52651]


---------------  P R O C E S S  ---------------

Threads class SMR info:
_java_thread_list=0x000001d755a75fc0, length=55, elements={
0x000001d731b5b800, 0x000001d74be61000, 0x000001d74be6d000, 0x000001d74be7b000,
0x000001d74be7e000, 0x000001d74be80000, 0x000001d74be83000, 0x000001d74be89800,
0x000001d74be95000, 0x000001d74c94a000, 0x000001d74e731000, 0x000001d74ce11800,
0x000001d74d982000, 0x000001d74e695000, 0x000001d74e696000, 0x000001d74e693800,
0x000001d74e696800, 0x000001d74e691800, 0x000001d74e697800, 0x000001d74e692800,
0x000001d74ea92000, 0x000001d74ea91800, 0x000001d74ea93000, 0x000001d74ea94000,
0x000001d74ea9c000, 0x000001d74ea98800, 0x000001d754d21000, 0x000001d74ea8d800,
0x000001d74ea8e000, 0x000001d74ea8f800, 0x000001d74ea96800, 0x000001d74ea90800,
0x000001d74ea99800, 0x000001d74ea98000, 0x000001d74ea9a800, 0x000001d74ea9b000,
0x000001d754d1c000, 0x000001d754d20000, 0x000001d754d21800, 0x000001d754d22800,
0x000001d754d1d000, 0x000001d754d1e800, 0x000001d754d23800, 0x000001d754d1d800,
0x000001d754d2a000, 0x000001d74f371000, 0x000001d754d24000, 0x000001d754d25000,
0x000001d754d28000, 0x000001d754d27800, 0x000001d754d29000, 0x000001d754d26000,
0x000001d754d26800, 0x000001d74e691000, 0x000001d74e694000
}

Java Threads: ( => current thread )
  0x000001d731b5b800 JavaThread "main" [_thread_blocked, id=11552, stack(0x0000000cf0a00000,0x0000000cf0b00000)]
  0x000001d74be61000 JavaThread "Reference Handler" daemon [_thread_blocked, id=3668, stack(0x0000000cf1100000,0x0000000cf1200000)]
  0x000001d74be6d000 JavaThread "Finalizer" daemon [_thread_blocked, id=10448, stack(0x0000000cf1200000,0x0000000cf1300000)]
  0x000001d74be7b000 JavaThread "Signal Dispatcher" daemon [_thread_blocked, id=5568, stack(0x0000000cf1300000,0x0000000cf1400000)]
  0x000001d74be7e000 JavaThread "Attach Listener" daemon [_thread_blocked, id=18492, stack(0x0000000cf1400000,0x0000000cf1500000)]
  0x000001d74be80000 JavaThread "Service Thread" daemon [_thread_blocked, id=15104, stack(0x0000000cf1500000,0x0000000cf1600000)]
  0x000001d74be83000 JavaThread "C2 CompilerThread0" daemon [_thread_in_native, id=11156, stack(0x0000000cf1600000,0x0000000cf1700000)]
  0x000001d74be89800 JavaThread "C1 CompilerThread0" daemon [_thread_blocked, id=9464, stack(0x0000000cf1700000,0x0000000cf1800000)]
  0x000001d74be95000 JavaThread "Sweeper thread" daemon [_thread_blocked, id=9792, stack(0x0000000cf1800000,0x0000000cf1900000)]
  0x000001d74c94a000 JavaThread "Common-Cleaner" daemon [_thread_blocked, id=18932, stack(0x0000000cf1900000,0x0000000cf1a00000)]
  0x000001d74e731000 JavaThread "Daemon health stats" [_thread_blocked, id=4660, stack(0x0000000cf1b00000,0x0000000cf1c00000)]
  0x000001d74ce11800 JavaThread "Incoming local TCP Connector on port 49864" [_thread_in_native, id=15952, stack(0x0000000cf1e00000,0x0000000cf1f00000)]
  0x000001d74d982000 JavaThread "Daemon periodic checks" [_thread_blocked, id=11416, stack(0x0000000cf1f00000,0x0000000cf2000000)]
  0x000001d74e695000 JavaThread "Cache worker for file hash cache (C:\Users\DELL\.gradle\caches\7.0.2\fileHashes)" [_thread_blocked, id=8344, stack(0x0000000cf2800000,0x0000000cf2900000)]
  0x000001d74e696000 JavaThread "File lock request listener" [_thread_in_native, id=19048, stack(0x0000000cf2900000,0x0000000cf2a00000)]
  0x000001d74e693800 JavaThread "Cache worker for journal cache (C:\Users\DELL\.gradle\caches\journal-1)" [_thread_blocked, id=2956, stack(0x0000000cf2b00000,0x0000000cf2c00000)]
  0x000001d74e696800 JavaThread "File watcher server" daemon [_thread_in_native, id=6716, stack(0x0000000cf2d00000,0x0000000cf2e00000)]
  0x000001d74e691800 JavaThread "File watcher consumer" daemon [_thread_blocked, id=8472, stack(0x0000000cf2e00000,0x0000000cf2f00000)]
  0x000001d74e697800 JavaThread "jar transforms" [_thread_blocked, id=15824, stack(0x0000000cf2f00000,0x0000000cf3000000)]
  0x000001d74e692800 JavaThread "jar transforms Thread 2" [_thread_blocked, id=18424, stack(0x0000000cf3000000,0x0000000cf3100000)]
  0x000001d74ea92000 JavaThread "jar transforms Thread 3" [_thread_blocked, id=14272, stack(0x0000000cf3100000,0x0000000cf3200000)]
  0x000001d74ea91800 JavaThread "jar transforms Thread 4" [_thread_blocked, id=2560, stack(0x0000000cf3200000,0x0000000cf3300000)]
  0x000001d74ea93000 JavaThread "Cache worker for execution history cache (C:\Users\DELL\.gradle\caches\7.0.2\executionHistory)" [_thread_blocked, id=9272, stack(0x0000000cf3500000,0x0000000cf3600000)]
  0x000001d74ea94000 JavaThread "Cache worker for file content cache (C:\Users\DELL\.gradle\caches\7.0.2\fileContent)" [_thread_blocked, id=14280, stack(0x0000000cf3700000,0x0000000cf3800000)]
  0x000001d74ea9c000 JavaThread "Memory manager" [_thread_blocked, id=12588, stack(0x0000000cf3600000,0x0000000cf3700000)]
  0x000001d74ea98800 JavaThread "pool-3-thread-1" [_thread_blocked, id=496, stack(0x0000000cf3e00000,0x0000000cf3f00000)]
  0x000001d754d21000 JavaThread "pool-6-thread-1" [_thread_blocked, id=12252, stack(0x0000000cf3f00000,0x0000000cf4000000)]
  0x000001d74ea8d800 JavaThread "pool-9-thread-1" [_thread_blocked, id=8100, stack(0x0000000cf2c00000,0x0000000cf2d00000)]
  0x000001d74ea8e000 JavaThread "Daemon Thread 4" [_thread_blocked, id=16776, stack(0x0000000cf0700000,0x0000000cf0800000)]
  0x000001d74ea8f800 JavaThread "Handler for socket connection from /127.0.0.1:49864 to /127.0.0.1:63538" [_thread_in_native, id=19448, stack(0x0000000cf0800000,0x0000000cf0900000)]
  0x000001d74ea96800 JavaThread "Cancel handler" [_thread_blocked, id=19240, stack(0x0000000cf0900000,0x0000000cf0a00000)]
  0x000001d74ea90800 JavaThread "Daemon worker Thread 4" [_thread_blocked, id=13084, stack(0x0000000cf2000000,0x0000000cf2100000)]
  0x000001d74ea99800 JavaThread "Asynchronous log dispatcher for DefaultDaemonConnection: socket connection from /127.0.0.1:49864 to /127.0.0.1:63538" [_thread_blocked, id=1104, stack(0x0000000cf2100000,0x0000000cf2200000)]
  0x000001d74ea98000 JavaThread "Stdin handler" [_thread_blocked, id=18400, stack(0x0000000cf2200000,0x0000000cf2300000)]
  0x000001d74ea9a800 JavaThread "Daemon client event forwarder" [_thread_blocked, id=18888, stack(0x0000000cf2300000,0x0000000cf2400000)]
  0x000001d74ea9b000 JavaThread "Cache worker for file hash cache (E:\LAPTRINHTHIETBIDIDONG\Frament_tk3\.gradle\7.0.2\fileHashes)" [_thread_blocked, id=8008, stack(0x0000000cf2400000,0x0000000cf2500000)]
  0x000001d754d1c000 JavaThread "Cache worker for checksums cache (E:\LAPTRINHTHIETBIDIDONG\Frament_tk3\.gradle\checksums)" [_thread_blocked, id=10216, stack(0x0000000cf2500000,0x0000000cf2600000)]
  0x000001d754d20000 JavaThread "Cache worker for cache directory md-supplier (C:\Users\DELL\.gradle\caches\7.0.2\md-supplier)" [_thread_blocked, id=12180, stack(0x0000000cf2600000,0x0000000cf2700000)]
  0x000001d754d21800 JavaThread "Cache worker for cache directory md-rule (C:\Users\DELL\.gradle\caches\7.0.2\md-rule)" [_thread_blocked, id=2444, stack(0x0000000cf2700000,0x0000000cf2800000)]
  0x000001d754d22800 JavaThread "Cache worker for dependencies-accessors (E:\LAPTRINHTHIETBIDIDONG\Frament_tk3\.gradle\7.0.2\dependencies-accessors)" [_thread_blocked, id=10412, stack(0x0000000cf3300000,0x0000000cf3400000)]
  0x000001d754d1d000 JavaThread "Cache worker for Build Output Cleanup Cache (E:\LAPTRINHTHIETBIDIDONG\Frament_tk3\.gradle\buildOutputCleanup)" [_thread_blocked, id=1940, stack(0x0000000cf3400000,0x0000000cf3500000)]
  0x000001d754d1e800 JavaThread "Build operations" [_thread_blocked, id=2968, stack(0x0000000cf3800000,0x0000000cf3900000)]
  0x000001d754d23800 JavaThread "Build operations Thread 2" [_thread_blocked, id=9284, stack(0x0000000cf3900000,0x0000000cf3a00000)]
  0x000001d754d1d800 JavaThread "Build operations Thread 3" [_thread_blocked, id=3028, stack(0x0000000cf3a00000,0x0000000cf3b00000)]
  0x000001d754d2a000 JavaThread "Build operations Thread 4" [_thread_blocked, id=72, stack(0x0000000cf3b00000,0x0000000cf3c00000)]
=>0x000001d74f371000 JavaThread "C2 CompilerThread1" daemon [_thread_in_native, id=16032, stack(0x0000000cf3c00000,0x0000000cf3d00000)]
  0x000001d754d24000 JavaThread "build event listener" [_thread_blocked, id=10964, stack(0x0000000cf3d00000,0x0000000cf3e00000)]
  0x000001d754d25000 JavaThread "pool-12-thread-1" [_thread_blocked, id=9960, stack(0x0000000cf4000000,0x0000000cf4100000)]
  0x000001d754d28000 JavaThread "build event listener" [_thread_blocked, id=18500, stack(0x0000000cf4100000,0x0000000cf4200000)]
  0x000001d754d27800 JavaThread "Execution worker for ':'" [_thread_blocked, id=1040, stack(0x0000000cf4200000,0x0000000cf4300000)]
  0x000001d754d29000 JavaThread "Execution worker for ':' Thread 2" [_thread_blocked, id=10336, stack(0x0000000cf4300000,0x0000000cf4400000)]
  0x000001d754d26000 JavaThread "Execution worker for ':' Thread 3" [_thread_in_vm, id=14616, stack(0x0000000cf4400000,0x0000000cf4500000)]
  0x000001d754d26800 JavaThread "Cache worker for execution history cache (E:\LAPTRINHTHIETBIDIDONG\Frament_tk3\.gradle\7.0.2\executionHistory)" [_thread_blocked, id=9744, stack(0x0000000cf4500000,0x0000000cf4600000)]
  0x000001d74e691000 JavaThread "WorkerExecutor Queue" [_thread_blocked, id=10528, stack(0x0000000cf4600000,0x0000000cf4700000)]
  0x000001d74e694000 JavaThread "WorkerExecutor Queue Thread 2" [_thread_blocked, id=6572, stack(0x0000000cf4700000,0x0000000cf4800000)]

Other Threads:
  0x000001d74be5b000 VMThread "VM Thread" [stack: 0x0000000cf1000000,0x0000000cf1100000] [id=14480]
  0x000001d74c955000 WatcherThread [stack: 0x0000000cf1a00000,0x0000000cf1b00000] [id=10760]
  0x000001d731b76000 GCTaskThread "GC Thread#0" [stack: 0x0000000cf0b00000,0x0000000cf0c00000] [id=19440]
  0x000001d74d32c800 GCTaskThread "GC Thread#1" [stack: 0x0000000cf1c00000,0x0000000cf1d00000] [id=17824]
  0x000001d74d1d2800 GCTaskThread "GC Thread#2" [stack: 0x0000000cf1d00000,0x0000000cf1e00000] [id=18000]
  0x000001d74d3ae000 GCTaskThread "GC Thread#3" [stack: 0x0000000cf2a00000,0x0000000cf2b00000] [id=5540]
  0x000001d731ba5800 ConcurrentGCThread "G1 Main Marker" [stack: 0x0000000cf0c00000,0x0000000cf0d00000] [id=4584]
  0x000001d731ba7000 ConcurrentGCThread "G1 Conc#0" [stack: 0x0000000cf0d00000,0x0000000cf0e00000] [id=11276]
  0x000001d731c38000 ConcurrentGCThread "G1 Refine#0" [stack: 0x0000000cf0e00000,0x0000000cf0f00000] [id=18248]
  0x000001d7517e7800 ConcurrentGCThread "G1 Refine#1" [stack: 0x0000000cf4800000,0x0000000cf4900000] [id=7196]
  0x000001d75a356800 ConcurrentGCThread "G1 Refine#2" [stack: 0x0000000cf4900000,0x0000000cf4a00000] [id=2728]
  0x000001d731c39000 ConcurrentGCThread "G1 Young RemSet Sampling" [stack: 0x0000000cf0f00000,0x0000000cf1000000] [id=15404]

Threads with active compile tasks:
C2 CompilerThread03478584 17618       4       com.google.common.collect.LinkedListMultimap$ValueForKeyIterator::<init> (140 bytes)
C2 CompilerThread13478584 17604   !   4       org.apache.xerces.impl.XMLDocumentFragmentScannerImpl$FragmentContentDispatcher::dispatch (1128 bytes)

VM state:not at safepoint (normal execution)

VM Mutex/Monitor currently owned by a thread: None

Heap address: 0x0000000080000000, size: 2048 MB, Compressed Oops mode: 32-bit
Narrow klass base: 0x0000000000000000, Narrow klass shift: 3
Compressed class space size: 1073741824 Address: 0x0000000100000000

Heap:
 garbage-first heap   total 225280K, used 152357K [0x0000000080000000, 0x0000000100000000)
  region size 1024K, 34 young (34816K), 7 survivors (7168K)
 Metaspace       used 116963K, capacity 119753K, committed 120908K, reserved 1155072K
  class space    used 14470K, capacity 15482K, committed 15744K, reserved 1048576K
Heap Regions: E=young(eden), S=young(survivor), O=old, HS=humongous(starts), HC=humongous(continues), CS=collection set, F=free, A=archive, TAMS=top-at-mark-start (previous, next)
|   0|0x0000000080000000, 0x0000000080100000, 0x0000000080100000|100%| O|  |TAMS 0x0000000080100000, 0x0000000080000000| Untracked 
|   1|0x0000000080100000, 0x0000000080200000, 0x0000000080200000|100%|HS|  |TAMS 0x0000000080200000, 0x0000000080100000| Complete 
|   2|0x0000000080200000, 0x0000000080300000, 0x0000000080300000|100%|HC|  |TAMS 0x0000000080300000, 0x0000000080200000| Complete 
|   3|0x0000000080300000, 0x0000000080400000, 0x0000000080400000|100%|HS|  |TAMS 0x0000000080400000, 0x0000000080300000| Complete 
|   4|0x0000000080400000, 0x0000000080500000, 0x0000000080500000|100%|HC|  |TAMS 0x0000000080500000, 0x0000000080400000| Complete 
|   5|0x0000000080500000, 0x0000000080600000, 0x0000000080600000|100%|HC|  |TAMS 0x0000000080600000, 0x0000000080500000| Complete 
|   6|0x0000000080600000, 0x0000000080700000, 0x0000000080700000|100%| O|  |TAMS 0x0000000080700000, 0x0000000080600000| Untracked 
|   7|0x0000000080700000, 0x0000000080800000, 0x0000000080800000|100%| O|  |TAMS 0x0000000080800000, 0x0000000080700000| Untracked 
|   8|0x0000000080800000, 0x0000000080900000, 0x0000000080900000|100%| O|  |TAMS 0x0000000080900000, 0x0000000080800000| Untracked 
|   9|0x0000000080900000, 0x0000000080a00000, 0x0000000080a00000|100%| O|  |TAMS 0x0000000080a00000, 0x0000000080900000| Untracked 
|  10|0x0000000080a00000, 0x0000000080b00000, 0x0000000080b00000|100%|HS|  |TAMS 0x0000000080b00000, 0x0000000080a00000| Complete 
|  11|0x0000000080b00000, 0x0000000080c00000, 0x0000000080c00000|100%|HC|  |TAMS 0x0000000080c00000, 0x0000000080b00000| Complete 
|  12|0x0000000080c00000, 0x0000000080d00000, 0x0000000080d00000|100%|HC|  |TAMS 0x0000000080d00000, 0x0000000080c00000| Complete 
|  13|0x0000000080d00000, 0x0000000080e00000, 0x0000000080e00000|100%|HS|  |TAMS 0x0000000080e00000, 0x0000000080d00000| Complete 
|  14|0x0000000080e00000, 0x0000000080f00000, 0x0000000080f00000|100%|HC|  |TAMS 0x0000000080f00000, 0x0000000080e00000| Complete 
|  15|0x0000000080f00000, 0x0000000081000000, 0x0000000081000000|100%|HC|  |TAMS 0x0000000081000000, 0x0000000080f00000| Complete 
|  16|0x0000000081000000, 0x0000000081100000, 0x0000000081100000|100%|HC|  |TAMS 0x0000000081100000, 0x0000000081000000| Complete 
|  17|0x0000000081100000, 0x0000000081200000, 0x0000000081200000|100%|HC|  |TAMS 0x0000000081200000, 0x0000000081100000| Complete 
|  18|0x0000000081200000, 0x0000000081300000, 0x0000000081300000|100%| O|  |TAMS 0x0000000081300000, 0x0000000081200000| Untracked 
|  19|0x0000000081300000, 0x0000000081400000, 0x0000000081400000|100%| O|  |TAMS 0x0000000081400000, 0x0000000081300000| Untracked 
|  20|0x0000000081400000, 0x0000000081500000, 0x0000000081500000|100%| O|  |TAMS 0x0000000081500000, 0x0000000081400000| Untracked 
|  21|0x0000000081500000, 0x0000000081600000, 0x0000000081600000|100%| O|  |TAMS 0x0000000081600000, 0x0000000081500000| Untracked 
|  22|0x0000000081600000, 0x0000000081700000, 0x0000000081700000|100%| O|  |TAMS 0x0000000081700000, 0x0000000081600000| Complete 
|  23|0x0000000081700000, 0x0000000081800000, 0x0000000081800000|100%| O|  |TAMS 0x0000000081800000, 0x0000000081700000| Untracked 
|  24|0x0000000081800000, 0x0000000081900000, 0x0000000081900000|100%| O|  |TAMS 0x0000000081900000, 0x0000000081800000| Complete 
|  25|0x0000000081900000, 0x0000000081a00000, 0x0000000081a00000|100%| O|  |TAMS 0x0000000081a00000, 0x0000000081900000| Complete 
|  26|0x0000000081a00000, 0x0000000081b00000, 0x0000000081b00000|100%| O|  |TAMS 0x0000000081b00000, 0x0000000081a00000| Complete 
|  27|0x0000000081b00000, 0x0000000081c00000, 0x0000000081c00000|100%| O|  |TAMS 0x0000000081c00000, 0x0000000081b00000| Complete 
|  28|0x0000000081c00000, 0x0000000081d00000, 0x0000000081d00000|100%| O|  |TAMS 0x0000000081d00000, 0x0000000081c00000| Complete 
|  29|0x0000000081d00000, 0x0000000081e00000, 0x0000000081e00000|100%| O|  |TAMS 0x0000000081e00000, 0x0000000081d00000| Untracked 
|  30|0x0000000081e00000, 0x0000000081f00000, 0x0000000081f00000|100%| O|  |TAMS 0x0000000081f00000, 0x0000000081e00000| Untracked 
|  31|0x0000000081f00000, 0x0000000082000000, 0x0000000082000000|100%| O|  |TAMS 0x0000000082000000, 0x0000000081f00000| Untracked 
|  32|0x0000000082000000, 0x0000000082100000, 0x0000000082100000|100%| O|  |TAMS 0x0000000082100000, 0x0000000082000000| Complete 
|  33|0x0000000082100000, 0x0000000082200000, 0x0000000082200000|100%|HS|  |TAMS 0x0000000082100000, 0x0000000082100000| Complete 
|  34|0x0000000082200000, 0x0000000082300000, 0x0000000082300000|100%|HS|  |TAMS 0x0000000082300000, 0x0000000082200000| Complete 
|  35|0x0000000082300000, 0x0000000082400000, 0x0000000082400000|100%|HC|  |TAMS 0x0000000082400000, 0x0000000082300000| Complete 
|  36|0x0000000082400000, 0x0000000082500000, 0x0000000082500000|100%|HC|  |TAMS 0x0000000082500000, 0x0000000082400000| Complete 
|  37|0x0000000082500000, 0x0000000082600000, 0x0000000082600000|100%|HC|  |TAMS 0x0000000082600000, 0x0000000082500000| Complete 
|  38|0x0000000082600000, 0x0000000082700000, 0x0000000082700000|100%|HC|  |TAMS 0x0000000082700000, 0x0000000082600000| Complete 
|  39|0x0000000082700000, 0x0000000082800000, 0x0000000082800000|100%|HS|  |TAMS 0x0000000082800000, 0x0000000082700000| Complete 
|  40|0x0000000082800000, 0x0000000082900000, 0x0000000082900000|100%|HC|  |TAMS 0x0000000082900000, 0x0000000082800000| Complete 
|  41|0x0000000082900000, 0x0000000082a00000, 0x0000000082a00000|100%|HC|  |TAMS 0x0000000082a00000, 0x0000000082900000| Complete 
|  42|0x0000000082a00000, 0x0000000082b00000, 0x0000000082b00000|100%| O|  |TAMS 0x0000000082b00000, 0x0000000082a00000| Complete 
|  43|0x0000000082b00000, 0x0000000082c00000, 0x0000000082c00000|100%| O|  |TAMS 0x0000000082c00000, 0x0000000082b00000| Complete 
|  44|0x0000000082c00000, 0x0000000082d00000, 0x0000000082d00000|100%| O|  |TAMS 0x0000000082d00000, 0x0000000082c00000| Untracked 
|  45|0x0000000082d00000, 0x0000000082e00000, 0x0000000082e00000|100%|HS|  |TAMS 0x0000000082d00000, 0x0000000082d00000| Complete 
|  46|0x0000000082e00000, 0x0000000082f00000, 0x0000000082f00000|100%|HS|  |TAMS 0x0000000082f00000, 0x0000000082e00000| Complete 
|  47|0x0000000082f00000, 0x0000000083000000, 0x0000000083000000|100%|HS|  |TAMS 0x0000000082f00000, 0x0000000082f00000| Complete 
|  48|0x0000000083000000, 0x0000000083100000, 0x0000000083100000|100%| O|  |TAMS 0x0000000083100000, 0x0000000083000000| Untracked 
|  49|0x0000000083100000, 0x0000000083200000, 0x0000000083200000|100%| O|  |TAMS 0x0000000083200000, 0x0000000083100000| Untracked 
|  50|0x0000000083200000, 0x0000000083300000, 0x0000000083300000|100%| O|  |TAMS 0x0000000083300000, 0x0000000083200000| Untracked 
|  51|0x0000000083300000, 0x0000000083400000, 0x0000000083400000|100%| O|  |TAMS 0x0000000083400000, 0x0000000083300000| Complete 
|  52|0x0000000083400000, 0x0000000083500000, 0x0000000083500000|100%|HS|  |TAMS 0x0000000083500000, 0x0000000083400000| Complete 
|  53|0x0000000083500000, 0x0000000083600000, 0x0000000083600000|100%|HS|  |TAMS 0x0000000083600000, 0x0000000083500000| Complete 
|  54|0x0000000083600000, 0x0000000083700000, 0x0000000083700000|100%|HC|  |TAMS 0x0000000083700000, 0x0000000083600000| Complete 
|  55|0x0000000083700000, 0x0000000083800000, 0x0000000083800000|100%| O|  |TAMS 0x0000000083800000, 0x0000000083700000| Untracked 
|  56|0x0000000083800000, 0x0000000083800000, 0x0000000083900000|  0%| F|  |TAMS 0x0000000083800000, 0x0000000083800000| Untracked 
|  57|0x0000000083900000, 0x0000000083900000, 0x0000000083a00000|  0%| F|  |TAMS 0x0000000083900000, 0x0000000083900000| Untracked 
|  58|0x0000000083a00000, 0x0000000083b00000, 0x0000000083b00000|100%| O|  |TAMS 0x0000000083b00000, 0x0000000083a00000| Untracked 
|  59|0x0000000083b00000, 0x0000000083c00000, 0x0000000083c00000|100%| O|  |TAMS 0x0000000083c00000, 0x0000000083b00000| Untracked 
|  60|0x0000000083c00000, 0x0000000083d00000, 0x0000000083d00000|100%| O|  |TAMS 0x0000000083d00000, 0x0000000083c00000| Untracked 
|  61|0x0000000083d00000, 0x0000000083e00000, 0x0000000083e00000|100%| O|  |TAMS 0x0000000083e00000, 0x0000000083d00000| Untracked 
|  62|0x0000000083e00000, 0x0000000083f00000, 0x0000000083f00000|100%| O|  |TAMS 0x0000000083f00000, 0x0000000083e00000| Complete 
|  63|0x0000000083f00000, 0x0000000084000000, 0x0000000084000000|100%| O|  |TAMS 0x0000000084000000, 0x0000000083f00000| Complete 
|  64|0x0000000084000000, 0x0000000084100000, 0x0000000084100000|100%| O|  |TAMS 0x0000000084100000, 0x0000000084000000| Complete 
|  65|0x0000000084100000, 0x0000000084200000, 0x0000000084200000|100%| O|  |TAMS 0x0000000084200000, 0x0000000084100000| Complete 
|  66|0x0000000084200000, 0x0000000084300000, 0x0000000084300000|100%| O|  |TAMS 0x0000000084300000, 0x0000000084200000| Complete 
|  67|0x0000000084300000, 0x0000000084400000, 0x0000000084400000|100%| O|  |TAMS 0x0000000084400000, 0x0000000084300000| Complete 
|  68|0x0000000084400000, 0x0000000084500000, 0x0000000084500000|100%| O|  |TAMS 0x0000000084500000, 0x0000000084400000| Complete 
|  69|0x0000000084500000, 0x0000000084600000, 0x0000000084600000|100%| O|  |TAMS 0x0000000084600000, 0x0000000084500000| Untracked 
|  70|0x0000000084600000, 0x0000000084700000, 0x0000000084700000|100%| O|  |TAMS 0x0000000084700000, 0x0000000084600000| Complete 
|  71|0x0000000084700000, 0x0000000084800000, 0x0000000084800000|100%| O|  |TAMS 0x0000000084800000, 0x0000000084700000| Complete 
|  72|0x0000000084800000, 0x0000000084900000, 0x0000000084900000|100%| O|  |TAMS 0x0000000084900000, 0x0000000084800000| Complete 
|  73|0x0000000084900000, 0x0000000084a00000, 0x0000000084a00000|100%| O|  |TAMS 0x0000000084a00000, 0x0000000084900000| Complete 
|  74|0x0000000084a00000, 0x0000000084b00000, 0x0000000084b00000|100%| O|  |TAMS 0x0000000084b00000, 0x0000000084a00000| Complete 
|  75|0x0000000084b00000, 0x0000000084c00000, 0x0000000084c00000|100%| O|  |TAMS 0x0000000084c00000, 0x0000000084b00000| Complete 
|  76|0x0000000084c00000, 0x0000000084d00000, 0x0000000084d00000|100%| O|  |TAMS 0x0000000084d00000, 0x0000000084c00000| Complete 
|  77|0x0000000084d00000, 0x0000000084e00000, 0x0000000084e00000|100%| O|  |TAMS 0x0000000084e00000, 0x0000000084d00000| Untracked 
|  78|0x0000000084e00000, 0x0000000084f00000, 0x0000000084f00000|100%| O|  |TAMS 0x0000000084f00000, 0x0000000084e00000| Complete 
|  79|0x0000000084f00000, 0x0000000085000000, 0x0000000085000000|100%| O|  |TAMS 0x0000000085000000, 0x0000000084f00000| Complete 
|  80|0x0000000085000000, 0x0000000085100000, 0x0000000085100000|100%| O|  |TAMS 0x0000000085100000, 0x0000000085000000| Complete 
|  81|0x0000000085100000, 0x0000000085200000, 0x0000000085200000|100%| O|  |TAMS 0x0000000085200000, 0x0000000085100000| Complete 
|  82|0x0000000085200000, 0x0000000085300000, 0x0000000085300000|100%| O|  |TAMS 0x0000000085300000, 0x0000000085200000| Complete 
|  83|0x0000000085300000, 0x0000000085400000, 0x0000000085400000|100%| O|  |TAMS 0x0000000085400000, 0x0000000085300000| Complete 
|  84|0x0000000085400000, 0x0000000085500000, 0x0000000085500000|100%| O|  |TAMS 0x0000000085500000, 0x0000000085400000| Complete 
|  85|0x0000000085500000, 0x0000000085600000, 0x0000000085600000|100%| O|  |TAMS 0x0000000085600000, 0x0000000085500000| Complete 
|  86|0x0000000085600000, 0x0000000085700000, 0x0000000085700000|100%| O|  |TAMS 0x0000000085700000, 0x0000000085600000| Complete 
|  87|0x0000000085700000, 0x0000000085700000, 0x0000000085800000|  0%| F|  |TAMS 0x0000000085700000, 0x0000000085700000| Untracked 
|  88|0x0000000085800000, 0x0000000085800000, 0x0000000085900000|  0%| F|  |TAMS 0x0000000085800000, 0x0000000085800000| Untracked 
|  89|0x0000000085900000, 0x0000000085900000, 0x0000000085a00000|  0%| F|  |TAMS 0x0000000085900000, 0x0000000085900000| Untracked 
|  90|0x0000000085a00000, 0x0000000085b00000, 0x0000000085b00000|100%| O|  |TAMS 0x0000000085b00000, 0x0000000085a00000| Complete 
|  91|0x0000000085b00000, 0x0000000085c00000, 0x0000000085c00000|100%| O|  |TAMS 0x0000000085c00000, 0x0000000085b00000| Complete 
|  92|0x0000000085c00000, 0x0000000085d00000, 0x0000000085d00000|100%| O|  |TAMS 0x0000000085d00000, 0x0000000085c00000| Complete 
|  93|0x0000000085d00000, 0x0000000085d00000, 0x0000000085e00000|  0%| F|  |TAMS 0x0000000085d00000, 0x0000000085d00000| Untracked 
|  94|0x0000000085e00000, 0x0000000085f00000, 0x0000000085f00000|100%| O|  |TAMS 0x0000000085f00000, 0x0000000085e00000| Complete 
|  95|0x0000000085f00000, 0x0000000086000000, 0x0000000086000000|100%| O|  |TAMS 0x0000000086000000, 0x0000000085f00000| Untracked 
|  96|0x0000000086000000, 0x0000000086100000, 0x0000000086100000|100%| O|  |TAMS 0x0000000086100000, 0x0000000086000000| Untracked 
|  97|0x0000000086100000, 0x0000000086200000, 0x0000000086200000|100%| O|  |TAMS 0x0000000086200000, 0x0000000086100000| Complete 
|  98|0x0000000086200000, 0x0000000086200000, 0x0000000086300000|  0%| F|  |TAMS 0x0000000086200000, 0x0000000086200000| Untracked 
|  99|0x0000000086300000, 0x0000000086300000, 0x0000000086400000|  0%| F|  |TAMS 0x0000000086300000, 0x0000000086300000| Untracked 
| 100|0x0000000086400000, 0x0000000086400000, 0x0000000086500000|  0%| F|  |TAMS 0x0000000086400000, 0x0000000086400000| Untracked 
| 101|0x0000000086500000, 0x0000000086500000, 0x0000000086600000|  0%| F|  |TAMS 0x0000000086500000, 0x0000000086500000| Untracked 
| 102|0x0000000086600000, 0x0000000086700000, 0x0000000086700000|100%| O|  |TAMS 0x0000000086700000, 0x0000000086600000| Complete 
| 103|0x0000000086700000, 0x0000000086700000, 0x0000000086800000|  0%| F|  |TAMS 0x0000000086700000, 0x0000000086700000| Untracked 
| 104|0x0000000086800000, 0x0000000086800000, 0x0000000086900000|  0%| F|  |TAMS 0x0000000086800000, 0x0000000086800000| Untracked 
| 105|0x0000000086900000, 0x0000000086900000, 0x0000000086a00000|  0%| F|  |TAMS 0x0000000086900000, 0x0000000086900000| Untracked 
| 106|0x0000000086a00000, 0x0000000086a00000, 0x0000000086b00000|  0%| F|  |TAMS 0x0000000086a00000, 0x0000000086a00000| Untracked 
| 107|0x0000000086b00000, 0x0000000086b00000, 0x0000000086c00000|  0%| F|  |TAMS 0x0000000086b00000, 0x0000000086b00000| Untracked 
| 108|0x0000000086c00000, 0x0000000086c00000, 0x0000000086d00000|  0%| F|  |TAMS 0x0000000086c00000, 0x0000000086c00000| Untracked 
| 109|0x0000000086d00000, 0x0000000086d00000, 0x0000000086e00000|  0%| F|  |TAMS 0x0000000086d00000, 0x0000000086d00000| Untracked 
| 110|0x0000000086e00000, 0x0000000086e00000, 0x0000000086f00000|  0%| F|  |TAMS 0x0000000086e00000, 0x0000000086e00000| Untracked 
| 111|0x0000000086f00000, 0x0000000086f00000, 0x0000000087000000|  0%| F|  |TAMS 0x0000000086f00000, 0x0000000086f00000| Untracked 
| 112|0x0000000087000000, 0x0000000087100000, 0x0000000087100000|100%| O|  |TAMS 0x0000000087100000, 0x0000000087000000| Untracked 
| 113|0x0000000087100000, 0x0000000087200000, 0x0000000087200000|100%| O|  |TAMS 0x0000000087200000, 0x0000000087100000| Complete 
| 114|0x0000000087200000, 0x0000000087200000, 0x0000000087300000|  0%| F|  |TAMS 0x0000000087200000, 0x0000000087200000| Untracked 
| 115|0x0000000087300000, 0x0000000087400000, 0x0000000087400000|100%| O|  |TAMS 0x0000000087400000, 0x0000000087300000| Complete 
| 116|0x0000000087400000, 0x0000000087400000, 0x0000000087500000|  0%| F|  |TAMS 0x0000000087400000, 0x0000000087400000| Untracked 
| 117|0x0000000087500000, 0x0000000087600000, 0x0000000087600000|100%| O|  |TAMS 0x0000000087600000, 0x0000000087500000| Complete 
| 118|0x0000000087600000, 0x0000000087700000, 0x0000000087700000|100%| O|  |TAMS 0x0000000087700000, 0x0000000087600000| Complete 
| 119|0x0000000087700000, 0x0000000087800000, 0x0000000087800000|100%| O|  |TAMS 0x0000000087800000, 0x0000000087700000| Complete 
| 120|0x0000000087800000, 0x0000000087900000, 0x0000000087900000|100%| O|  |TAMS 0x0000000087900000, 0x0000000087800000| Complete 
| 121|0x0000000087900000, 0x0000000087a00000, 0x0000000087a00000|100%| O|  |TAMS 0x0000000087a00000, 0x0000000087900000| Untracked 
| 122|0x0000000087a00000, 0x0000000087b00000, 0x0000000087b00000|100%| O|  |TAMS 0x0000000087b00000, 0x0000000087a00000| Untracked 
| 123|0x0000000087b00000, 0x0000000087c00000, 0x0000000087c00000|100%| O|  |TAMS 0x0000000087c00000, 0x0000000087b00000| Untracked 
| 124|0x0000000087c00000, 0x0000000087d00000, 0x0000000087d00000|100%| O|  |TAMS 0x0000000087d00000, 0x0000000087c00000| Untracked 
| 125|0x0000000087d00000, 0x0000000087e00000, 0x0000000087e00000|100%| O|  |TAMS 0x0000000087e00000, 0x0000000087d00000| Untracked 
| 126|0x0000000087e00000, 0x0000000087f00000, 0x0000000087f00000|100%| O|  |TAMS 0x0000000087f00000, 0x0000000087e00000| Untracked 
| 127|0x0000000087f00000, 0x0000000088000000, 0x0000000088000000|100%| O|  |TAMS 0x0000000088000000, 0x0000000087f00000| Untracked 
| 128|0x0000000088000000, 0x0000000088100000, 0x0000000088100000|100%| O|  |TAMS 0x0000000088100000, 0x0000000088000000| Untracked 
| 129|0x0000000088100000, 0x0000000088200000, 0x0000000088200000|100%| O|  |TAMS 0x0000000088200000, 0x0000000088100000| Untracked 
| 130|0x0000000088200000, 0x0000000088300000, 0x0000000088300000|100%| O|  |TAMS 0x0000000088300000, 0x0000000088200000| Untracked 
| 131|0x0000000088300000, 0x0000000088400000, 0x0000000088400000|100%| O|  |TAMS 0x0000000088400000, 0x0000000088300000| Complete 
| 132|0x0000000088400000, 0x0000000088500000, 0x0000000088500000|100%| O|  |TAMS 0x0000000088500000, 0x0000000088400000| Complete 
| 133|0x0000000088500000, 0x0000000088600000, 0x0000000088600000|100%| O|  |TAMS 0x0000000088600000, 0x0000000088500000| Complete 
| 134|0x0000000088600000, 0x0000000088700000, 0x0000000088700000|100%| O|  |TAMS 0x0000000088700000, 0x0000000088600000| Untracked 
| 135|0x0000000088700000, 0x0000000088800000, 0x0000000088800000|100%| O|  |TAMS 0x0000000088800000, 0x0000000088700000| Untracked 
| 136|0x0000000088800000, 0x0000000088900000, 0x0000000088900000|100%| O|  |TAMS 0x0000000088900000, 0x0000000088800000| Untracked 
| 137|0x0000000088900000, 0x0000000088900000, 0x0000000088a00000|  0%| F|  |TAMS 0x0000000088900000, 0x0000000088900000| Untracked 
| 138|0x0000000088a00000, 0x0000000088a00000, 0x0000000088b00000|  0%| F|  |TAMS 0x0000000088a00000, 0x0000000088a00000| Untracked 
| 139|0x0000000088b00000, 0x0000000088b00000, 0x0000000088c00000|  0%| F|  |TAMS 0x0000000088b00000, 0x0000000088b00000| Untracked 
| 140|0x0000000088c00000, 0x0000000088c00000, 0x0000000088d00000|  0%| F|  |TAMS 0x0000000088c00000, 0x0000000088c00000| Untracked 
| 141|0x0000000088d00000, 0x0000000088d00000, 0x0000000088e00000|  0%| F|  |TAMS 0x0000000088d00000, 0x0000000088d00000| Untracked 
| 142|0x0000000088e00000, 0x0000000088e00000, 0x0000000088f00000|  0%| F|  |TAMS 0x0000000088e00000, 0x0000000088e00000| Untracked 
| 143|0x0000000088f00000, 0x0000000088f00000, 0x0000000089000000|  0%| F|  |TAMS 0x0000000088f00000, 0x0000000088f00000| Untracked 
| 144|0x0000000089000000, 0x0000000089000000, 0x0000000089100000|  0%| F|  |TAMS 0x0000000089000000, 0x0000000089000000| Untracked 
| 145|0x0000000089100000, 0x0000000089100000, 0x0000000089200000|  0%| F|  |TAMS 0x0000000089100000, 0x0000000089100000| Untracked 
| 146|0x0000000089200000, 0x0000000089200000, 0x0000000089300000|  0%| F|  |TAMS 0x0000000089200000, 0x0000000089200000| Untracked 
| 147|0x0000000089300000, 0x0000000089300000, 0x0000000089400000|  0%| F|  |TAMS 0x0000000089300000, 0x0000000089300000| Untracked 
| 148|0x0000000089400000, 0x0000000089400000, 0x0000000089500000|  0%| F|  |TAMS 0x0000000089400000, 0x0000000089400000| Untracked 
| 149|0x0000000089500000, 0x0000000089500000, 0x0000000089600000|  0%| F|  |TAMS 0x0000000089500000, 0x0000000089500000| Untracked 
| 150|0x0000000089600000, 0x0000000089600000, 0x0000000089700000|  0%| F|  |TAMS 0x0000000089600000, 0x0000000089600000| Untracked 
| 151|0x0000000089700000, 0x0000000089700000, 0x0000000089800000|  0%| F|  |TAMS 0x0000000089700000, 0x0000000089700000| Untracked 
| 152|0x0000000089800000, 0x0000000089800000, 0x0000000089900000|  0%| F|  |TAMS 0x0000000089800000, 0x0000000089800000| Untracked 
| 153|0x0000000089900000, 0x0000000089900000, 0x0000000089a00000|  0%| F|  |TAMS 0x0000000089900000, 0x0000000089900000| Untracked 
| 154|0x0000000089a00000, 0x0000000089a00000, 0x0000000089b00000|  0%| F|  |TAMS 0x0000000089a00000, 0x0000000089a00000| Untracked 
| 155|0x0000000089b00000, 0x0000000089b00000, 0x0000000089c00000|  0%| F|  |TAMS 0x0000000089b00000, 0x0000000089b00000| Untracked 
| 156|0x0000000089c00000, 0x0000000089c00000, 0x0000000089d00000|  0%| F|  |TAMS 0x0000000089c00000, 0x0000000089c00000| Untracked 
| 157|0x0000000089d00000, 0x0000000089d00000, 0x0000000089e00000|  0%| F|  |TAMS 0x0000000089d00000, 0x0000000089d00000| Untracked 
| 158|0x0000000089e00000, 0x0000000089e00000, 0x0000000089f00000|  0%| F|  |TAMS 0x0000000089e00000, 0x0000000089e00000| Untracked 
| 159|0x0000000089f00000, 0x0000000089f00000, 0x000000008a000000|  0%| F|  |TAMS 0x0000000089f00000, 0x0000000089f00000| Untracked 
| 160|0x000000008a000000, 0x000000008a000000, 0x000000008a100000|  0%| F|  |TAMS 0x000000008a000000, 0x000000008a000000| Untracked 
| 161|0x000000008a100000, 0x000000008a100000, 0x000000008a200000|  0%| F|  |TAMS 0x000000008a100000, 0x000000008a100000| Untracked 
| 162|0x000000008a200000, 0x000000008a200000, 0x000000008a300000|  0%| F|  |TAMS 0x000000008a200000, 0x000000008a200000| Untracked 
| 163|0x000000008a300000, 0x000000008a300000, 0x000000008a400000|  0%| F|  |TAMS 0x000000008a300000, 0x000000008a300000| Untracked 
| 164|0x000000008a400000, 0x000000008a400000, 0x000000008a500000|  0%| F|  |TAMS 0x000000008a400000, 0x000000008a400000| Untracked 
| 165|0x000000008a500000, 0x000000008a500000, 0x000000008a600000|  0%| F|  |TAMS 0x000000008a500000, 0x000000008a500000| Untracked 
| 166|0x000000008a600000, 0x000000008a600000, 0x000000008a700000|  0%| F|  |TAMS 0x000000008a600000, 0x000000008a600000| Untracked 
| 167|0x000000008a700000, 0x000000008a700000, 0x000000008a800000|  0%| F|  |TAMS 0x000000008a700000, 0x000000008a700000| Untracked 
| 168|0x000000008a800000, 0x000000008a800000, 0x000000008a900000|  0%| F|  |TAMS 0x000000008a800000, 0x000000008a800000| Untracked 
| 169|0x000000008a900000, 0x000000008a900000, 0x000000008aa00000|  0%| F|  |TAMS 0x000000008a900000, 0x000000008a900000| Untracked 
| 170|0x000000008aa00000, 0x000000008aa00000, 0x000000008ab00000|  0%| F|  |TAMS 0x000000008aa00000, 0x000000008aa00000| Untracked 
| 171|0x000000008ab00000, 0x000000008ab00000, 0x000000008ac00000|  0%| F|  |TAMS 0x000000008ab00000, 0x000000008ab00000| Untracked 
| 172|0x000000008ac00000, 0x000000008ac00000, 0x000000008ad00000|  0%| F|  |TAMS 0x000000008ac00000, 0x000000008ac00000| Untracked 
| 173|0x000000008ad00000, 0x000000008ad00000, 0x000000008ae00000|  0%| F|  |TAMS 0x000000008ad00000, 0x000000008ad00000| Untracked 
| 174|0x000000008ae00000, 0x000000008ae00000, 0x000000008af00000|  0%| F|  |TAMS 0x000000008ae00000, 0x000000008ae00000| Untracked 
| 175|0x000000008af00000, 0x000000008af00000, 0x000000008b000000|  0%| F|  |TAMS 0x000000008af00000, 0x000000008af00000| Untracked 
| 176|0x000000008b000000, 0x000000008b000000, 0x000000008b100000|  0%| F|  |TAMS 0x000000008b000000, 0x000000008b000000| Untracked 
| 177|0x000000008b100000, 0x000000008b100000, 0x000000008b200000|  0%| F|  |TAMS 0x000000008b100000, 0x000000008b100000| Untracked 
| 178|0x000000008b200000, 0x000000008b200000, 0x000000008b300000|  0%| F|  |TAMS 0x000000008b200000, 0x000000008b200000| Untracked 
| 179|0x000000008b300000, 0x000000008b300000, 0x000000008b400000|  0%| F|  |TAMS 0x000000008b300000, 0x000000008b300000| Untracked 
| 180|0x000000008b400000, 0x000000008b400000, 0x000000008b500000|  0%| F|  |TAMS 0x000000008b400000, 0x000000008b400000| Untracked 
| 181|0x000000008b500000, 0x000000008b500000, 0x000000008b600000|  0%| F|  |TAMS 0x000000008b500000, 0x000000008b500000| Untracked 
| 182|0x000000008b600000, 0x000000008b600000, 0x000000008b700000|  0%| F|  |TAMS 0x000000008b600000, 0x000000008b600000| Untracked 
| 183|0x000000008b700000, 0x000000008b700000, 0x000000008b800000|  0%| F|  |TAMS 0x000000008b700000, 0x000000008b700000| Untracked 
| 184|0x000000008b800000, 0x000000008b800000, 0x000000008b900000|  0%| F|  |TAMS 0x000000008b800000, 0x000000008b800000| Untracked 
| 185|0x000000008b900000, 0x000000008b980800, 0x000000008ba00000| 50%| E|  |TAMS 0x000000008b900000, 0x000000008b900000| Complete 
| 186|0x000000008ba00000, 0x000000008bb00000, 0x000000008bb00000|100%| E|CS|TAMS 0x000000008ba00000, 0x000000008ba00000| Complete 
| 187|0x000000008bb00000, 0x000000008bc00000, 0x000000008bc00000|100%| E|CS|TAMS 0x000000008bb00000, 0x000000008bb00000| Complete 
| 188|0x000000008bc00000, 0x000000008bd00000, 0x000000008bd00000|100%| E|CS|TAMS 0x000000008bc00000, 0x000000008bc00000| Complete 
| 189|0x000000008bd00000, 0x000000008be00000, 0x000000008be00000|100%| E|CS|TAMS 0x000000008bd00000, 0x000000008bd00000| Complete 
| 190|0x000000008be00000, 0x000000008bf00000, 0x000000008bf00000|100%| E|CS|TAMS 0x000000008be00000, 0x000000008be00000| Complete 
| 191|0x000000008bf00000, 0x000000008c000000, 0x000000008c000000|100%| E|CS|TAMS 0x000000008bf00000, 0x000000008bf00000| Complete 
| 192|0x000000008c000000, 0x000000008c100000, 0x000000008c100000|100%| E|CS|TAMS 0x000000008c000000, 0x000000008c000000| Complete 
| 193|0x000000008c100000, 0x000000008c1c9490, 0x000000008c200000| 78%| S|CS|TAMS 0x000000008c100000, 0x000000008c100000| Complete 
| 194|0x000000008c200000, 0x000000008c300000, 0x000000008c300000|100%| S|CS|TAMS 0x000000008c200000, 0x000000008c200000| Complete 
| 195|0x000000008c300000, 0x000000008c400000, 0x000000008c400000|100%| S|CS|TAMS 0x000000008c300000, 0x000000008c300000| Complete 
| 196|0x000000008c400000, 0x000000008c500000, 0x000000008c500000|100%| S|CS|TAMS 0x000000008c400000, 0x000000008c400000| Complete 
| 197|0x000000008c500000, 0x000000008c600000, 0x000000008c600000|100%| S|CS|TAMS 0x000000008c500000, 0x000000008c500000| Complete 
| 198|0x000000008c600000, 0x000000008c700000, 0x000000008c700000|100%| S|CS|TAMS 0x000000008c600000, 0x000000008c600000| Complete 
| 199|0x000000008c700000, 0x000000008c800000, 0x000000008c800000|100%| S|CS|TAMS 0x000000008c700000, 0x000000008c700000| Complete 
| 200|0x000000008c800000, 0x000000008c900000, 0x000000008c900000|100%| E|CS|TAMS 0x000000008c800000, 0x000000008c800000| Complete 
| 201|0x000000008c900000, 0x000000008ca00000, 0x000000008ca00000|100%| E|CS|TAMS 0x000000008c900000, 0x000000008c900000| Complete 
| 202|0x000000008ca00000, 0x000000008cb00000, 0x000000008cb00000|100%| E|CS|TAMS 0x000000008ca00000, 0x000000008ca00000| Complete 
| 203|0x000000008cb00000, 0x000000008cc00000, 0x000000008cc00000|100%| E|CS|TAMS 0x000000008cb00000, 0x000000008cb00000| Complete 
| 204|0x000000008cc00000, 0x000000008cd00000, 0x000000008cd00000|100%| E|CS|TAMS 0x000000008cc00000, 0x000000008cc00000| Complete 
| 205|0x000000008cd00000, 0x000000008ce00000, 0x000000008ce00000|100%| E|CS|TAMS 0x000000008cd00000, 0x000000008cd00000| Complete 
| 206|0x000000008ce00000, 0x000000008cf00000, 0x000000008cf00000|100%| E|CS|TAMS 0x000000008ce00000, 0x000000008ce00000| Complete 
| 207|0x000000008cf00000, 0x000000008d000000, 0x000000008d000000|100%| E|CS|TAMS 0x000000008cf00000, 0x000000008cf00000| Complete 
| 208|0x000000008d000000, 0x000000008d100000, 0x000000008d100000|100%| E|CS|TAMS 0x000000008d000000, 0x000000008d000000| Complete 
| 209|0x000000008d100000, 0x000000008d200000, 0x000000008d200000|100%| E|CS|TAMS 0x000000008d100000, 0x000000008d100000| Complete 
| 210|0x000000008d200000, 0x000000008d300000, 0x000000008d300000|100%| E|CS|TAMS 0x000000008d200000, 0x000000008d200000| Complete 
| 211|0x000000008d300000, 0x000000008d400000, 0x000000008d400000|100%| E|CS|TAMS 0x000000008d300000, 0x000000008d300000| Complete 
| 212|0x000000008d400000, 0x000000008d500000, 0x000000008d500000|100%| E|CS|TAMS 0x000000008d400000, 0x000000008d400000| Complete 
| 213|0x000000008d500000, 0x000000008d600000, 0x000000008d600000|100%| E|CS|TAMS 0x000000008d500000, 0x000000008d500000| Complete 
| 214|0x000000008d600000, 0x000000008d700000, 0x000000008d700000|100%| E|CS|TAMS 0x000000008d600000, 0x000000008d600000| Complete 
| 215|0x000000008d700000, 0x000000008d800000, 0x000000008d800000|100%| E|CS|TAMS 0x000000008d700000, 0x000000008d700000| Complete 
| 216|0x000000008d800000, 0x000000008d900000, 0x000000008d900000|100%| E|CS|TAMS 0x000000008d800000, 0x000000008d800000| Complete 
| 217|0x000000008d900000, 0x000000008da00000, 0x000000008da00000|100%| E|CS|TAMS 0x000000008d900000, 0x000000008d900000| Complete 
| 218|0x000000008da00000, 0x000000008db00000, 0x000000008db00000|100%| E|CS|TAMS 0x000000008da00000, 0x000000008da00000| Complete 
| 219|0x000000008db00000, 0x000000008dc00000, 0x000000008dc00000|100%| E|CS|TAMS 0x000000008db00000, 0x000000008db00000| Complete 

Card table byte_map: [0x000001d745070000,0x000001d745470000] _byte_map_base: 0x000001d744c70000

Marking Bits (Prev, Next): (CMBitMap*) 0x000001d731b9ccd8, (CMBitMap*) 0x000001d731b9cd10
 Prev Bits: [0x000001d745870000, 0x000001d747870000)
 Next Bits: [0x000001d747870000, 0x000001d749870000)

Polling page: 0x000001d730120000

Metaspace:

Usage:
  Non-class:    101.83 MB capacity,   100.09 MB ( 98%) used,     1.42 MB (  1%) free+waste,   323.31 KB ( <1%) overhead. 
      Class:     15.12 MB capacity,    14.13 MB ( 93%) used,   868.45 KB (  6%) free+waste,   142.94 KB ( <1%) overhead. 
       Both:    116.95 MB capacity,   114.22 MB ( 98%) used,     2.27 MB (  2%) free+waste,   466.25 KB ( <1%) overhead. 

Virtual space:
  Non-class space:      104.00 MB reserved,     102.70 MB ( 99%) committed 
      Class space:        1.00 GB reserved,      15.38 MB (  2%) committed 
             Both:        1.10 GB reserved,     118.07 MB ( 10%) committed 

Chunk freelists:
   Non-Class:  828.00 KB
       Class:  262.00 KB
        Both:  1.06 MB

MaxMetaspaceSize: 17179869184.00 GB
CompressedClassSpaceSize: 1.00 GB

CodeHeap 'non-profiled nmethods': size=120064Kb used=11010Kb max_used=11010Kb free=109053Kb
 bounds [0x000001d73d110000, 0x000001d73dbe0000, 0x000001d744650000]
CodeHeap 'profiled nmethods': size=120000Kb used=37911Kb max_used=37911Kb free=82088Kb
 bounds [0x000001d735be0000, 0x000001d7380f0000, 0x000001d73d110000]
CodeHeap 'non-nmethods': size=5696Kb used=2337Kb max_used=2412Kb free=3358Kb
 bounds [0x000001d735650000, 0x000001d7358c0000, 0x000001d735be0000]
 total_blobs=18352 nmethods=17395 adapters=867
 compilation: enabled
              stopped_count=0, restarted_count=0
 full_count=0

Compilation events (20 events):
Event: 3478.414 Thread 0x000001d74be89800 17602       3       com.android.ide.common.resources.configuration.CountryCodeQualifier::checkAndSet (18 bytes)
Event: 3478.414 Thread 0x000001d74be89800 nmethod 17602 0x000001d7380d1b90 code [0x000001d7380d1d80, 0x000001d7380d21c8]
Event: 3478.414 Thread 0x000001d74be89800 17603   !   3       com.android.ide.common.resources.configuration.NetworkCodeQualifier::checkAndSet (60 bytes)
Event: 3478.415 Thread 0x000001d74f371000 nmethod 17598 0x000001d73dbca910 code [0x000001d73dbcab40, 0x000001d73dbcbf08]
Event: 3478.415 Thread 0x000001d74be89800 nmethod 17603 0x000001d7380d2390 code [0x000001d7380d25c0, 0x000001d7380d2cd8]
Event: 3478.417 Thread 0x000001d74be83000 nmethod 17601 0x000001d73dbcc610 code [0x000001d73dbcc7c0, 0x000001d73dbccc98]
Event: 3478.437 Thread 0x000001d74f371000 17604   !   4       org.apache.xerces.impl.XMLDocumentFragmentScannerImpl$FragmentContentDispatcher::dispatch (1128 bytes)
Event: 3478.447 Thread 0x000001d74be89800 17605   !   3       org.apache.xerces.parsers.AbstractSAXParser::getEntityResolver (61 bytes)
Event: 3478.448 Thread 0x000001d74be89800 nmethod 17605 0x000001d7380d3010 code [0x000001d7380d3260, 0x000001d7380d3e78]
Event: 3478.448 Thread 0x000001d74be89800 17606   !   3       org.apache.xerces.parsers.AbstractSAXParser::setEntityResolver (124 bytes)
Event: 3478.449 Thread 0x000001d74be89800 nmethod 17606 0x000001d7380d4210 code [0x000001d7380d4500, 0x000001d7380d58e8]
Event: 3478.469 Thread 0x000001d74be89800 17607   !   3       org.apache.xerces.parsers.DOMParser::getEntityResolver (60 bytes)
Event: 3478.470 Thread 0x000001d74be89800 nmethod 17607 0x000001d7380d5f90 code [0x000001d7380d61e0, 0x000001d7380d6df8]
Event: 3478.478 Thread 0x000001d74be83000 17608       4       java.util.jar.JarFile::getVersionedEntry (85 bytes)
Event: 3478.500 Thread 0x000001d74be83000 nmethod 17608 0x000001d73dbccf10 code [0x000001d73dbcd100, 0x000001d73dbcdb58]
Event: 3478.500 Thread 0x000001d74be83000 17609   !   4       org.apache.xerces.parsers.XML11Configuration::setProperty (172 bytes)
Event: 3478.541 Thread 0x000001d74be89800 17612   !   3       org.apache.xerces.impl.dv.ObjectFactory::findProviderClass (137 bytes)
Event: 3478.543 Thread 0x000001d74be89800 nmethod 17612 0x000001d7380d7190 code [0x000001d7380d7540, 0x000001d7380d8d88]
Event: 3478.543 Thread 0x000001d74be89800 17613       3       org.apache.xerces.parsers.XML11Configuration::setDocumentHandler (46 bytes)
Event: 3478.543 Thread 0x000001d74be89800 nmethod 17613 0x000001d7380d9610 code [0x000001d7380d97e0, 0x000001d7380d9b38]

GC Heap History (20 events):
Event: 375.515 GC heap before
{Heap before GC invocations=27 (full 0):
 garbage-first heap   total 225280K, used 175550K [0x0000000080000000, 0x0000000100000000)
  region size 1024K, 75 young (76800K), 7 survivors (7168K)
 Metaspace       used 108984K, capacity 112229K, committed 112460K, reserved 1146880K
  class space    used 13699K, capacity 14852K, committed 14976K, reserved 1048576K
}
Event: 375.533 GC heap after
{Heap after GC invocations=28 (full 0):
 garbage-first heap   total 225280K, used 112944K [0x0000000080000000, 0x0000000100000000)
  region size 1024K, 10 young (10240K), 10 survivors (10240K)
 Metaspace       used 108984K, capacity 112229K, committed 112460K, reserved 1146880K
  class space    used 13699K, capacity 14852K, committed 14976K, reserved 1048576K
}
Event: 376.473 GC heap before
{Heap before GC invocations=28 (full 0):
 garbage-first heap   total 225280K, used 136496K [0x0000000080000000, 0x0000000100000000)
  region size 1024K, 35 young (35840K), 10 survivors (10240K)
 Metaspace       used 112370K, capacity 115653K, committed 115916K, reserved 1150976K
  class space    used 14125K, capacity 15243K, committed 15360K, reserved 1048576K
}
Event: 376.492 GC heap after
{Heap after GC invocations=29 (full 0):
 garbage-first heap   total 225280K, used 115138K [0x0000000080000000, 0x0000000100000000)
  region size 1024K, 3 young (3072K), 3 survivors (3072K)
 Metaspace       used 112370K, capacity 115653K, committed 115916K, reserved 1150976K
  class space    used 14125K, capacity 15243K, committed 15360K, reserved 1048576K
}
Event: 473.165 GC heap before
{Heap before GC invocations=30 (full 0):
 garbage-first heap   total 225280K, used 169410K [0x0000000080000000, 0x0000000100000000)
  region size 1024K, 56 young (57344K), 3 survivors (3072K)
 Metaspace       used 113067K, capacity 116278K, committed 116684K, reserved 1150976K
  class space    used 14143K, capacity 15263K, committed 15360K, reserved 1048576K
}
Event: 473.176 GC heap after
{Heap after GC invocations=31 (full 0):
 garbage-first heap   total 225280K, used 117452K [0x0000000080000000, 0x0000000100000000)
  region size 1024K, 5 young (5120K), 5 survivors (5120K)
 Metaspace       used 113067K, capacity 116278K, committed 116684K, reserved 1150976K
  class space    used 14143K, capacity 15263K, committed 15360K, reserved 1048576K
}
Event: 707.139 GC heap before
{Heap before GC invocations=31 (full 0):
 garbage-first heap   total 225280K, used 172748K [0x0000000080000000, 0x0000000100000000)
  region size 1024K, 60 young (61440K), 5 survivors (5120K)
 Metaspace       used 113575K, capacity 116805K, committed 116940K, reserved 1150976K
  class space    used 14172K, capacity 15308K, committed 15360K, reserved 1048576K
}
Event: 707.176 GC heap after
{Heap after GC invocations=32 (full 0):
 garbage-first heap   total 225280K, used 122550K [0x0000000080000000, 0x0000000100000000)
  region size 1024K, 8 young (8192K), 8 survivors (8192K)
 Metaspace       used 113575K, capacity 116805K, committed 116940K, reserved 1150976K
  class space    used 14172K, capacity 15308K, committed 15360K, reserved 1048576K
}
Event: 2263.138 GC heap before
{Heap before GC invocations=33 (full 0):
 garbage-first heap   total 225280K, used 176822K [0x0000000080000000, 0x0000000100000000)
  region size 1024K, 62 young (63488K), 8 survivors (8192K)
 Metaspace       used 113780K, capacity 116941K, committed 117196K, reserved 1150976K
  class space    used 14160K, capacity 15265K, committed 15360K, reserved 1048576K
}
Event: 2263.363 GC heap after
{Heap after GC invocations=34 (full 0):
 garbage-first heap   total 225280K, used 124569K [0x0000000080000000, 0x0000000100000000)
  region size 1024K, 3 young (3072K), 3 survivors (3072K)
 Metaspace       used 113780K, capacity 116941K, committed 117196K, reserved 1150976K
  class space    used 14160K, capacity 15265K, committed 15360K, reserved 1048576K
}
Event: 3472.728 GC heap before
{Heap before GC invocations=34 (full 0):
 garbage-first heap   total 225280K, used 179865K [0x0000000080000000, 0x0000000100000000)
  region size 1024K, 57 young (58368K), 3 survivors (3072K)
 Metaspace       used 114659K, capacity 117995K, committed 118092K, reserved 1153024K
  class space    used 14272K, capacity 15416K, committed 15488K, reserved 1048576K
}
Event: 3472.808 GC heap after
{Heap after GC invocations=35 (full 0):
 garbage-first heap   total 225280K, used 127433K [0x0000000080000000, 0x0000000100000000)
  region size 1024K, 6 young (6144K), 6 survivors (6144K)
 Metaspace       used 114659K, capacity 117995K, committed 118092K, reserved 1153024K
  class space    used 14272K, capacity 15416K, committed 15488K, reserved 1048576K
}
Event: 3476.251 GC heap before
{Heap before GC invocations=36 (full 0):
 garbage-first heap   total 225280K, used 181705K [0x0000000080000000, 0x0000000100000000)
  region size 1024K, 60 young (61440K), 6 survivors (6144K)
 Metaspace       used 116497K, capacity 119370K, committed 120652K, reserved 1155072K
  class space    used 14464K, capacity 15482K, committed 15744K, reserved 1048576K
}
Event: 3476.283 GC heap after
{Heap after GC invocations=37 (full 0):
 garbage-first heap   total 225280K, used 131721K [0x0000000080000000, 0x0000000100000000)
  region size 1024K, 8 young (8192K), 8 survivors (8192K)
 Metaspace       used 116497K, capacity 119370K, committed 120652K, reserved 1155072K
  class space    used 14464K, capacity 15482K, committed 15744K, reserved 1048576K
}
Event: 3476.373 GC heap before
{Heap before GC invocations=37 (full 0):
 garbage-first heap   total 225280K, used 134793K [0x0000000080000000, 0x0000000100000000)
  region size 1024K, 11 young (11264K), 8 survivors (8192K)
 Metaspace       used 116542K, capacity 119434K, committed 120652K, reserved 1155072K
  class space    used 14464K, capacity 15482K, committed 15744K, reserved 1048576K
}
Event: 3476.452 GC heap after
{Heap after GC invocations=38 (full 0):
 garbage-first heap   total 225280K, used 117991K [0x0000000080000000, 0x0000000100000000)
  region size 1024K, 1 young (1024K), 1 survivors (1024K)
 Metaspace       used 116542K, capacity 119434K, committed 120652K, reserved 1155072K
  class space    used 14464K, capacity 15482K, committed 15744K, reserved 1048576K
}
Event: 3476.846 GC heap before
{Heap before GC invocations=38 (full 0):
 garbage-first heap   total 225280K, used 127207K [0x0000000080000000, 0x0000000100000000)
  region size 1024K, 11 young (11264K), 1 survivors (1024K)
 Metaspace       used 116680K, capacity 119562K, committed 120652K, reserved 1155072K
  class space    used 14464K, capacity 15482K, committed 15744K, reserved 1048576K
}
Event: 3476.882 GC heap after
{Heap after GC invocations=39 (full 0):
 garbage-first heap   total 225280K, used 118784K [0x0000000080000000, 0x0000000100000000)
  region size 1024K, 2 young (2048K), 2 survivors (2048K)
 Metaspace       used 116680K, capacity 119562K, committed 120652K, reserved 1155072K
  class space    used 14464K, capacity 15482K, committed 15744K, reserved 1048576K
}
Event: 3477.717 GC heap before
{Heap before GC invocations=39 (full 0):
 garbage-first heap   total 225280K, used 136192K [0x0000000080000000, 0x0000000100000000)
  region size 1024K, 20 young (20480K), 2 survivors (2048K)
 Metaspace       used 116773K, capacity 119626K, committed 120908K, reserved 1155072K
  class space    used 14464K, capacity 15482K, committed 15744K, reserved 1048576K
}
Event: 3477.733 GC heap after
{Heap after GC invocations=40 (full 0):
 garbage-first heap   total 225280K, used 123685K [0x0000000080000000, 0x0000000100000000)
  region size 1024K, 7 young (7168K), 7 survivors (7168K)
 Metaspace       used 116773K, capacity 119626K, committed 120908K, reserved 1155072K
  class space    used 14464K, capacity 15482K, committed 15744K, reserved 1048576K
}

Deoptimization events (20 events):
Event: 3477.818 Thread 0x000001d754d26000 Uncommon trap: trap_request=0xffffff4d fr.pc=0x000001d73db77aa4 relative=0x0000000000000d64
Event: 3477.818 Thread 0x000001d754d26000 Uncommon trap: reason=unstable_if action=reinterpret pc=0x000001d73db77aa4 method=org.apache.xerces.impl.XMLNSDocumentScannerImpl.scanAttribute(Lorg/apache/xerces/util/XMLAttributesImpl;)V @ 276 c2
Event: 3477.818 Thread 0x000001d754d26000 DEOPT PACKING pc=0x000001d73db77aa4 sp=0x0000000cf44f9880
Event: 3477.818 Thread 0x000001d754d26000 DEOPT UNPACKING pc=0x000001d7356778af sp=0x0000000cf44f9838 mode 2
Event: 3477.819 Thread 0x000001d754d26000 Uncommon trap: trap_request=0xffffff4d fr.pc=0x000001d73dba1868 relative=0x00000000000006c8
Event: 3477.819 Thread 0x000001d754d26000 Uncommon trap: reason=unstable_if action=reinterpret pc=0x000001d73dba1868 method=org.apache.xerces.impl.XMLEntityScanner.scanLiteral(ILorg/apache/xerces/xni/XMLString;)I @ 606 c2
Event: 3477.819 Thread 0x000001d754d26000 DEOPT PACKING pc=0x000001d73dba1868 sp=0x0000000cf44f9740
Event: 3477.819 Thread 0x000001d754d26000 DEOPT UNPACKING pc=0x000001d7356778af sp=0x0000000cf44f96c8 mode 2
Event: 3477.819 Thread 0x000001d754d26000 Uncommon trap: trap_request=0xffffff4d fr.pc=0x000001d73db6d74c relative=0x0000000000000e6c
Event: 3477.819 Thread 0x000001d754d26000 Uncommon trap: reason=unstable_if action=reinterpret pc=0x000001d73db6d74c method=org.apache.xerces.impl.XMLScanner.scanAttributeValue(Lorg/apache/xerces/xni/XMLString;Lorg/apache/xerces/xni/XMLString;Ljava/lang/String;ZLjava/lang/String;)Z @ 642 c2
Event: 3477.819 Thread 0x000001d754d26000 DEOPT PACKING pc=0x000001d73db6d74c sp=0x0000000cf44f97a0
Event: 3477.819 Thread 0x000001d754d26000 DEOPT UNPACKING pc=0x000001d7356778af sp=0x0000000cf44f9770 mode 2
Event: 3477.832 Thread 0x000001d754d26000 Uncommon trap: trap_request=0xffffff7e fr.pc=0x000001d73db98a78 relative=0x0000000000000dd8
Event: 3477.832 Thread 0x000001d754d26000 Uncommon trap: reason=predicate action=maybe_recompile pc=0x000001d73db98a78 method=org.apache.xerces.impl.XMLEntityScanner.scanData(Ljava/lang/String;Lorg/apache/xerces/util/XMLStringBuffer;)Z @ 898 c2
Event: 3477.832 Thread 0x000001d754d26000 DEOPT PACKING pc=0x000001d73db98a78 sp=0x0000000cf44f97c0
Event: 3477.832 Thread 0x000001d754d26000 DEOPT UNPACKING pc=0x000001d7356778af sp=0x0000000cf44f9740 mode 2
Event: 3478.107 Thread 0x000001d754d26000 DEOPT PACKING pc=0x000001d737fe5da0 sp=0x0000000cf44f99a0
Event: 3478.107 Thread 0x000001d754d26000 DEOPT UNPACKING pc=0x000001d7356776ce sp=0x0000000cf44f8f68 mode 0
Event: 3478.437 Thread 0x000001d754d26000 DEOPT PACKING pc=0x000001d737fe5da0 sp=0x0000000cf44f9a30
Event: 3478.437 Thread 0x000001d754d26000 DEOPT UNPACKING pc=0x000001d7356776ce sp=0x0000000cf44f8ff8 mode 0

Classes redefined (0 events):
No events

Internal exceptions (20 events):
Event: 3473.580 Thread 0x000001d74ea9a800 Exception <a 'java/lang/NoSuchMethodError'{0x000000008cd68618}: <clinit>> (0x000000008cd68618) thrown at [./src/hotspot/share/prims/jni.cpp, line 1362]
Event: 3473.588 Thread 0x000001d74ea9a800 Exception <a 'java/lang/NoSuchMethodError'{0x000000008cd82960}: <clinit>> (0x000000008cd82960) thrown at [./src/hotspot/share/prims/jni.cpp, line 1362]
Event: 3473.589 Thread 0x000001d74ea9a800 Exception <a 'java/lang/NoSuchMethodError'{0x000000008cdae990}: <clinit>> (0x000000008cdae990) thrown at [./src/hotspot/share/prims/jni.cpp, line 1362]
Event: 3473.589 Thread 0x000001d74ea9a800 Exception <a 'java/lang/NoSuchMethodError'{0x000000008cdafc68}: <clinit>> (0x000000008cdafc68) thrown at [./src/hotspot/share/prims/jni.cpp, line 1362]
Event: 3474.129 Thread 0x000001d754d26000 Implicit null exception at 0x000001d73d57ba58 to 0x000001d73d57ed9c
Event: 3474.129 Thread 0x000001d754d26000 Implicit null exception at 0x000001d73d2bcac6 to 0x000001d73d2bce3c
Event: 3474.194 Thread 0x000001d754d24000 Exception <a 'java/lang/NoSuchMethodError'{0x000000008ca3fa40}: <clinit>> (0x000000008ca3fa40) thrown at [./src/hotspot/share/prims/jni.cpp, line 1362]
Event: 3474.213 Thread 0x000001d754d24000 Exception <a 'java/lang/NoSuchMethodError'{0x000000008ca996a8}: <clinit>> (0x000000008ca996a8) thrown at [./src/hotspot/share/prims/jni.cpp, line 1362]
Event: 3474.218 Thread 0x000001d754d24000 Exception <a 'java/lang/NoSuchMethodError'{0x000000008cab2b18}: <clinit>> (0x000000008cab2b18) thrown at [./src/hotspot/share/prims/jni.cpp, line 1362]
Event: 3474.224 Thread 0x000001d754d28000 Implicit null exception at 0x000001d73d2dc440 to 0x000001d73d2ded60
Event: 3474.299 Thread 0x000001d74ea9a800 Exception <a 'java/lang/NoSuchMethodError'{0x000000008c8ba2d8}: <clinit>> (0x000000008c8ba2d8) thrown at [./src/hotspot/share/prims/jni.cpp, line 1362]
Event: 3474.347 Thread 0x000001d74e696800 Implicit null exception at 0x000001d73d39df66 to 0x000001d73d39e6f4
Event: 3474.448 Thread 0x000001d74ea9a800 Implicit null exception at 0x000001d73da53f4e to 0x000001d73da545ac
Event: 3474.455 Thread 0x000001d74ea9a800 Exception <a 'java/lang/NoSuchMethodError'{0x000000008c638118}: <clinit>> (0x000000008c638118) thrown at [./src/hotspot/share/prims/jni.cpp, line 1362]
Event: 3474.455 Thread 0x000001d74e691800 Implicit null exception at 0x000001d73d39f1b4 to 0x000001d73d39f768
Event: 3474.503 Thread 0x000001d754d26000 Exception <a 'sun/nio/fs/WindowsException'{0x000000008c6b1f90}> (0x000000008c6b1f90) thrown at [./src/hotspot/share/prims/jni.cpp, line 615]
Event: 3474.503 Thread 0x000001d754d26000 Exception <a 'sun/nio/fs/WindowsException'{0x000000008c6b2e38}> (0x000000008c6b2e38) thrown at [./src/hotspot/share/prims/jni.cpp, line 615]
Event: 3474.610 Thread 0x000001d74e691000 Exception <a 'sun/nio/fs/WindowsException'{0x000000008c4a2538}> (0x000000008c4a2538) thrown at [./src/hotspot/share/prims/jni.cpp, line 615]
Event: 3474.835 Thread 0x000001d74ea90800 Implicit null exception at 0x000001d73daf21fc to 0x000001d73daf2a70
Event: 3475.149 Thread 0x000001d74ea90800 Exception <a 'java/lang/NoSuchMethodError'{0x000000008b7b1080}: <clinit>> (0x000000008b7b1080) thrown at [./src/hotspot/share/prims/jni.cpp, line 1362]

Events (20 events):
Event: 3476.153 loading class com/android/resources/KeyboardState
Event: 3476.153 loading class com/android/resources/KeyboardState done
Event: 3476.154 loading class com/android/resources/Keyboard
Event: 3476.154 loading class com/android/resources/Keyboard done
Event: 3476.154 loading class com/android/resources/NavigationState
Event: 3476.154 loading class com/android/resources/NavigationState done
Event: 3476.155 loading class com/android/resources/Navigation
Event: 3476.155 loading class com/android/resources/Navigation done
Event: 3476.251 Executing VM operation: G1CollectForAllocation
Event: 3476.283 Executing VM operation: G1CollectForAllocation done
Event: 3476.373 Executing VM operation: G1CollectForAllocation
Event: 3476.452 Executing VM operation: G1CollectForAllocation done
Event: 3476.846 Executing VM operation: G1CollectForAllocation
Event: 3476.882 Executing VM operation: G1CollectForAllocation done
Event: 3477.717 Executing VM operation: G1CollectForAllocation
Event: 3477.734 Executing VM operation: G1CollectForAllocation done
Event: 3478.201 Executing VM operation: CGC_Operation
Event: 3478.252 Executing VM operation: CGC_Operation done
Event: 3478.377 Executing VM operation: CGC_Operation
Event: 3478.377 Executing VM operation: CGC_Operation done


Dynamic libraries:
0x00007ff661310000 - 0x00007ff66131a000 	C:\Program Files\Android\Android Studio\jre\bin\java.exe
0x00007ff869f70000 - 0x00007ff86a165000 	C:\Windows\SYSTEM32\ntdll.dll
0x00007ff869950000 - 0x00007ff869a0e000 	C:\Windows\System32\KERNEL32.DLL
0x00007ff867c50000 - 0x00007ff867f18000 	C:\Windows\System32\KERNELBASE.dll
0x00007ff867790000 - 0x00007ff867890000 	C:\Windows\System32\ucrtbase.dll
0x00007ff858910000 - 0x00007ff858927000 	C:\Program Files\Android\Android Studio\jre\bin\VCRUNTIME140.dll
0x00007ff8588f0000 - 0x00007ff858909000 	C:\Program Files\Android\Android Studio\jre\bin\jli.dll
0x00007ff869a10000 - 0x00007ff869bb0000 	C:\Windows\System32\USER32.dll
0x00007ff8560e0000 - 0x00007ff85637a000 	C:\Windows\WinSxS\amd64_microsoft.windows.common-controls_6595b64144ccf1df_6.0.19041.1110_none_60b5254171f9507e\COMCTL32.dll
0x00007ff867690000 - 0x00007ff8676b2000 	C:\Windows\System32\win32u.dll
0x00007ff869840000 - 0x00007ff8698de000 	C:\Windows\System32\msvcrt.dll
0x00007ff867fd0000 - 0x00007ff867ffb000 	C:\Windows\System32\GDI32.dll
0x00007ff867950000 - 0x00007ff867a5b000 	C:\Windows\System32\gdi32full.dll
0x00007ff8676c0000 - 0x00007ff86775d000 	C:\Windows\System32\msvcp_win.dll
0x00007ff8685d0000 - 0x00007ff868600000 	C:\Windows\System32\IMM32.DLL
0x00007ff822420000 - 0x00007ff8224bd000 	C:\Program Files\Android\Android Studio\jre\bin\msvcp140.dll
0x00007ff80c0a0000 - 0x00007ff80cb6f000 	C:\Program Files\Android\Android Studio\jre\bin\server\jvm.dll
0x00007ff869cf0000 - 0x00007ff869d9e000 	C:\Windows\System32\ADVAPI32.dll
0x00007ff868f60000 - 0x00007ff868ffc000 	C:\Windows\System32\sechost.dll
0x00007ff8682c0000 - 0x00007ff8683e5000 	C:\Windows\System32\RPCRT4.dll
0x00007ff869940000 - 0x00007ff869948000 	C:\Windows\System32\PSAPI.DLL
0x00007ff853a00000 - 0x00007ff853a09000 	C:\Windows\SYSTEM32\WSOCK32.dll
0x00007ff851da0000 - 0x00007ff851dc7000 	C:\Windows\SYSTEM32\WINMM.dll
0x00007ff8610e0000 - 0x00007ff8610ea000 	C:\Windows\SYSTEM32\VERSION.dll
0x00007ff869bb0000 - 0x00007ff869c1b000 	C:\Windows\System32\WS2_32.dll
0x00007ff865f20000 - 0x00007ff865f32000 	C:\Windows\SYSTEM32\kernel.appcore.dll
0x00007ff864a50000 - 0x00007ff864a61000 	C:\Program Files\Android\Android Studio\jre\bin\verify.dll
0x00007ff864d40000 - 0x00007ff864f24000 	C:\Windows\SYSTEM32\DBGHELP.DLL
0x00007ff851d60000 - 0x00007ff851d8c000 	C:\Windows\SYSTEM32\dbgcore.DLL
0x00007ff867bc0000 - 0x00007ff867c42000 	C:\Windows\System32\bcryptPrimitives.dll
0x00007ff8588c0000 - 0x00007ff8588e9000 	C:\Program Files\Android\Android Studio\jre\bin\java.dll
0x00007ff862e60000 - 0x00007ff862e6b000 	C:\Program Files\Android\Android Studio\jre\bin\jimage.dll
0x00007ff861b30000 - 0x00007ff861b48000 	C:\Program Files\Android\Android Studio\jre\bin\zip.dll
0x00007ff869010000 - 0x00007ff869754000 	C:\Windows\System32\SHELL32.dll
0x00007ff865780000 - 0x00007ff865f14000 	C:\Windows\SYSTEM32\windows.storage.dll
0x00007ff868ba0000 - 0x00007ff868ef4000 	C:\Windows\System32\combase.dll
0x00007ff867020000 - 0x00007ff86704c000 	C:\Windows\SYSTEM32\Wldp.dll
0x00007ff869da0000 - 0x00007ff869e4d000 	C:\Windows\System32\SHCORE.dll
0x00007ff8698e0000 - 0x00007ff869935000 	C:\Windows\System32\shlwapi.dll
0x00007ff8675d0000 - 0x00007ff8675ef000 	C:\Windows\SYSTEM32\profapi.dll
0x00007ff861940000 - 0x00007ff86195a000 	C:\Program Files\Android\Android Studio\jre\bin\net.dll
0x00007ff855dc0000 - 0x00007ff855ec9000 	C:\Windows\SYSTEM32\WINHTTP.dll
0x00007ff866d80000 - 0x00007ff866dea000 	C:\Windows\system32\mswsock.dll
0x00007ff8588a0000 - 0x00007ff8588b4000 	C:\Program Files\Android\Android Studio\jre\bin\nio.dll
0x00007ff858980000 - 0x00007ff8589a7000 	C:\Users\DELL\.gradle\native\8bec1ad78214c89d9ad589b4d07fe93259594b29d510b10fafb7a158f7737e5d\windows-amd64\native-platform.dll
0x00007ff81f910000 - 0x00007ff81fa4d000 	C:\Users\DELL\.gradle\native\53dbd7edfb1c66fb8903c78663c9afc45aea4f116125fa6feffd364cf09443e8\windows-amd64\native-platform-file-events.dll
0x00007ff862d50000 - 0x00007ff862d5a000 	C:\Program Files\Android\Android Studio\jre\bin\management.dll
0x00007ff861a80000 - 0x00007ff861a8c000 	C:\Program Files\Android\Android Studio\jre\bin\management_ext.dll
0x00007ff866f70000 - 0x00007ff866f88000 	C:\Windows\SYSTEM32\CRYPTSP.dll
0x00007ff866700000 - 0x00007ff866734000 	C:\Windows\system32\rsaenh.dll
0x00007ff867760000 - 0x00007ff867787000 	C:\Windows\System32\bcrypt.dll
0x00007ff867590000 - 0x00007ff8675be000 	C:\Windows\SYSTEM32\USERENV.dll
0x00007ff866f90000 - 0x00007ff866f9c000 	C:\Windows\SYSTEM32\CRYPTBASE.dll
0x00007ff866a70000 - 0x00007ff866aab000 	C:\Windows\SYSTEM32\IPHLPAPI.DLL
0x00007ff868720000 - 0x00007ff868728000 	C:\Windows\System32\NSI.dll
0x00007ff8576f0000 - 0x00007ff857707000 	C:\Windows\SYSTEM32\dhcpcsvc6.DLL
0x00007ff857bc0000 - 0x00007ff857bdd000 	C:\Windows\SYSTEM32\dhcpcsvc.DLL
0x00007ff866ab0000 - 0x00007ff866b7a000 	C:\Windows\SYSTEM32\DNSAPI.dll
0x00007ff858040000 - 0x00007ff858067000 	C:\Program Files\Android\Android Studio\jre\bin\sunec.dll
0x00007ff8550f0000 - 0x00007ff8550fa000 	C:\Windows\System32\rasadhlp.dll
0x00007ff855350000 - 0x00007ff8553cf000 	C:\Windows\System32\fwpuclnt.dll

dbghelp: loaded successfully - version: 4.0.5 - missing functions: none
symbol engine: initialized successfully - sym options: 0x614 - pdb path: .;C:\Program Files\Android\Android Studio\jre\bin;C:\Windows\SYSTEM32;C:\Windows\WinSxS\amd64_microsoft.windows.common-controls_6595b64144ccf1df_6.0.19041.1110_none_60b5254171f9507e;C:\Program Files\Android\Android Studio\jre\bin\server;C:\Users\DELL\.gradle\native\8bec1ad78214c89d9ad589b4d07fe93259594b29d510b10fafb7a158f7737e5d\windows-amd64;C:\Users\DELL\.gradle\native\53dbd7edfb1c66fb8903c78663c9afc45aea4f116125fa6feffd364cf09443e8\windows-amd64

VM Arguments:
jvm_args: --add-opens=java.base/java.util=ALL-UNNAMED --add-opens=java.base/java.lang=ALL-UNNAMED --add-opens=java.base/java.lang.invoke=ALL-UNNAMED --add-opens=java.base/java.util=ALL-UNNAMED --add-opens=java.prefs/java.util.prefs=ALL-UNNAMED --add-opens=java.prefs/java.util.prefs=ALL-UNNAMED --add-opens=java.base/java.nio.charset=ALL-UNNAMED --add-opens=java.base/java.net=ALL-UNNAMED --add-opens=java.base/java.util.concurrent.atomic=ALL-UNNAMED -Xmx2048m -Dfile.encoding=UTF-8 -Duser.country=US -Duser.language=en -Duser.variant 
java_command: org.gradle.launcher.daemon.bootstrap.GradleDaemon 7.0.2
java_class_path (initial): C:\Users\DELL\.gradle\wrapper\dists\gradle-7.0.2-bin\857tjihv64xamwrf0h14cai3r\gradle-7.0.2\lib\gradle-launcher-7.0.2.jar
Launcher Type: SUN_STANDARD

[Global flags]
     intx CICompilerCount                          = 3                                         {product} {ergonomic}
     uint ConcGCThreads                            = 1                                         {product} {ergonomic}
     uint G1ConcRefinementThreads                  = 4                                         {product} {ergonomic}
   size_t G1HeapRegionSize                         = 1048576                                   {product} {ergonomic}
    uintx GCDrainStackTargetSize                   = 64                                        {product} {ergonomic}
   size_t InitialHeapSize                          = 132120576                                 {product} {ergonomic}
   size_t MarkStackSize                            = 4194304                                   {product} {ergonomic}
   size_t MaxHeapSize                              = 2147483648                                {product} {command line}
   size_t MaxNewSize                               = 1287651328                                {product} {ergonomic}
   size_t MinHeapDeltaBytes                        = 1048576                                   {product} {ergonomic}
    uintx NonNMethodCodeHeapSize                   = 5830732                                {pd product} {ergonomic}
    uintx NonProfiledCodeHeapSize                  = 122913754                              {pd product} {ergonomic}
    uintx ProfiledCodeHeapSize                     = 122913754                              {pd product} {ergonomic}
    uintx ReservedCodeCacheSize                    = 251658240                              {pd product} {ergonomic}
     bool SegmentedCodeCache                       = true                                      {product} {ergonomic}
     bool UseCompressedClassPointers               = true                                 {lp64_product} {ergonomic}
     bool UseCompressedOops                        = true                                 {lp64_product} {ergonomic}
     bool UseG1GC                                  = true                                      {product} {ergonomic}
     bool UseLargePagesIndividualAllocation        = false                                  {pd product} {ergonomic}

Logging:
Log output configuration:
 #0: stdout all=warning uptime,level,tags
 #1: stderr all=off uptime,level,tags

Environment Variables:
JAVA_HOME=C:\Program Files\Java\jdk1.8.0_202
CLASSPATH=C:\Program Files\Java\jdk1.8.0_202\lib
PATH=C:\Program Files (x86)\Common Files\Oracle\Java\javapath;C:\Windows\system32;C:\Windows;C:\Windows\System32\Wbem;C:\Windows\System32\WindowsPowerShell\v1.0\;C:\Windows\System32\OpenSSH\;C:\Program Files (x86)\Intel\Intel(R) Management Engine Components\DAL;C:\Program Files\Intel\Intel(R) Management Engine Components\DAL;C:\Program Files\Microsoft SQL Server\Client SDK\ODBC\110\Tools\Binn\;C:\Program Files\Python39;C:\Program Files\Microsoft SQL Server\Client SDK\ODBC\170\Tools\Binn\;C:\Program Files (x86)\Microsoft SQL Server\150\Tools\Binn\;C:\Program Files\Microsoft SQL Server\150\Tools\Binn\;C:\Program Files\Microsoft SQL Server\150\DTS\Binn\;C:\Program Files\Azure Data Studio\bin;C:\Program Files (x86)\mingw-w64\i686-8.1.0-posix-dwarf-rt_v6-rev0\mingw32\bin;C:\Program Files (x86)\Microsoft SQL Server\150\DTS\Binn\;C:\MongoDB\Server\5.0\bin\bin;C:\Program Files\Microsoft SQL Server\120\Tools\Binn\;C:\Program Files\MySQL\MySQL Shell 8.0\bin\;C:\Program Files\Java\jdk1.8.0_202\bin;C:\Users\DELL\AppData\Local\Programs\Microsoft VS Code\bin
USERNAME=linko
OS=Windows_NT
PROCESSOR_IDENTIFIER=Intel64 Family 6 Model 142 Stepping 9, GenuineIntel



---------------  S Y S T E M  ---------------

OS: Windows 10 , 64 bit Build 19041 (10.0.19041.1566)
OS uptime: 18 days 7:30 hours

CPU:total 4 (initial active 4) (2 cores per cpu, 2 threads per core) family 6 model 142 stepping 9 microcode 0xb4, cmov, cx8, fxsr, mmx, sse, sse2, sse3, ssse3, sse4.1, sse4.2, popcnt, avx, avx2, aes, clmul, erms, 3dnowpref, lzcnt, ht, tsc, tscinvbit, bmi1, bmi2, adx, fma

Memory: 4k page, system-wide physical 8061M (368M free)
TotalPageFile size 32637M (AvailPageFile size 3M)
current process WorkingSet (physical memory assigned to process): 398M, peak: 505M
current process commit charge ("private bytes"): 550M, peak: 632M

vm_info: OpenJDK 64-Bit Server VM (11.0.10+0-b96-7249189) for windows-amd64 JRE (11.0.10+0-b96-7249189), built on Mar 31 2021 21:44:00 by "builder" with MS VC++ 14.0 (VS2015)

END.
