#
# There is insufficient memory for the Java Runtime Environment to continue.
# Native memory allocation (mmap) failed to map 311427072 bytes for Failed to commit area from 0x0000000092900000 to 0x00000000a5200000 of length 311427072.
# Possible reasons:
#   The system is out of physical RAM or swap space
#   The process is running with CompressedOops enabled, and the Java Heap may be blocking the growth of the native heap
# Possible solutions:
#   Reduce memory load on the system
#   Increase physical memory or swap space
#   Check if swap backing store is full
#   Decrease Java heap size (-Xmx/-Xms)
#   Decrease number of Java threads
#   Decrease Java thread stack sizes (-Xss)
#   Set larger code cache with -XX:ReservedCodeCacheSize=
#   JVM is running with Unscaled Compressed Oops mode in which the Java heap is
#     placed in the first 4GB address space. The Java Heap base address is the
#     maximum limit for the native heap growth. Please use -XX:HeapBaseMinAddress
#     to set the Java Heap base and to place the Java Heap above 4GB virtual address.
# This output file may be truncated or incomplete.
#
#  Out of Memory Error (./src/hotspot/os/windows/os_windows.cpp:3301), pid=17072, tid=2700
#
# JRE version: OpenJDK Runtime Environment (11.0.10) (build 11.0.10+0-b96-7249189)
# Java VM: OpenJDK 64-Bit Server VM (11.0.10+0-b96-7249189, mixed mode, tiered, compressed oops, g1 gc, windows-amd64)
# No core dump will be written. Minidumps are not enabled by default on client versions of Windows
#

---------------  S U M M A R Y ------------

Command Line: --add-opens=java.base/java.util=ALL-UNNAMED --add-opens=java.base/java.lang=ALL-UNNAMED --add-opens=java.base/java.lang.invoke=ALL-UNNAMED --add-opens=java.base/java.util=ALL-UNNAMED --add-opens=java.prefs/java.util.prefs=ALL-UNNAMED --add-opens=java.prefs/java.util.prefs=ALL-UNNAMED --add-opens=java.base/java.nio.charset=ALL-UNNAMED --add-opens=java.base/java.net=ALL-UNNAMED --add-opens=java.base/java.util.concurrent.atomic=ALL-UNNAMED -Xmx2048m -Dfile.encoding=UTF-8 -Duser.country=US -Duser.language=en -Duser.variant org.gradle.launcher.daemon.bootstrap.GradleDaemon 7.0.2

Host: Intel(R) Core(TM) i5-7200U CPU @ 2.50GHz, 4 cores, 7G,  Windows 10 , 64 bit Build 19041 (10.0.19041.1503)
Time: Thu Feb 24 23:25:11 2022 SE Asia Standard Time elapsed time: 313.061187 seconds (0d 0h 5m 13s)

---------------  T H R E A D  ---------------

Current thread (0x000001c09eea8800):  VMThread "VM Thread" [stack: 0x0000005452500000,0x0000005452600000] [id=2700]

Stack: [0x0000005452500000,0x0000005452600000]
[error occurred during error reporting (printing stack bounds), id 0xc0000005, EXCEPTION_ACCESS_VIOLATION (0xc0000005) at pc=0x000001c088650f2d]

Native frames: (J=compiled Java code, j=interpreted, Vv=VM code, C=native code)
V  [jvm.dll+0x5ecfaa]
V  [jvm.dll+0x722bd5]
V  [jvm.dll+0x72412d]
V  [jvm.dll+0x724745]
V  [jvm.dll+0x7246fb]
V  [jvm.dll+0x5ec348]
V  [jvm.dll+0x5ecad8]
C  [ntdll.dll+0xa20cf]
C  [ntdll.dll+0x51454]
C  [ntdll.dll+0xa0bfe]
C  0x000001c088650f2d

VM_Operation (0x00000054562fe080): G1CollectForAllocation, mode: safepoint, requested by thread 0x000001c0a1d9d000


---------------  P R O C E S S  ---------------

Threads class SMR info:
_java_thread_list=0x000001c09f9eff70, length=61, elements={
0x000001c08334d000, 0x000001c09eeac800, 0x000001c09eeba000, 0x000001c09eecb000,
0x000001c09eecc000, 0x000001c09eecd800, 0x000001c09eed4000, 0x000001c09eedd800,
0x000001c09eee3000, 0x000001c09f9a4800, 0x000001c0a1fb9000, 0x000001c0a1a9a800,
0x000001c09fb4b000, 0x000001c0a238d000, 0x000001c0a2390000, 0x000001c0a238e800,
0x000001c0a238c000, 0x000001c0a238d800, 0x000001c0a2391000, 0x000001c0a2391800,
0x000001c0a241f000, 0x000001c0a2426000, 0x000001c0a2420000, 0x000001c0a2424000,
0x000001c0a242a800, 0x000001c0a242c800, 0x000001c0a5170800, 0x000001c0a5173800,
0x000001c0a5175000, 0x000001c0a5176000, 0x000001c0a5174800, 0x000001c0a5177000,
0x000001c0a5177800, 0x000001c0a517b000, 0x000001c0a5179800, 0x000001c0a517b800,
0x000001c0a517c800, 0x000001c0a5172000, 0x000001c0a517d800, 0x000001c0a5178800,
0x000001c0a517f000, 0x000001c0a517a000, 0x000001c0a2423800, 0x000001c0a2421000,
0x000001c0a2422800, 0x000001c0a2425000, 0x000001c0a2421800, 0x000001c0a242d000,
0x000001c0a2429000, 0x000001c0a242e000, 0x000001c0a242a000, 0x000001c0a238f000,
0x000001c0a238b000, 0x000001c0a1d9a800, 0x000001c0a1d9d800, 0x000001c0a1d9b000,
0x000001c0a1d9c000, 0x000001c0a1d9d000, 0x000001c0a1d98000, 0x000001c0a1d9e800,
0x000001c0a1d98800
}

Java Threads: ( => current thread )
  0x000001c08334d000 JavaThread "main" [_thread_blocked, id=15992, stack(0x0000005451f00000,0x0000005452000000)]
  0x000001c09eeac800 JavaThread "Reference Handler" daemon [_thread_blocked, id=2652, stack(0x0000005452600000,0x0000005452700000)]
  0x000001c09eeba000 JavaThread "Finalizer" daemon [_thread_blocked, id=11820, stack(0x0000005452700000,0x0000005452800000)]
  0x000001c09eecb000 JavaThread "Signal Dispatcher" daemon [_thread_blocked, id=14540, stack(0x0000005452800000,0x0000005452900000)]
  0x000001c09eecc000 JavaThread "Attach Listener" daemon [_thread_blocked, id=18052, stack(0x0000005452900000,0x0000005452a00000)]
  0x000001c09eecd800 JavaThread "Service Thread" daemon [_thread_blocked, id=10544, stack(0x0000005452a00000,0x0000005452b00000)]
  0x000001c09eed4000 JavaThread "C2 CompilerThread0" daemon [_thread_blocked, id=10236, stack(0x0000005452b00000,0x0000005452c00000)]
  0x000001c09eedd800 JavaThread "C1 CompilerThread0" daemon [_thread_blocked, id=17944, stack(0x0000005452c00000,0x0000005452d00000)]
  0x000001c09eee3000 JavaThread "Sweeper thread" daemon [_thread_blocked, id=17684, stack(0x0000005452d00000,0x0000005452e00000)]
  0x000001c09f9a4800 JavaThread "Common-Cleaner" daemon [_thread_blocked, id=5032, stack(0x0000005452e00000,0x0000005452f00000)]
  0x000001c0a1fb9000 JavaThread "Daemon health stats" [_thread_blocked, id=3008, stack(0x0000005453300000,0x0000005453400000)]
  0x000001c0a1a9a800 JavaThread "Incoming local TCP Connector on port 51489" [_thread_in_native, id=6176, stack(0x0000005453000000,0x0000005453100000)]
  0x000001c09fb4b000 JavaThread "Daemon periodic checks" [_thread_blocked, id=16676, stack(0x0000005453400000,0x0000005453500000)]
  0x000001c0a238d000 JavaThread "Cache worker for file hash cache (C:\Users\DELL\.gradle\caches\7.0.2\fileHashes)" [_thread_blocked, id=13352, stack(0x0000005453c00000,0x0000005453d00000)]
  0x000001c0a2390000 JavaThread "File lock request listener" [_thread_in_native, id=14056, stack(0x0000005453d00000,0x0000005453e00000)]
  0x000001c0a238e800 JavaThread "Cache worker for journal cache (C:\Users\DELL\.gradle\caches\journal-1)" [_thread_blocked, id=6800, stack(0x0000005453f00000,0x0000005454000000)]
  0x000001c0a238c000 JavaThread "File watcher server" daemon [_thread_blocked, id=10428, stack(0x0000005454100000,0x0000005454200000)]
  0x000001c0a238d800 JavaThread "File watcher consumer" daemon [_thread_blocked, id=5924, stack(0x0000005454200000,0x0000005454300000)]
  0x000001c0a2391000 JavaThread "jar transforms" [_thread_blocked, id=9748, stack(0x0000005454300000,0x0000005454400000)]
  0x000001c0a2391800 JavaThread "jar transforms Thread 2" [_thread_blocked, id=4456, stack(0x0000005454400000,0x0000005454500000)]
  0x000001c0a241f000 JavaThread "jar transforms Thread 3" [_thread_blocked, id=14680, stack(0x0000005454500000,0x0000005454600000)]
  0x000001c0a2426000 JavaThread "jar transforms Thread 4" [_thread_blocked, id=12092, stack(0x0000005454600000,0x0000005454700000)]
  0x000001c0a2420000 JavaThread "Cache worker for execution history cache (C:\Users\DELL\.gradle\caches\7.0.2\executionHistory)" [_thread_blocked, id=17452, stack(0x0000005454a00000,0x0000005454b00000)]
  0x000001c0a2424000 JavaThread "Cache worker for file content cache (C:\Users\DELL\.gradle\caches\7.0.2\fileContent)" [_thread_blocked, id=252, stack(0x0000005454b00000,0x0000005454c00000)]
  0x000001c0a242a800 JavaThread "Memory manager" [_thread_blocked, id=11500, stack(0x0000005455200000,0x0000005455300000)]
  0x000001c0a242c800 JavaThread "pool-3-thread-1" [_thread_blocked, id=11296, stack(0x0000005455300000,0x0000005455400000)]
  0x000001c0a5170800 JavaThread "Daemon Thread 2" [_thread_blocked, id=11948, stack(0x0000005451c00000,0x0000005451d00000)]
  0x000001c0a5173800 JavaThread "Handler for socket connection from /127.0.0.1:51489 to /127.0.0.1:60093" [_thread_in_native, id=11764, stack(0x0000005451d00000,0x0000005451e00000)]
  0x000001c0a5175000 JavaThread "Cancel handler" [_thread_blocked, id=12616, stack(0x0000005451e00000,0x0000005451f00000)]
  0x000001c0a5176000 JavaThread "Daemon worker Thread 2" [_thread_blocked, id=9496, stack(0x0000005453500000,0x0000005453600000)]
  0x000001c0a5174800 JavaThread "Asynchronous log dispatcher for DefaultDaemonConnection: socket connection from /127.0.0.1:51489 to /127.0.0.1:60093" [_thread_blocked, id=11552, stack(0x0000005453600000,0x0000005453700000)]
  0x000001c0a5177000 JavaThread "Stdin handler" [_thread_blocked, id=17536, stack(0x0000005453700000,0x0000005453800000)]
  0x000001c0a5177800 JavaThread "Daemon client event forwarder" [_thread_blocked, id=9620, stack(0x0000005453800000,0x0000005453900000)]
  0x000001c0a517b000 JavaThread "Cache worker for file hash cache (E:\LAPTRINHTHIETBIDIDONG\demo\.gradle\7.0.2\fileHashes)" [_thread_blocked, id=14672, stack(0x0000005453a00000,0x0000005453b00000)]
  0x000001c0a5179800 JavaThread "Cache worker for checksums cache (E:\LAPTRINHTHIETBIDIDONG\demo\.gradle\checksums)" [_thread_blocked, id=9756, stack(0x0000005453b00000,0x0000005453c00000)]
  0x000001c0a517b800 JavaThread "Cache worker for cache directory md-supplier (C:\Users\DELL\.gradle\caches\7.0.2\md-supplier)" [_thread_blocked, id=3372, stack(0x0000005454000000,0x0000005454100000)]
  0x000001c0a517c800 JavaThread "Cache worker for cache directory md-rule (C:\Users\DELL\.gradle\caches\7.0.2\md-rule)" [_thread_blocked, id=5404, stack(0x0000005454700000,0x0000005454800000)]
  0x000001c0a5172000 JavaThread "Cache worker for dependencies-accessors (E:\LAPTRINHTHIETBIDIDONG\demo\.gradle\7.0.2\dependencies-accessors)" [_thread_blocked, id=17196, stack(0x0000005453900000,0x0000005453a00000)]
  0x000001c0a517d800 JavaThread "Cache worker for Build Output Cleanup Cache (E:\LAPTRINHTHIETBIDIDONG\demo\.gradle\buildOutputCleanup)" [_thread_blocked, id=17156, stack(0x0000005454800000,0x0000005454900000)]
  0x000001c0a5178800 JavaThread "Build operations" [_thread_blocked, id=16864, stack(0x0000005454c00000,0x0000005454d00000)]
  0x000001c0a517f000 JavaThread "Build operations Thread 2" [_thread_blocked, id=9624, stack(0x0000005454d00000,0x0000005454e00000)]
  0x000001c0a517a000 JavaThread "Build operations Thread 3" [_thread_blocked, id=692, stack(0x0000005454e00000,0x0000005454f00000)]
  0x000001c0a2423800 JavaThread "Build operations Thread 4" [_thread_blocked, id=10536, stack(0x0000005454f00000,0x0000005455000000)]
  0x000001c0a2421000 JavaThread "build event listener" [_thread_blocked, id=448, stack(0x0000005455000000,0x0000005455100000)]
  0x000001c0a2422800 JavaThread "pool-6-thread-1" [_thread_blocked, id=14964, stack(0x0000005455100000,0x0000005455200000)]
  0x000001c0a2425000 JavaThread "build event listener" [_thread_blocked, id=11568, stack(0x0000005455500000,0x0000005455600000)]
  0x000001c0a2421800 JavaThread "Execution worker for ':'" [_thread_blocked, id=6300, stack(0x0000005455600000,0x0000005455700000)]
  0x000001c0a242d000 JavaThread "Execution worker for ':' Thread 2" [_thread_blocked, id=13780, stack(0x0000005455700000,0x0000005455800000)]
  0x000001c0a2429000 JavaThread "Execution worker for ':' Thread 3" [_thread_blocked, id=4072, stack(0x0000005455800000,0x0000005455900000)]
  0x000001c0a242e000 JavaThread "Cache worker for execution history cache (E:\LAPTRINHTHIETBIDIDONG\demo\.gradle\7.0.2\executionHistory)" [_thread_blocked, id=14376, stack(0x0000005455900000,0x0000005455a00000)]
  0x000001c0a242a000 JavaThread "WorkerExecutor Queue" [_thread_blocked, id=16544, stack(0x0000005454900000,0x0000005454a00000)]
  0x000001c0a238f000 JavaThread "WorkerExecutor Queue Thread 2" [_thread_blocked, id=15940, stack(0x0000005455a00000,0x0000005455b00000)]
  0x000001c0a238b000 JavaThread "WorkerExecutor Queue Thread 3" [_thread_blocked, id=10640, stack(0x0000005455b00000,0x0000005455c00000)]
  0x000001c0a1d9a800 JavaThread "WorkerExecutor Queue Thread 4" [_thread_blocked, id=3568, stack(0x0000005455c00000,0x0000005455d00000)]
  0x000001c0a1d9d800 JavaThread "ForkJoinPool-2-worker-3" daemon [_thread_blocked, id=15108, stack(0x0000005455f00000,0x0000005456000000)]
  0x000001c0a1d9b000 JavaThread "ForkJoinPool-2-worker-5" daemon [_thread_blocked, id=3060, stack(0x0000005456000000,0x0000005456100000)]
  0x000001c0a1d9c000 JavaThread "ForkJoinPool-2-worker-7" daemon [_thread_blocked, id=5172, stack(0x0000005456100000,0x0000005456200000)]
  0x000001c0a1d9d000 JavaThread "ForkJoinPool-2-worker-1" daemon [_thread_blocked, id=9052, stack(0x0000005456200000,0x0000005456300000)]
  0x000001c0a1d98000 JavaThread "pool-7-thread-1" [_thread_blocked, id=11852, stack(0x0000005456300000,0x0000005456400000)]
  0x000001c0a1d9e800 JavaThread "stderr" [_thread_in_native, id=3268, stack(0x0000005456400000,0x0000005456500000)]
  0x000001c0a1d98800 JavaThread "stdout" [_thread_in_native, id=1772, stack(0x0000005456500000,0x0000005456600000)]

Other Threads:
=>0x000001c09eea8800 VMThread "VM Thread" [stack: 0x0000005452500000,0x0000005452600000] [id=2700]
  0x000001c09fa3f800 WatcherThread [stack: 0x0000005452f00000,0x0000005453000000] [id=3848]
  0x000001c083366000 GCTaskThread "GC Thread#0" [stack: 0x0000005452000000,0x0000005452100000] [id=1128]
  0x000001c0a01fa000 GCTaskThread "GC Thread#1" [stack: 0x0000005453100000,0x0000005453200000] [id=12548]
  0x000001c0a01fa800 GCTaskThread "GC Thread#2" [stack: 0x0000005453200000,0x0000005453300000] [id=4856]
  0x000001c0a1086000 GCTaskThread "GC Thread#3" [stack: 0x0000005453e00000,0x0000005453f00000] [id=8904]
  0x000001c083397800 ConcurrentGCThread "G1 Main Marker" [stack: 0x0000005452100000,0x0000005452200000] [id=1384]
  0x000001c083398800 ConcurrentGCThread "G1 Conc#0" [stack: 0x0000005452200000,0x0000005452300000] [id=18048]
  0x000001c083429800 ConcurrentGCThread "G1 Refine#0" [stack: 0x0000005452300000,0x0000005452400000] [id=208]
  0x000001c08342a800 ConcurrentGCThread "G1 Young RemSet Sampling" [stack: 0x0000005452400000,0x0000005452500000] [id=16052]

Threads with active compile tasks:
C2 CompilerThread0 313325 19777       4       com.android.tools.r8.internal.i8::a (80 bytes)

VM state:at safepoint (normal execution)

VM Mutex/Monitor currently owned by a thread:  ([mutex/lock_event])
[0x000001c083349220] Threads_lock - owner thread: 0x000001c09eea8800
[0x000001c083349fa0] Heap_lock - owner thread: 0x000001c0a1d9d000

Heap address: 0x0000000080000000, size: 2048 MB, Compressed Oops mode: 32-bit
Narrow klass base: 0x0000000000000000, Narrow klass shift: 3
Compressed class space size: 1073741824 Address: 0x0000000100000000

Heap:
 garbage-first heap   total 608256K, used 198530K [0x0000000080000000, 0x0000000100000000)
  region size 1024K, 2 young (2048K), 2 survivors (2048K)
 Metaspace       used 133402K, capacity 137074K, committed 137344K, reserved 1169408K
  class space    used 16757K, capacity 18087K, committed 18176K, reserved 1048576K
Heap Regions: E=young(eden), S=young(survivor), O=old, HS=humongous(starts), HC=humongous(continues), CS=collection set, F=free, A=archive, TAMS=top-at-mark-start (previous, next)
|   0|0x0000000080000000, 0x0000000080100000, 0x0000000080100000|100%| O|  |TAMS 0x0000000080100000, 0x0000000080100000| Untracked 
|   1|0x0000000080100000, 0x0000000080200000, 0x0000000080200000|100%| O|  |TAMS 0x0000000080200000, 0x0000000080200000| Untracked 
|   2|0x0000000080200000, 0x0000000080300000, 0x0000000080300000|100%| O|  |TAMS 0x0000000080300000, 0x0000000080300000| Untracked 
|   3|0x0000000080300000, 0x0000000080400000, 0x0000000080400000|100%|HS|  |TAMS 0x0000000080400000, 0x0000000080400000| Complete 
|   4|0x0000000080400000, 0x0000000080500000, 0x0000000080500000|100%|HC|  |TAMS 0x0000000080500000, 0x0000000080500000| Complete 
|   5|0x0000000080500000, 0x0000000080600000, 0x0000000080600000|100%|HC|  |TAMS 0x0000000080600000, 0x0000000080600000| Complete 
|   6|0x0000000080600000, 0x0000000080700000, 0x0000000080700000|100%| O|  |TAMS 0x0000000080700000, 0x0000000080700000| Untracked 
|   7|0x0000000080700000, 0x0000000080800000, 0x0000000080800000|100%| O|  |TAMS 0x0000000080800000, 0x0000000080800000| Untracked 
|   8|0x0000000080800000, 0x0000000080900000, 0x0000000080900000|100%| O|  |TAMS 0x0000000080900000, 0x0000000080900000| Untracked 
|   9|0x0000000080900000, 0x0000000080a00000, 0x0000000080a00000|100%|HS|  |TAMS 0x0000000080a00000, 0x0000000080a00000| Complete 
|  10|0x0000000080a00000, 0x0000000080b00000, 0x0000000080b00000|100%|HC|  |TAMS 0x0000000080b00000, 0x0000000080b00000| Complete 
|  11|0x0000000080b00000, 0x0000000080c00000, 0x0000000080c00000|100%|HS|  |TAMS 0x0000000080c00000, 0x0000000080c00000| Complete 
|  12|0x0000000080c00000, 0x0000000080d00000, 0x0000000080d00000|100%|HC|  |TAMS 0x0000000080d00000, 0x0000000080d00000| Complete 
|  13|0x0000000080d00000, 0x0000000080e00000, 0x0000000080e00000|100%|HC|  |TAMS 0x0000000080e00000, 0x0000000080e00000| Complete 
|  14|0x0000000080e00000, 0x0000000080f00000, 0x0000000080f00000|100%|HS|  |TAMS 0x0000000080f00000, 0x0000000080f00000| Complete 
|  15|0x0000000080f00000, 0x0000000081000000, 0x0000000081000000|100%|HC|  |TAMS 0x0000000081000000, 0x0000000081000000| Complete 
|  16|0x0000000081000000, 0x0000000081100000, 0x0000000081100000|100%|HC|  |TAMS 0x0000000081100000, 0x0000000081100000| Complete 
|  17|0x0000000081100000, 0x0000000081200000, 0x0000000081200000|100%|HC|  |TAMS 0x0000000081200000, 0x0000000081200000| Complete 
|  18|0x0000000081200000, 0x0000000081300000, 0x0000000081300000|100%|HC|  |TAMS 0x0000000081300000, 0x0000000081300000| Complete 
|  19|0x0000000081300000, 0x0000000081400000, 0x0000000081400000|100%| O|  |TAMS 0x0000000081400000, 0x0000000081400000| Untracked 
|  20|0x0000000081400000, 0x0000000081500000, 0x0000000081500000|100%| O|  |TAMS 0x0000000081500000, 0x0000000081500000| Untracked 
|  21|0x0000000081500000, 0x0000000081600000, 0x0000000081600000|100%| O|  |TAMS 0x0000000081600000, 0x0000000081600000| Untracked 
|  22|0x0000000081600000, 0x0000000081700000, 0x0000000081700000|100%| O|  |TAMS 0x0000000081700000, 0x0000000081700000| Untracked 
|  23|0x0000000081700000, 0x0000000081800000, 0x0000000081800000|100%| O|  |TAMS 0x0000000081800000, 0x0000000081800000| Untracked 
|  24|0x0000000081800000, 0x0000000081900000, 0x0000000081900000|100%| O|  |TAMS 0x0000000081900000, 0x0000000081900000| Untracked 
|  25|0x0000000081900000, 0x0000000081a00000, 0x0000000081a00000|100%| O|  |TAMS 0x0000000081a00000, 0x0000000081a00000| Untracked 
|  26|0x0000000081a00000, 0x0000000081b00000, 0x0000000081b00000|100%| O|  |TAMS 0x0000000081b00000, 0x0000000081b00000| Untracked 
|  27|0x0000000081b00000, 0x0000000081c00000, 0x0000000081c00000|100%| O|  |TAMS 0x0000000081c00000, 0x0000000081c00000| Untracked 
|  28|0x0000000081c00000, 0x0000000081d00000, 0x0000000081d00000|100%| O|  |TAMS 0x0000000081d00000, 0x0000000081d00000| Untracked 
|  29|0x0000000081d00000, 0x0000000081e00000, 0x0000000081e00000|100%| O|  |TAMS 0x0000000081e00000, 0x0000000081e00000| Untracked 
|  30|0x0000000081e00000, 0x0000000081f00000, 0x0000000081f00000|100%| O|  |TAMS 0x0000000081f00000, 0x0000000081f00000| Untracked 
|  31|0x0000000081f00000, 0x0000000082000000, 0x0000000082000000|100%|HS|  |TAMS 0x0000000082000000, 0x0000000082000000| Complete 
|  32|0x0000000082000000, 0x0000000082100000, 0x0000000082100000|100%|HC|  |TAMS 0x0000000082100000, 0x0000000082100000| Complete 
|  33|0x0000000082100000, 0x0000000082200000, 0x0000000082200000|100%|HC|  |TAMS 0x0000000082200000, 0x0000000082200000| Complete 
|  34|0x0000000082200000, 0x0000000082300000, 0x0000000082300000|100%|HC|  |TAMS 0x0000000082300000, 0x0000000082300000| Complete 
|  35|0x0000000082300000, 0x0000000082400000, 0x0000000082400000|100%|HC|  |TAMS 0x0000000082400000, 0x0000000082400000| Complete 
|  36|0x0000000082400000, 0x0000000082500000, 0x0000000082500000|100%| O|  |TAMS 0x0000000082500000, 0x0000000082500000| Untracked 
|  37|0x0000000082500000, 0x0000000082600000, 0x0000000082600000|100%| O|  |TAMS 0x0000000082600000, 0x0000000082600000| Untracked 
|  38|0x0000000082600000, 0x0000000082700000, 0x0000000082700000|100%| O|  |TAMS 0x0000000082700000, 0x0000000082700000| Untracked 
|  39|0x0000000082700000, 0x0000000082800000, 0x0000000082800000|100%|HS|  |TAMS 0x0000000082800000, 0x0000000082800000| Complete 
|  40|0x0000000082800000, 0x0000000082900000, 0x0000000082900000|100%|HC|  |TAMS 0x0000000082900000, 0x0000000082900000| Complete 
|  41|0x0000000082900000, 0x0000000082a00000, 0x0000000082a00000|100%|HC|  |TAMS 0x0000000082a00000, 0x0000000082a00000| Complete 
|  42|0x0000000082a00000, 0x0000000082b00000, 0x0000000082b00000|100%| O|  |TAMS 0x0000000082b00000, 0x0000000082b00000| Untracked 
|  43|0x0000000082b00000, 0x0000000082c00000, 0x0000000082c00000|100%| O|  |TAMS 0x0000000082c00000, 0x0000000082c00000| Untracked 
|  44|0x0000000082c00000, 0x0000000082d00000, 0x0000000082d00000|100%| O|  |TAMS 0x0000000082d00000, 0x0000000082d00000| Untracked 
|  45|0x0000000082d00000, 0x0000000082e00000, 0x0000000082e00000|100%| O|  |TAMS 0x0000000082e00000, 0x0000000082e00000| Untracked 
|  46|0x0000000082e00000, 0x0000000082f00000, 0x0000000082f00000|100%| O|  |TAMS 0x0000000082f00000, 0x0000000082f00000| Untracked 
|  47|0x0000000082f00000, 0x0000000083000000, 0x0000000083000000|100%| O|  |TAMS 0x0000000083000000, 0x0000000083000000| Untracked 
|  48|0x0000000083000000, 0x0000000083100000, 0x0000000083100000|100%| O|  |TAMS 0x0000000083100000, 0x0000000083100000| Untracked 
|  49|0x0000000083100000, 0x0000000083200000, 0x0000000083200000|100%| O|  |TAMS 0x0000000083200000, 0x0000000083200000| Untracked 
|  50|0x0000000083200000, 0x0000000083300000, 0x0000000083300000|100%| O|  |TAMS 0x0000000083300000, 0x0000000083300000| Untracked 
|  51|0x0000000083300000, 0x0000000083400000, 0x0000000083400000|100%| O|  |TAMS 0x0000000083400000, 0x0000000083400000| Untracked 
|  52|0x0000000083400000, 0x0000000083500000, 0x0000000083500000|100%| O|  |TAMS 0x0000000083500000, 0x0000000083500000| Untracked 
|  53|0x0000000083500000, 0x0000000083600000, 0x0000000083600000|100%|HS|  |TAMS 0x0000000083600000, 0x0000000083600000| Complete 
|  54|0x0000000083600000, 0x0000000083700000, 0x0000000083700000|100%|HS|  |TAMS 0x0000000083700000, 0x0000000083700000| Complete 
|  55|0x0000000083700000, 0x0000000083800000, 0x0000000083800000|100%|HS|  |TAMS 0x0000000083800000, 0x0000000083800000| Complete 
|  56|0x0000000083800000, 0x0000000083900000, 0x0000000083900000|100%|HC|  |TAMS 0x0000000083900000, 0x0000000083900000| Complete 
|  57|0x0000000083900000, 0x0000000083a00000, 0x0000000083a00000|100%| O|  |TAMS 0x0000000083a00000, 0x0000000083a00000| Untracked 
|  58|0x0000000083a00000, 0x0000000083b00000, 0x0000000083b00000|100%| O|  |TAMS 0x0000000083b00000, 0x0000000083b00000| Untracked 
|  59|0x0000000083b00000, 0x0000000083c00000, 0x0000000083c00000|100%| O|  |TAMS 0x0000000083c00000, 0x0000000083c00000| Untracked 
|  60|0x0000000083c00000, 0x0000000083d00000, 0x0000000083d00000|100%| O|  |TAMS 0x0000000083d00000, 0x0000000083d00000| Untracked 
|  61|0x0000000083d00000, 0x0000000083e00000, 0x0000000083e00000|100%| O|  |TAMS 0x0000000083e00000, 0x0000000083e00000| Untracked 
|  62|0x0000000083e00000, 0x0000000083f00000, 0x0000000083f00000|100%| O|  |TAMS 0x0000000083f00000, 0x0000000083f00000| Untracked 
|  63|0x0000000083f00000, 0x0000000084000000, 0x0000000084000000|100%| O|  |TAMS 0x0000000084000000, 0x0000000084000000| Untracked 
|  64|0x0000000084000000, 0x0000000084100000, 0x0000000084100000|100%| O|  |TAMS 0x0000000084100000, 0x0000000084100000| Untracked 
|  65|0x0000000084100000, 0x0000000084200000, 0x0000000084200000|100%| O|  |TAMS 0x0000000084200000, 0x0000000084200000| Untracked 
|  66|0x0000000084200000, 0x0000000084300000, 0x0000000084300000|100%| O|  |TAMS 0x0000000084300000, 0x0000000084300000| Untracked 
|  67|0x0000000084300000, 0x0000000084400000, 0x0000000084400000|100%| O|  |TAMS 0x0000000084400000, 0x0000000084400000| Untracked 
|  68|0x0000000084400000, 0x0000000084500000, 0x0000000084500000|100%| O|  |TAMS 0x0000000084500000, 0x0000000084500000| Untracked 
|  69|0x0000000084500000, 0x0000000084600000, 0x0000000084600000|100%| O|  |TAMS 0x0000000084600000, 0x0000000084600000| Untracked 
|  70|0x0000000084600000, 0x0000000084700000, 0x0000000084700000|100%| O|  |TAMS 0x0000000084700000, 0x0000000084700000| Untracked 
|  71|0x0000000084700000, 0x0000000084800000, 0x0000000084800000|100%| O|  |TAMS 0x0000000084800000, 0x0000000084800000| Untracked 
|  72|0x0000000084800000, 0x0000000084900000, 0x0000000084900000|100%| O|  |TAMS 0x0000000084900000, 0x0000000084900000| Untracked 
|  73|0x0000000084900000, 0x0000000084a00000, 0x0000000084a00000|100%| O|  |TAMS 0x0000000084a00000, 0x0000000084a00000| Untracked 
|  74|0x0000000084a00000, 0x0000000084b00000, 0x0000000084b00000|100%| O|  |TAMS 0x0000000084b00000, 0x0000000084b00000| Untracked 
|  75|0x0000000084b00000, 0x0000000084c00000, 0x0000000084c00000|100%| O|  |TAMS 0x0000000084c00000, 0x0000000084c00000| Untracked 
|  76|0x0000000084c00000, 0x0000000084d00000, 0x0000000084d00000|100%| O|  |TAMS 0x0000000084d00000, 0x0000000084d00000| Untracked 
|  77|0x0000000084d00000, 0x0000000084e00000, 0x0000000084e00000|100%| O|  |TAMS 0x0000000084e00000, 0x0000000084e00000| Untracked 
|  78|0x0000000084e00000, 0x0000000084f00000, 0x0000000084f00000|100%| O|  |TAMS 0x0000000084f00000, 0x0000000084f00000| Untracked 
|  79|0x0000000084f00000, 0x0000000085000000, 0x0000000085000000|100%| O|  |TAMS 0x0000000085000000, 0x0000000085000000| Untracked 
|  80|0x0000000085000000, 0x0000000085100000, 0x0000000085100000|100%| O|  |TAMS 0x0000000085100000, 0x0000000085100000| Untracked 
|  81|0x0000000085100000, 0x0000000085200000, 0x0000000085200000|100%| O|  |TAMS 0x0000000085200000, 0x0000000085200000| Untracked 
|  82|0x0000000085200000, 0x0000000085300000, 0x0000000085300000|100%| O|  |TAMS 0x0000000085300000, 0x0000000085300000| Untracked 
|  83|0x0000000085300000, 0x0000000085400000, 0x0000000085400000|100%| O|  |TAMS 0x0000000085400000, 0x0000000085400000| Untracked 
|  84|0x0000000085400000, 0x0000000085500000, 0x0000000085500000|100%| O|  |TAMS 0x0000000085500000, 0x0000000085500000| Untracked 
|  85|0x0000000085500000, 0x0000000085600000, 0x0000000085600000|100%| O|  |TAMS 0x0000000085600000, 0x0000000085600000| Untracked 
|  86|0x0000000085600000, 0x0000000085700000, 0x0000000085700000|100%| O|  |TAMS 0x0000000085700000, 0x0000000085700000| Untracked 
|  87|0x0000000085700000, 0x0000000085800000, 0x0000000085800000|100%| O|  |TAMS 0x0000000085700000, 0x0000000085800000| Untracked 
|  88|0x0000000085800000, 0x0000000085900000, 0x0000000085900000|100%| O|  |TAMS 0x0000000085900000, 0x0000000085900000| Untracked 
|  89|0x0000000085900000, 0x0000000085a00000, 0x0000000085a00000|100%| O|  |TAMS 0x0000000085a00000, 0x0000000085a00000| Untracked 
|  90|0x0000000085a00000, 0x0000000085b00000, 0x0000000085b00000|100%| O|  |TAMS 0x0000000085b00000, 0x0000000085b00000| Untracked 
|  91|0x0000000085b00000, 0x0000000085c00000, 0x0000000085c00000|100%| O|  |TAMS 0x0000000085c00000, 0x0000000085c00000| Untracked 
|  92|0x0000000085c00000, 0x0000000085d00000, 0x0000000085d00000|100%| O|  |TAMS 0x0000000085d00000, 0x0000000085d00000| Untracked 
|  93|0x0000000085d00000, 0x0000000085e00000, 0x0000000085e00000|100%| O|  |TAMS 0x0000000085e00000, 0x0000000085e00000| Untracked 
|  94|0x0000000085e00000, 0x0000000085f00000, 0x0000000085f00000|100%| O|  |TAMS 0x0000000085f00000, 0x0000000085f00000| Untracked 
|  95|0x0000000085f00000, 0x0000000086000000, 0x0000000086000000|100%| O|  |TAMS 0x0000000086000000, 0x0000000086000000| Untracked 
|  96|0x0000000086000000, 0x0000000086100000, 0x0000000086100000|100%| O|  |TAMS 0x0000000086100000, 0x0000000086100000| Untracked 
|  97|0x0000000086100000, 0x0000000086200000, 0x0000000086200000|100%| O|  |TAMS 0x0000000086200000, 0x0000000086200000| Untracked 
|  98|0x0000000086200000, 0x0000000086300000, 0x0000000086300000|100%| O|  |TAMS 0x0000000086300000, 0x0000000086300000| Untracked 
|  99|0x0000000086300000, 0x0000000086400000, 0x0000000086400000|100%| O|  |TAMS 0x0000000086400000, 0x0000000086400000| Untracked 
| 100|0x0000000086400000, 0x0000000086500000, 0x0000000086500000|100%| O|  |TAMS 0x0000000086500000, 0x0000000086500000| Untracked 
| 101|0x0000000086500000, 0x0000000086600000, 0x0000000086600000|100%| O|  |TAMS 0x0000000086600000, 0x0000000086600000| Untracked 
| 102|0x0000000086600000, 0x0000000086700000, 0x0000000086700000|100%| O|  |TAMS 0x0000000086700000, 0x0000000086700000| Untracked 
| 103|0x0000000086700000, 0x0000000086800000, 0x0000000086800000|100%| O|  |TAMS 0x0000000086800000, 0x0000000086800000| Untracked 
| 104|0x0000000086800000, 0x0000000086900000, 0x0000000086900000|100%| O|  |TAMS 0x0000000086900000, 0x0000000086900000| Untracked 
| 105|0x0000000086900000, 0x0000000086a00000, 0x0000000086a00000|100%| O|  |TAMS 0x0000000086a00000, 0x0000000086a00000| Untracked 
| 106|0x0000000086a00000, 0x0000000086b00000, 0x0000000086b00000|100%| O|  |TAMS 0x0000000086b00000, 0x0000000086b00000| Untracked 
| 107|0x0000000086b00000, 0x0000000086c00000, 0x0000000086c00000|100%| O|  |TAMS 0x0000000086c00000, 0x0000000086c00000| Untracked 
| 108|0x0000000086c00000, 0x0000000086d00000, 0x0000000086d00000|100%| O|  |TAMS 0x0000000086d00000, 0x0000000086d00000| Untracked 
| 109|0x0000000086d00000, 0x0000000086e00000, 0x0000000086e00000|100%| O|  |TAMS 0x0000000086e00000, 0x0000000086e00000| Untracked 
| 110|0x0000000086e00000, 0x0000000086f00000, 0x0000000086f00000|100%| O|  |TAMS 0x0000000086f00000, 0x0000000086f00000| Untracked 
| 111|0x0000000086f00000, 0x0000000087000000, 0x0000000087000000|100%| O|  |TAMS 0x0000000087000000, 0x0000000087000000| Untracked 
| 112|0x0000000087000000, 0x0000000087100000, 0x0000000087100000|100%| O|  |TAMS 0x0000000087100000, 0x0000000087100000| Untracked 
| 113|0x0000000087100000, 0x0000000087200000, 0x0000000087200000|100%| O|  |TAMS 0x0000000087200000, 0x0000000087200000| Untracked 
| 114|0x0000000087200000, 0x0000000087300000, 0x0000000087300000|100%|HS|  |TAMS 0x0000000087300000, 0x0000000087300000| Complete 
| 115|0x0000000087300000, 0x0000000087400000, 0x0000000087400000|100%|HC|  |TAMS 0x0000000087400000, 0x0000000087400000| Complete 
| 116|0x0000000087400000, 0x0000000087500000, 0x0000000087500000|100%| O|  |TAMS 0x0000000087500000, 0x0000000087500000| Untracked 
| 117|0x0000000087500000, 0x0000000087600000, 0x0000000087600000|100%| O|  |TAMS 0x0000000087600000, 0x0000000087600000| Untracked 
| 118|0x0000000087600000, 0x0000000087700000, 0x0000000087700000|100%| O|  |TAMS 0x00000000876a5000, 0x0000000087700000| Untracked 
| 119|0x0000000087700000, 0x0000000087800000, 0x0000000087800000|100%| O|  |TAMS 0x0000000087800000, 0x0000000087800000| Untracked 
| 120|0x0000000087800000, 0x0000000087900000, 0x0000000087900000|100%| O|  |TAMS 0x0000000087900000, 0x0000000087900000| Untracked 
| 121|0x0000000087900000, 0x0000000087a00000, 0x0000000087a00000|100%|HS|  |TAMS 0x0000000087a00000, 0x0000000087a00000| Complete 
| 122|0x0000000087a00000, 0x0000000087b00000, 0x0000000087b00000|100%| O|  |TAMS 0x0000000087b00000, 0x0000000087b00000| Untracked 
| 123|0x0000000087b00000, 0x0000000087c00000, 0x0000000087c00000|100%| O|  |TAMS 0x0000000087c00000, 0x0000000087c00000| Untracked 
| 124|0x0000000087c00000, 0x0000000087d00000, 0x0000000087d00000|100%|HS|  |TAMS 0x0000000087d00000, 0x0000000087d00000| Complete 
| 125|0x0000000087d00000, 0x0000000087e00000, 0x0000000087e00000|100%|HS|  |TAMS 0x0000000087d00000, 0x0000000087e00000| Complete 
| 126|0x0000000087e00000, 0x0000000087f00000, 0x0000000087f00000|100%| O|  |TAMS 0x0000000087e00000, 0x0000000087f00000| Untracked 
| 127|0x0000000087f00000, 0x0000000088000000, 0x0000000088000000|100%| O|  |TAMS 0x0000000087f00000, 0x0000000088000000| Untracked 
| 128|0x0000000088000000, 0x0000000088100000, 0x0000000088100000|100%|HS|  |TAMS 0x0000000088000000, 0x0000000088100000| Complete 
| 129|0x0000000088100000, 0x0000000088200000, 0x0000000088200000|100%|HC|  |TAMS 0x0000000088100000, 0x0000000088200000| Complete 
| 130|0x0000000088200000, 0x0000000088300000, 0x0000000088300000|100%| O|  |TAMS 0x0000000088200000, 0x0000000088300000| Untracked 
| 131|0x0000000088300000, 0x0000000088400000, 0x0000000088400000|100%|HS|  |TAMS 0x0000000088300000, 0x0000000088400000| Complete 
| 132|0x0000000088400000, 0x0000000088500000, 0x0000000088500000|100%| O|  |TAMS 0x0000000088400000, 0x0000000088500000| Untracked 
| 133|0x0000000088500000, 0x0000000088600000, 0x0000000088600000|100%|HS|  |TAMS 0x0000000088500000, 0x0000000088600000| Complete 
| 134|0x0000000088600000, 0x0000000088700000, 0x0000000088700000|100%| O|  |TAMS 0x0000000088600000, 0x0000000088700000| Untracked 
| 135|0x0000000088700000, 0x0000000088800000, 0x0000000088800000|100%| O|  |TAMS 0x0000000088700000, 0x0000000088800000| Untracked 
| 136|0x0000000088800000, 0x0000000088900000, 0x0000000088900000|100%|HS|  |TAMS 0x0000000088800000, 0x0000000088900000| Complete 
| 137|0x0000000088900000, 0x0000000088a00000, 0x0000000088a00000|100%| O|  |TAMS 0x0000000088900000, 0x0000000088a00000| Untracked 
| 138|0x0000000088a00000, 0x0000000088b00000, 0x0000000088b00000|100%| O|  |TAMS 0x0000000088a00000, 0x0000000088b00000| Untracked 
| 139|0x0000000088b00000, 0x0000000088c00000, 0x0000000088c00000|100%| O|  |TAMS 0x0000000088b00000, 0x0000000088c00000| Untracked 
| 140|0x0000000088c00000, 0x0000000088d00000, 0x0000000088d00000|100%| O|  |TAMS 0x0000000088c00000, 0x0000000088d00000| Untracked 
| 141|0x0000000088d00000, 0x0000000088e00000, 0x0000000088e00000|100%| O|  |TAMS 0x0000000088d00000, 0x0000000088e00000| Untracked 
| 142|0x0000000088e00000, 0x0000000088f00000, 0x0000000088f00000|100%| O|  |TAMS 0x0000000088e00000, 0x0000000088f00000| Untracked 
| 143|0x0000000088f00000, 0x0000000089000000, 0x0000000089000000|100%| O|  |TAMS 0x0000000088f00000, 0x0000000089000000| Untracked 
| 144|0x0000000089000000, 0x0000000089100000, 0x0000000089100000|100%| O|  |TAMS 0x0000000089000000, 0x0000000089100000| Untracked 
| 145|0x0000000089100000, 0x0000000089200000, 0x0000000089200000|100%| O|  |TAMS 0x0000000089100000, 0x0000000089200000| Untracked 
| 146|0x0000000089200000, 0x0000000089300000, 0x0000000089300000|100%| O|  |TAMS 0x0000000089200000, 0x0000000089300000| Untracked 
| 147|0x0000000089300000, 0x0000000089400000, 0x0000000089400000|100%| O|  |TAMS 0x0000000089300000, 0x0000000089400000| Untracked 
| 148|0x0000000089400000, 0x0000000089500000, 0x0000000089500000|100%| O|  |TAMS 0x0000000089400000, 0x0000000089500000| Untracked 
| 149|0x0000000089500000, 0x0000000089600000, 0x0000000089600000|100%| O|  |TAMS 0x0000000089500000, 0x0000000089600000| Untracked 
| 150|0x0000000089600000, 0x0000000089700000, 0x0000000089700000|100%| O|  |TAMS 0x0000000089600000, 0x0000000089700000| Untracked 
| 151|0x0000000089700000, 0x0000000089800000, 0x0000000089800000|100%| O|  |TAMS 0x0000000089700000, 0x0000000089800000| Untracked 
| 152|0x0000000089800000, 0x0000000089900000, 0x0000000089900000|100%| O|  |TAMS 0x0000000089800000, 0x0000000089900000| Untracked 
| 153|0x0000000089900000, 0x0000000089a00000, 0x0000000089a00000|100%| O|  |TAMS 0x0000000089900000, 0x0000000089a00000| Untracked 
| 154|0x0000000089a00000, 0x0000000089b00000, 0x0000000089b00000|100%| O|  |TAMS 0x0000000089a00000, 0x0000000089b00000| Untracked 
| 155|0x0000000089b00000, 0x0000000089c00000, 0x0000000089c00000|100%| O|  |TAMS 0x0000000089b00000, 0x0000000089c00000| Untracked 
| 156|0x0000000089c00000, 0x0000000089d00000, 0x0000000089d00000|100%| O|  |TAMS 0x0000000089c00000, 0x0000000089d00000| Untracked 
| 157|0x0000000089d00000, 0x0000000089e00000, 0x0000000089e00000|100%| O|  |TAMS 0x0000000089d00000, 0x0000000089e00000| Untracked 
| 158|0x0000000089e00000, 0x0000000089f00000, 0x0000000089f00000|100%| O|  |TAMS 0x0000000089e00000, 0x0000000089f00000| Untracked 
| 159|0x0000000089f00000, 0x000000008a000000, 0x000000008a000000|100%| O|  |TAMS 0x0000000089f00000, 0x000000008a000000| Untracked 
| 160|0x000000008a000000, 0x000000008a100000, 0x000000008a100000|100%| O|  |TAMS 0x000000008a000000, 0x000000008a100000| Untracked 
| 161|0x000000008a100000, 0x000000008a200000, 0x000000008a200000|100%| O|  |TAMS 0x000000008a100000, 0x000000008a200000| Untracked 
| 162|0x000000008a200000, 0x000000008a300000, 0x000000008a300000|100%| O|  |TAMS 0x000000008a200000, 0x000000008a300000| Untracked 
| 163|0x000000008a300000, 0x000000008a400000, 0x000000008a400000|100%| O|  |TAMS 0x000000008a300000, 0x000000008a400000| Untracked 
| 164|0x000000008a400000, 0x000000008a500000, 0x000000008a500000|100%| O|  |TAMS 0x000000008a400000, 0x000000008a500000| Untracked 
| 165|0x000000008a500000, 0x000000008a600000, 0x000000008a600000|100%| O|  |TAMS 0x000000008a500000, 0x000000008a600000| Untracked 
| 166|0x000000008a600000, 0x000000008a700000, 0x000000008a700000|100%| O|  |TAMS 0x000000008a600000, 0x000000008a700000| Untracked 
| 167|0x000000008a700000, 0x000000008a800000, 0x000000008a800000|100%| O|  |TAMS 0x000000008a700000, 0x000000008a800000| Untracked 
| 168|0x000000008a800000, 0x000000008a900000, 0x000000008a900000|100%| O|  |TAMS 0x000000008a800000, 0x000000008a900000| Untracked 
| 169|0x000000008a900000, 0x000000008aa00000, 0x000000008aa00000|100%| O|  |TAMS 0x000000008a900000, 0x000000008aa00000| Untracked 
| 170|0x000000008aa00000, 0x000000008ab00000, 0x000000008ab00000|100%| O|  |TAMS 0x000000008aa00000, 0x000000008ab00000| Untracked 
| 171|0x000000008ab00000, 0x000000008ac00000, 0x000000008ac00000|100%| O|  |TAMS 0x000000008ab00000, 0x000000008ac00000| Untracked 
| 172|0x000000008ac00000, 0x000000008ad00000, 0x000000008ad00000|100%| O|  |TAMS 0x000000008ac00000, 0x000000008ad00000| Untracked 
| 173|0x000000008ad00000, 0x000000008ae00000, 0x000000008ae00000|100%| O|  |TAMS 0x000000008ad00000, 0x000000008ae00000| Untracked 
| 174|0x000000008ae00000, 0x000000008af00000, 0x000000008af00000|100%| O|  |TAMS 0x000000008ae00000, 0x000000008af00000| Untracked 
| 175|0x000000008af00000, 0x000000008b000000, 0x000000008b000000|100%| O|  |TAMS 0x000000008af00000, 0x000000008b000000| Untracked 
| 176|0x000000008b000000, 0x000000008b100000, 0x000000008b100000|100%| O|  |TAMS 0x000000008b000000, 0x000000008b100000| Untracked 
| 177|0x000000008b100000, 0x000000008b200000, 0x000000008b200000|100%| O|  |TAMS 0x000000008b100000, 0x000000008b200000| Untracked 
| 178|0x000000008b200000, 0x000000008b300000, 0x000000008b300000|100%| O|  |TAMS 0x000000008b200000, 0x000000008b300000| Untracked 
| 179|0x000000008b300000, 0x000000008b400000, 0x000000008b400000|100%|HS|  |TAMS 0x000000008b300000, 0x000000008b400000| Complete 
| 180|0x000000008b400000, 0x000000008b500000, 0x000000008b500000|100%|HS|  |TAMS 0x000000008b400000, 0x000000008b500000| Complete 
| 181|0x000000008b500000, 0x000000008b600000, 0x000000008b600000|100%| O|  |TAMS 0x000000008b500000, 0x000000008b600000| Untracked 
| 182|0x000000008b600000, 0x000000008b700000, 0x000000008b700000|100%| O|  |TAMS 0x000000008b600000, 0x000000008b700000| Untracked 
| 183|0x000000008b700000, 0x000000008b800000, 0x000000008b800000|100%| O|  |TAMS 0x000000008b700000, 0x000000008b800000| Untracked 
| 184|0x000000008b800000, 0x000000008b900000, 0x000000008b900000|100%| O|  |TAMS 0x000000008b800000, 0x000000008b900000| Untracked 
| 185|0x000000008b900000, 0x000000008ba00000, 0x000000008ba00000|100%| O|  |TAMS 0x000000008b900000, 0x000000008ba00000| Untracked 
| 186|0x000000008ba00000, 0x000000008bb00000, 0x000000008bb00000|100%| O|  |TAMS 0x000000008ba00000, 0x000000008bb00000| Untracked 
| 187|0x000000008bb00000, 0x000000008bc00000, 0x000000008bc00000|100%|HS|  |TAMS 0x000000008bb00000, 0x000000008bc00000| Complete 
| 188|0x000000008bc00000, 0x000000008bd00000, 0x000000008bd00000|100%| O|  |TAMS 0x000000008bc00000, 0x000000008bd00000| Untracked 
| 189|0x000000008bd00000, 0x000000008be00000, 0x000000008be00000|100%| O|  |TAMS 0x000000008bd00000, 0x000000008be00000| Untracked 
| 190|0x000000008be00000, 0x000000008bf00000, 0x000000008bf00000|100%| O|  |TAMS 0x000000008be00000, 0x000000008bf00000| Untracked 
| 191|0x000000008bf00000, 0x000000008bfe8600, 0x000000008c000000| 90%| O|  |TAMS 0x000000008bf00000, 0x000000008bfe8600| Untracked 
| 192|0x000000008c000000, 0x000000008c000000, 0x000000008c100000|  0%| F|  |TAMS 0x000000008c000000, 0x000000008c000000| Untracked 
| 193|0x000000008c100000, 0x000000008c100000, 0x000000008c200000|  0%| F|  |TAMS 0x000000008c100000, 0x000000008c100000| Untracked 
| 194|0x000000008c200000, 0x000000008c200000, 0x000000008c300000|  0%| F|  |TAMS 0x000000008c200000, 0x000000008c200000| Untracked 
| 195|0x000000008c300000, 0x000000008c300000, 0x000000008c400000|  0%| F|  |TAMS 0x000000008c300000, 0x000000008c300000| Untracked 
| 196|0x000000008c400000, 0x000000008c400000, 0x000000008c500000|  0%| F|  |TAMS 0x000000008c400000, 0x000000008c400000| Untracked 
| 197|0x000000008c500000, 0x000000008c500000, 0x000000008c600000|  0%| F|  |TAMS 0x000000008c500000, 0x000000008c500000| Untracked 
| 198|0x000000008c600000, 0x000000008c600000, 0x000000008c700000|  0%| F|  |TAMS 0x000000008c600000, 0x000000008c600000| Untracked 
| 199|0x000000008c700000, 0x000000008c700000, 0x000000008c800000|  0%| F|  |TAMS 0x000000008c700000, 0x000000008c700000| Untracked 
| 200|0x000000008c800000, 0x000000008c800000, 0x000000008c900000|  0%| F|  |TAMS 0x000000008c800000, 0x000000008c800000| Untracked 
| 201|0x000000008c900000, 0x000000008c900000, 0x000000008ca00000|  0%| F|  |TAMS 0x000000008c900000, 0x000000008c900000| Untracked 
| 202|0x000000008ca00000, 0x000000008ca00000, 0x000000008cb00000|  0%| F|  |TAMS 0x000000008ca00000, 0x000000008ca00000| Untracked 
| 203|0x000000008cb00000, 0x000000008cb00000, 0x000000008cc00000|  0%| F|  |TAMS 0x000000008cb00000, 0x000000008cb00000| Untracked 
| 204|0x000000008cc00000, 0x000000008cc00000, 0x000000008cd00000|  0%| F|  |TAMS 0x000000008cc00000, 0x000000008cc00000| Untracked 
| 205|0x000000008cd00000, 0x000000008cd00000, 0x000000008ce00000|  0%| F|  |TAMS 0x000000008cd00000, 0x000000008cd00000| Untracked 
| 206|0x000000008ce00000, 0x000000008ce00000, 0x000000008cf00000|  0%| F|  |TAMS 0x000000008ce00000, 0x000000008ce00000| Untracked 
| 207|0x000000008cf00000, 0x000000008cf00000, 0x000000008d000000|  0%| F|  |TAMS 0x000000008cf00000, 0x000000008cf00000| Untracked 
| 208|0x000000008d000000, 0x000000008d000000, 0x000000008d100000|  0%| F|  |TAMS 0x000000008d000000, 0x000000008d000000| Untracked 
| 209|0x000000008d100000, 0x000000008d100000, 0x000000008d200000|  0%| F|  |TAMS 0x000000008d100000, 0x000000008d100000| Untracked 
| 210|0x000000008d200000, 0x000000008d200000, 0x000000008d300000|  0%| F|  |TAMS 0x000000008d200000, 0x000000008d200000| Untracked 
| 211|0x000000008d300000, 0x000000008d300000, 0x000000008d400000|  0%| F|  |TAMS 0x000000008d300000, 0x000000008d300000| Untracked 
| 212|0x000000008d400000, 0x000000008d400000, 0x000000008d500000|  0%| F|  |TAMS 0x000000008d400000, 0x000000008d400000| Untracked 
| 213|0x000000008d500000, 0x000000008d500000, 0x000000008d600000|  0%| F|  |TAMS 0x000000008d500000, 0x000000008d500000| Untracked 
| 214|0x000000008d600000, 0x000000008d600000, 0x000000008d700000|  0%| F|  |TAMS 0x000000008d600000, 0x000000008d600000| Untracked 
| 215|0x000000008d700000, 0x000000008d700000, 0x000000008d800000|  0%| F|  |TAMS 0x000000008d700000, 0x000000008d700000| Untracked 
| 216|0x000000008d800000, 0x000000008d800000, 0x000000008d900000|  0%| F|  |TAMS 0x000000008d800000, 0x000000008d800000| Untracked 
| 217|0x000000008d900000, 0x000000008d900000, 0x000000008da00000|  0%| F|  |TAMS 0x000000008d900000, 0x000000008d900000| Untracked 
| 218|0x000000008da00000, 0x000000008da00000, 0x000000008db00000|  0%| F|  |TAMS 0x000000008da00000, 0x000000008da00000| Untracked 
| 219|0x000000008db00000, 0x000000008db00000, 0x000000008dc00000|  0%| F|  |TAMS 0x000000008db00000, 0x000000008db00000| Untracked 
| 220|0x000000008dc00000, 0x000000008dc00000, 0x000000008dd00000|  0%| F|  |TAMS 0x000000008dc00000, 0x000000008dc00000| Untracked 
| 221|0x000000008dd00000, 0x000000008dd00000, 0x000000008de00000|  0%| F|  |TAMS 0x000000008dd00000, 0x000000008dd00000| Untracked 
| 222|0x000000008de00000, 0x000000008de00000, 0x000000008df00000|  0%| F|  |TAMS 0x000000008de00000, 0x000000008de00000| Untracked 
| 223|0x000000008df00000, 0x000000008df00000, 0x000000008e000000|  0%| F|  |TAMS 0x000000008df00000, 0x000000008df00000| Untracked 
| 224|0x000000008e000000, 0x000000008e000000, 0x000000008e100000|  0%| F|  |TAMS 0x000000008e000000, 0x000000008e000000| Untracked 
| 225|0x000000008e100000, 0x000000008e100000, 0x000000008e200000|  0%| F|  |TAMS 0x000000008e100000, 0x000000008e100000| Untracked 
| 226|0x000000008e200000, 0x000000008e200000, 0x000000008e300000|  0%| F|  |TAMS 0x000000008e200000, 0x000000008e200000| Untracked 
| 227|0x000000008e300000, 0x000000008e300000, 0x000000008e400000|  0%| F|  |TAMS 0x000000008e300000, 0x000000008e300000| Untracked 
| 228|0x000000008e400000, 0x000000008e400000, 0x000000008e500000|  0%| F|  |TAMS 0x000000008e400000, 0x000000008e400000| Untracked 
| 229|0x000000008e500000, 0x000000008e500000, 0x000000008e600000|  0%| F|  |TAMS 0x000000008e500000, 0x000000008e500000| Untracked 
| 230|0x000000008e600000, 0x000000008e600000, 0x000000008e700000|  0%| F|  |TAMS 0x000000008e600000, 0x000000008e600000| Untracked 
| 231|0x000000008e700000, 0x000000008e700000, 0x000000008e800000|  0%| F|  |TAMS 0x000000008e700000, 0x000000008e700000| Untracked 
| 232|0x000000008e800000, 0x000000008e800000, 0x000000008e900000|  0%| F|  |TAMS 0x000000008e800000, 0x000000008e800000| Untracked 
| 233|0x000000008e900000, 0x000000008e900000, 0x000000008ea00000|  0%| F|  |TAMS 0x000000008e900000, 0x000000008e900000| Untracked 
| 234|0x000000008ea00000, 0x000000008ea00000, 0x000000008eb00000|  0%| F|  |TAMS 0x000000008ea00000, 0x000000008ea00000| Untracked 
| 235|0x000000008eb00000, 0x000000008eb00000, 0x000000008ec00000|  0%| F|  |TAMS 0x000000008eb00000, 0x000000008eb00000| Untracked 
| 236|0x000000008ec00000, 0x000000008ec00000, 0x000000008ed00000|  0%| F|  |TAMS 0x000000008ec00000, 0x000000008ec00000| Untracked 
| 237|0x000000008ed00000, 0x000000008ed00000, 0x000000008ee00000|  0%| F|  |TAMS 0x000000008ed00000, 0x000000008ed00000| Untracked 
| 238|0x000000008ee00000, 0x000000008ee00000, 0x000000008ef00000|  0%| F|  |TAMS 0x000000008ee00000, 0x000000008ee00000| Untracked 
| 239|0x000000008ef00000, 0x000000008ef00000, 0x000000008f000000|  0%| F|  |TAMS 0x000000008ef00000, 0x000000008ef00000| Untracked 
| 240|0x000000008f000000, 0x000000008f000000, 0x000000008f100000|  0%| F|  |TAMS 0x000000008f000000, 0x000000008f000000| Untracked 
| 241|0x000000008f100000, 0x000000008f100000, 0x000000008f200000|  0%| F|  |TAMS 0x000000008f100000, 0x000000008f100000| Untracked 
| 242|0x000000008f200000, 0x000000008f200000, 0x000000008f300000|  0%| F|  |TAMS 0x000000008f200000, 0x000000008f200000| Untracked 
| 243|0x000000008f300000, 0x000000008f300000, 0x000000008f400000|  0%| F|  |TAMS 0x000000008f300000, 0x000000008f300000| Untracked 
| 244|0x000000008f400000, 0x000000008f400000, 0x000000008f500000|  0%| F|  |TAMS 0x000000008f400000, 0x000000008f400000| Untracked 
| 245|0x000000008f500000, 0x000000008f500000, 0x000000008f600000|  0%| F|  |TAMS 0x000000008f500000, 0x000000008f500000| Untracked 
| 246|0x000000008f600000, 0x000000008f600000, 0x000000008f700000|  0%| F|  |TAMS 0x000000008f600000, 0x000000008f600000| Untracked 
| 247|0x000000008f700000, 0x000000008f700000, 0x000000008f800000|  0%| F|  |TAMS 0x000000008f700000, 0x000000008f700000| Untracked 
| 248|0x000000008f800000, 0x000000008f800000, 0x000000008f900000|  0%| F|  |TAMS 0x000000008f800000, 0x000000008f800000| Untracked 
| 249|0x000000008f900000, 0x000000008f900000, 0x000000008fa00000|  0%| F|  |TAMS 0x000000008f900000, 0x000000008f900000| Untracked 
| 250|0x000000008fa00000, 0x000000008fa00000, 0x000000008fb00000|  0%| F|  |TAMS 0x000000008fa00000, 0x000000008fa00000| Untracked 
| 251|0x000000008fb00000, 0x000000008fb00000, 0x000000008fc00000|  0%| F|  |TAMS 0x000000008fb00000, 0x000000008fb00000| Untracked 
| 252|0x000000008fc00000, 0x000000008fc00000, 0x000000008fd00000|  0%| F|  |TAMS 0x000000008fc00000, 0x000000008fc00000| Untracked 
| 253|0x000000008fd00000, 0x000000008fd00000, 0x000000008fe00000|  0%| F|  |TAMS 0x000000008fd00000, 0x000000008fd00000| Untracked 
| 254|0x000000008fe00000, 0x000000008fe00000, 0x000000008ff00000|  0%| F|  |TAMS 0x000000008fe00000, 0x000000008fe00000| Untracked 
| 255|0x000000008ff00000, 0x000000008ff00000, 0x0000000090000000|  0%| F|  |TAMS 0x000000008ff00000, 0x000000008ff00000| Untracked 
| 256|0x0000000090000000, 0x0000000090000000, 0x0000000090100000|  0%| F|  |TAMS 0x0000000090000000, 0x0000000090000000| Untracked 
| 257|0x0000000090100000, 0x0000000090100000, 0x0000000090200000|  0%| F|  |TAMS 0x0000000090100000, 0x0000000090100000| Untracked 
| 258|0x0000000090200000, 0x0000000090200000, 0x0000000090300000|  0%| F|  |TAMS 0x0000000090200000, 0x0000000090200000| Untracked 
| 259|0x0000000090300000, 0x0000000090300000, 0x0000000090400000|  0%| F|  |TAMS 0x0000000090300000, 0x0000000090300000| Untracked 
| 260|0x0000000090400000, 0x0000000090400000, 0x0000000090500000|  0%| F|  |TAMS 0x0000000090400000, 0x0000000090400000| Untracked 
| 261|0x0000000090500000, 0x0000000090500000, 0x0000000090600000|  0%| F|  |TAMS 0x0000000090500000, 0x0000000090500000| Untracked 
| 262|0x0000000090600000, 0x0000000090600000, 0x0000000090700000|  0%| F|  |TAMS 0x0000000090600000, 0x0000000090600000| Untracked 
| 263|0x0000000090700000, 0x0000000090700000, 0x0000000090800000|  0%| F|  |TAMS 0x0000000090700000, 0x0000000090700000| Untracked 
| 264|0x0000000090800000, 0x0000000090800000, 0x0000000090900000|  0%| F|  |TAMS 0x0000000090800000, 0x0000000090800000| Untracked 
| 265|0x0000000090900000, 0x0000000090900000, 0x0000000090a00000|  0%| F|  |TAMS 0x0000000090900000, 0x0000000090900000| Untracked 
| 266|0x0000000090a00000, 0x0000000090a00000, 0x0000000090b00000|  0%| F|  |TAMS 0x0000000090a00000, 0x0000000090a00000| Untracked 
| 267|0x0000000090b00000, 0x0000000090b00000, 0x0000000090c00000|  0%| F|  |TAMS 0x0000000090b00000, 0x0000000090b00000| Untracked 
| 268|0x0000000090c00000, 0x0000000090c00000, 0x0000000090d00000|  0%| F|  |TAMS 0x0000000090c00000, 0x0000000090c00000| Untracked 
| 269|0x0000000090d00000, 0x0000000090d00000, 0x0000000090e00000|  0%| F|  |TAMS 0x0000000090d00000, 0x0000000090d00000| Untracked 
| 270|0x0000000090e00000, 0x0000000090e00000, 0x0000000090f00000|  0%| F|  |TAMS 0x0000000090e00000, 0x0000000090e00000| Untracked 
| 271|0x0000000090f00000, 0x0000000090f00000, 0x0000000091000000|  0%| F|  |TAMS 0x0000000090f00000, 0x0000000090f00000| Untracked 
| 272|0x0000000091000000, 0x0000000091000000, 0x0000000091100000|  0%| F|  |TAMS 0x0000000091000000, 0x0000000091000000| Untracked 
| 273|0x0000000091100000, 0x0000000091100000, 0x0000000091200000|  0%| F|  |TAMS 0x0000000091100000, 0x0000000091100000| Untracked 
| 274|0x0000000091200000, 0x0000000091200000, 0x0000000091300000|  0%| F|  |TAMS 0x0000000091200000, 0x0000000091200000| Untracked 
| 275|0x0000000091300000, 0x0000000091300000, 0x0000000091400000|  0%| F|  |TAMS 0x0000000091300000, 0x0000000091300000| Untracked 
| 276|0x0000000091400000, 0x0000000091400000, 0x0000000091500000|  0%| F|  |TAMS 0x0000000091400000, 0x0000000091400000| Untracked 
| 277|0x0000000091500000, 0x0000000091500000, 0x0000000091600000|  0%| F|  |TAMS 0x0000000091500000, 0x0000000091500000| Untracked 
| 278|0x0000000091600000, 0x0000000091600000, 0x0000000091700000|  0%| F|  |TAMS 0x0000000091600000, 0x0000000091600000| Untracked 
| 279|0x0000000091700000, 0x0000000091700000, 0x0000000091800000|  0%| F|  |TAMS 0x0000000091700000, 0x0000000091700000| Untracked 
| 280|0x0000000091800000, 0x00000000918f8500, 0x0000000091900000| 96%| S|CS|TAMS 0x0000000091800000, 0x0000000091800000| Complete 
| 281|0x0000000091900000, 0x0000000091a00000, 0x0000000091a00000|100%| S|CS|TAMS 0x0000000091900000, 0x0000000091900000| Complete 
| 282|0x0000000091a00000, 0x0000000091a00000, 0x0000000091b00000|  0%| F|  |TAMS 0x0000000091a00000, 0x0000000091a00000| Untracked 
| 283|0x0000000091b00000, 0x0000000091b00000, 0x0000000091c00000|  0%| F|  |TAMS 0x0000000091b00000, 0x0000000091b00000| Untracked 
| 284|0x0000000091c00000, 0x0000000091c00000, 0x0000000091d00000|  0%| F|  |TAMS 0x0000000091c00000, 0x0000000091c00000| Untracked 
| 285|0x0000000091d00000, 0x0000000091d00000, 0x0000000091e00000|  0%| F|  |TAMS 0x0000000091d00000, 0x0000000091d00000| Untracked 
| 286|0x0000000091e00000, 0x0000000091e00000, 0x0000000091f00000|  0%| F|  |TAMS 0x0000000091e00000, 0x0000000091e00000| Untracked 
| 287|0x0000000091f00000, 0x0000000091f00000, 0x0000000092000000|  0%| F|  |TAMS 0x0000000091f00000, 0x0000000091f00000| Untracked 
| 288|0x0000000092000000, 0x0000000092000000, 0x0000000092100000|  0%| F|  |TAMS 0x0000000092000000, 0x0000000092000000| Untracked 
| 289|0x0000000092100000, 0x0000000092100000, 0x0000000092200000|  0%| F|  |TAMS 0x0000000092100000, 0x0000000092100000| Untracked 
| 290|0x0000000092200000, 0x0000000092200000, 0x0000000092300000|  0%| F|  |TAMS 0x0000000092200000, 0x0000000092200000| Untracked 
| 291|0x0000000092300000, 0x0000000092300000, 0x0000000092400000|  0%| F|  |TAMS 0x0000000092300000, 0x0000000092300000| Untracked 
| 292|0x0000000092400000, 0x0000000092400000, 0x0000000092500000|  0%| F|  |TAMS 0x0000000092400000, 0x0000000092400000| Untracked 
| 293|0x0000000092500000, 0x0000000092500000, 0x0000000092600000|  0%| F|  |TAMS 0x0000000092500000, 0x0000000092500000| Untracked 
| 294|0x0000000092600000, 0x0000000092600000, 0x0000000092700000|  0%| F|  |TAMS 0x0000000092600000, 0x0000000092600000| Untracked 
| 295|0x0000000092700000, 0x0000000092700000, 0x0000000092800000|  0%| F|  |TAMS 0x0000000092700000, 0x0000000092700000| Untracked 
| 296|0x0000000092800000, 0x0000000092800000, 0x0000000092900000|  0%| F|  |TAMS 0x0000000092800000, 0x0000000092800000| Untracked 

Card table byte_map: [0x000001c098070000,0x000001c098470000] _byte_map_base: 0x000001c097c70000

Marking Bits (Prev, Next): (CMBitMap*) 0x000001c08338ed00, (CMBitMap*) 0x000001c08338ecc8
 Prev Bits: [0x000001c09a870000, 0x000001c09c870000)
 Next Bits: [0x000001c098870000, 0x000001c09a870000)

Polling page: 0x000001c083430000

Metaspace:

Usage:
  Non-class:    116.20 MB capacity,   113.91 MB ( 98%) used,     1.87 MB (  2%) free+waste,   421.63 KB ( <1%) overhead. 
      Class:     17.66 MB capacity,    16.36 MB ( 93%) used,     1.11 MB (  6%) free+waste,   190.19 KB (  1%) overhead. 
       Both:    133.86 MB capacity,   130.28 MB ( 97%) used,     2.99 MB (  2%) free+waste,   611.81 KB ( <1%) overhead. 

Virtual space:
  Non-class space:      118.00 MB reserved,     116.38 MB ( 99%) committed 
      Class space:        1.00 GB reserved,      17.75 MB (  2%) committed 
             Both:        1.12 GB reserved,     134.13 MB ( 12%) committed 

Chunk freelists:
   Non-Class:  0 bytes
       Class:  0 bytes
        Both:  0 bytes

MaxMetaspaceSize: 17179869184.00 GB
CompressedClassSpaceSize: 1.00 GB

CodeHeap 'non-profiled nmethods': size=120064Kb used=9903Kb max_used=9903Kb free=110160Kb
 bounds [0x000001c090110000, 0x000001c090ad0000, 0x000001c097650000]
CodeHeap 'profiled nmethods': size=120000Kb used=39238Kb max_used=39238Kb free=80761Kb
 bounds [0x000001c088be0000, 0x000001c08b240000, 0x000001c090110000]
CodeHeap 'non-nmethods': size=5696Kb used=2381Kb max_used=2428Kb free=3315Kb
 bounds [0x000001c088650000, 0x000001c0888c0000, 0x000001c088be0000]
 total_blobs=19374 nmethods=18366 adapters=917
 compilation: enabled
              stopped_count=0, restarted_count=0
 full_count=0

Compilation events (20 events):
Event: 311.644 Thread 0x000001c09eed4000 nmethod 19182 0x000001c090319210 code [0x000001c0903193e0, 0x000001c090319718]
Event: 311.645 Thread 0x000001c09eed4000 19269       4       java.util.Map::computeIfAbsent (45 bytes)
Event: 311.706 Thread 0x000001c09eed4000 nmethod 19269 0x000001c090333410 code [0x000001c090333680, 0x000001c090334c10]
Event: 311.706 Thread 0x000001c09eed4000 19275       4       java.util.IdentityHashMap::containsKey (55 bytes)
Event: 311.709 Thread 0x000001c09eed4000 nmethod 19275 0x000001c090318d10 code [0x000001c090318ec0, 0x000001c090319068]
Event: 311.709 Thread 0x000001c09eed4000 19766       4       com.android.tools.r8.internal.Nz::a (109 bytes)
Event: 311.713 Thread 0x000001c09eed4000 nmethod 19766 0x000001c090318690 code [0x000001c090318840, 0x000001c090318ac8]
Event: 311.713 Thread 0x000001c09eed4000 19262       4       java.util.IdentityHashMap::get (60 bytes)
Event: 311.717 Thread 0x000001c09eed4000 nmethod 19262 0x000001c090318110 code [0x000001c0903182c0, 0x000001c090318488]
Event: 311.717 Thread 0x000001c09eed4000 19602       4       java.util.IdentityHashMap::put (137 bytes)
Event: 311.764 Thread 0x000001c09eed4000 nmethod 19602 0x000001c090323710 code [0x000001c090323900, 0x000001c090324848]
Event: 311.765 Thread 0x000001c09eed4000 19774 %     4       java.util.TimSort::mergeHi @ 191 (732 bytes)
Event: 311.808 Thread 0x000001c09eed4000 nmethod 19774% 0x000001c090331490 code [0x000001c0903316a0, 0x000001c090332b78]
Event: 311.808 Thread 0x000001c09eed4000 19604       4       com.android.tools.r8.graph.E::a (275 bytes)
Event: 311.880 Thread 0x000001c09eed4000 nmethod 19604 0x000001c0903d1990 code [0x000001c0903d1c00, 0x000001c0903d31b8]
Event: 311.881 Thread 0x000001c09eed4000 19775       4       java.util.TimSort::mergeHi (732 bytes)
Event: 311.938 Thread 0x000001c09eed4000 nmethod 19775 0x000001c090ac1190 code [0x000001c090ac13a0, 0x000001c090ac2fb8]
Event: 311.938 Thread 0x000001c09eed4000 19320       4       com.android.tools.r8.internal.Jj::hasNext (217 bytes)
Event: 311.961 Thread 0x000001c09eed4000 nmethod 19320 0x000001c090316d10 code [0x000001c090316f20, 0x000001c090317aa8]
Event: 311.961 Thread 0x000001c09eed4000 19777       4       com.android.tools.r8.internal.i8::a (80 bytes)

GC Heap History (20 events):
Event: 301.178 GC heap after
{Heap after GC invocations=56 (full 0):
 garbage-first heap   total 225280K, used 127226K [0x0000000080000000, 0x0000000100000000)
  region size 1024K, 1 young (1024K), 1 survivors (1024K)
 Metaspace       used 125582K, capacity 128841K, committed 129024K, reserved 1161216K
  class space    used 15523K, capacity 16665K, committed 16768K, reserved 1048576K
}
Event: 301.866 GC heap before
{Heap before GC invocations=56 (full 0):
 garbage-first heap   total 225280K, used 185594K [0x0000000080000000, 0x0000000100000000)
  region size 1024K, 58 young (59392K), 1 survivors (1024K)
 Metaspace       used 125859K, capacity 129138K, committed 129280K, reserved 1161216K
  class space    used 15566K, capacity 16721K, committed 16768K, reserved 1048576K
}
Event: 301.869 GC heap after
{Heap after GC invocations=57 (full 0):
 garbage-first heap   total 225280K, used 127636K [0x0000000080000000, 0x0000000100000000)
  region size 1024K, 1 young (1024K), 1 survivors (1024K)
 Metaspace       used 125859K, capacity 129138K, committed 129280K, reserved 1161216K
  class space    used 15566K, capacity 16721K, committed 16768K, reserved 1048576K
}
Event: 302.776 GC heap before
{Heap before GC invocations=58 (full 0):
 garbage-first heap   total 225280K, used 161428K [0x0000000080000000, 0x0000000100000000)
  region size 1024K, 33 young (33792K), 1 survivors (1024K)
 Metaspace       used 126373K, capacity 129633K, committed 129920K, reserved 1163264K
  class space    used 15628K, capacity 16786K, committed 16896K, reserved 1048576K
}
Event: 302.782 GC heap after
{Heap after GC invocations=59 (full 0):
 garbage-first heap   total 225280K, used 126612K [0x0000000080000000, 0x0000000100000000)
  region size 1024K, 2 young (2048K), 2 survivors (2048K)
 Metaspace       used 126373K, capacity 129633K, committed 129920K, reserved 1163264K
  class space    used 15628K, capacity 16786K, committed 16896K, reserved 1048576K
}
Event: 303.527 GC heap before
{Heap before GC invocations=60 (full 0):
 garbage-first heap   total 225280K, used 137876K [0x0000000080000000, 0x0000000100000000)
  region size 1024K, 11 young (11264K), 2 survivors (2048K)
 Metaspace       used 126422K, capacity 129669K, committed 129920K, reserved 1163264K
  class space    used 15634K, capacity 16792K, committed 16896K, reserved 1048576K
}
Event: 303.533 GC heap after
{Heap after GC invocations=61 (full 0):
 garbage-first heap   total 225280K, used 131897K [0x0000000080000000, 0x0000000100000000)
  region size 1024K, 4 young (4096K), 4 survivors (4096K)
 Metaspace       used 126422K, capacity 129669K, committed 129920K, reserved 1163264K
  class space    used 15634K, capacity 16792K, committed 16896K, reserved 1048576K
}
Event: 305.323 GC heap before
{Heap before GC invocations=62 (full 0):
 garbage-first heap   total 225280K, used 179001K [0x0000000080000000, 0x0000000100000000)
  region size 1024K, 40 young (40960K), 4 survivors (4096K)
 Metaspace       used 127768K, capacity 131103K, committed 131328K, reserved 1163264K
  class space    used 15828K, capacity 16972K, committed 17024K, reserved 1048576K
}
Event: 305.350 GC heap after
{Heap after GC invocations=63 (full 0):
 garbage-first heap   total 225280K, used 144524K [0x0000000080000000, 0x0000000100000000)
  region size 1024K, 5 young (5120K), 5 survivors (5120K)
 Metaspace       used 127768K, capacity 131103K, committed 131328K, reserved 1163264K
  class space    used 15828K, capacity 16972K, committed 17024K, reserved 1048576K
}
Event: 306.491 GC heap before
{Heap before GC invocations=63 (full 0):
 garbage-first heap   total 225280K, used 149644K [0x0000000080000000, 0x0000000100000000)
  region size 1024K, 11 young (11264K), 5 survivors (5120K)
 Metaspace       used 127946K, capacity 131270K, committed 131328K, reserved 1163264K
  class space    used 15848K, capacity 17006K, committed 17024K, reserved 1048576K
}
Event: 306.572 GC heap after
{Heap after GC invocations=64 (full 0):
 garbage-first heap   total 225280K, used 144262K [0x0000000080000000, 0x0000000100000000)
  region size 1024K, 1 young (1024K), 1 survivors (1024K)
 Metaspace       used 127946K, capacity 131270K, committed 131328K, reserved 1163264K
  class space    used 15848K, capacity 17006K, committed 17024K, reserved 1048576K
}
Event: 307.186 GC heap before
{Heap before GC invocations=64 (full 0):
 garbage-first heap   total 225280K, used 176006K [0x0000000080000000, 0x0000000100000000)
  region size 1024K, 33 young (33792K), 1 survivors (1024K)
 Metaspace       used 128986K, capacity 132329K, committed 132608K, reserved 1165312K
  class space    used 15986K, capacity 17180K, committed 17280K, reserved 1048576K
}
Event: 307.242 GC heap after
{Heap after GC invocations=65 (full 0):
 garbage-first heap   total 304128K, used 155073K [0x0000000080000000, 0x0000000100000000)
  region size 1024K, 5 young (5120K), 5 survivors (5120K)
 Metaspace       used 128986K, capacity 132329K, committed 132608K, reserved 1165312K
  class space    used 15986K, capacity 17180K, committed 17280K, reserved 1048576K
}
Event: 308.680 GC heap before
{Heap before GC invocations=65 (full 0):
 garbage-first heap   total 304128K, used 212417K [0x0000000080000000, 0x0000000100000000)
  region size 1024K, 61 young (62464K), 5 survivors (5120K)
 Metaspace       used 130721K, capacity 134184K, committed 134272K, reserved 1165312K
  class space    used 16385K, capacity 17612K, committed 17664K, reserved 1048576K
}
Event: 308.857 GC heap after
{Heap after GC invocations=66 (full 0):
 garbage-first heap   total 304128K, used 182158K [0x0000000080000000, 0x0000000100000000)
  region size 1024K, 8 young (8192K), 8 survivors (8192K)
 Metaspace       used 130721K, capacity 134184K, committed 134272K, reserved 1165312K
  class space    used 16385K, capacity 17612K, committed 17664K, reserved 1048576K
}
Event: 310.171 GC heap before
{Heap before GC invocations=66 (full 0):
 garbage-first heap   total 304128K, used 226190K [0x0000000080000000, 0x0000000100000000)
  region size 1024K, 51 young (52224K), 8 survivors (8192K)
 Metaspace       used 133038K, capacity 136696K, committed 136960K, reserved 1169408K
  class space    used 16723K, capacity 18033K, committed 18048K, reserved 1048576K
}
Event: 310.201 GC heap after
{Heap after GC invocations=67 (full 0):
 garbage-first heap   total 304128K, used 189440K [0x0000000080000000, 0x0000000100000000)
  region size 1024K, 6 young (6144K), 6 survivors (6144K)
 Metaspace       used 133038K, capacity 136696K, committed 136960K, reserved 1169408K
  class space    used 16723K, capacity 18033K, committed 18048K, reserved 1048576K
}
Event: 311.087 GC heap before
{Heap before GC invocations=67 (full 0):
 garbage-first heap   total 304128K, used 234496K [0x0000000080000000, 0x0000000100000000)
  region size 1024K, 49 young (50176K), 6 survivors (6144K)
 Metaspace       used 133285K, capacity 136940K, committed 136960K, reserved 1169408K
  class space    used 16741K, capacity 18044K, committed 18048K, reserved 1048576K
}
Event: 311.204 GC heap after
{Heap after GC invocations=68 (full 0):
 garbage-first heap   total 304128K, used 195142K [0x0000000080000000, 0x0000000100000000)
  region size 1024K, 4 young (4096K), 4 survivors (4096K)
 Metaspace       used 133285K, capacity 136940K, committed 136960K, reserved 1169408K
  class space    used 16741K, capacity 18044K, committed 18048K, reserved 1048576K
}
Event: 311.986 GC heap before
{Heap before GC invocations=68 (full 0):
 garbage-first heap   total 304128K, used 209478K [0x0000000080000000, 0x0000000100000000)
  region size 1024K, 19 young (19456K), 4 survivors (4096K)
 Metaspace       used 133402K, capacity 137074K, committed 137344K, reserved 1169408K
  class space    used 16757K, capacity 18087K, committed 18176K, reserved 1048576K
}

Deoptimization events (20 events):
Event: 310.521 Thread 0x000001c0a1d9a800 Uncommon trap: trap_request=0xffffffde fr.pc=0x000001c09099e214 relative=0x0000000000000454
Event: 310.521 Thread 0x000001c0a1d9a800 Uncommon trap: reason=class_check action=maybe_recompile pc=0x000001c09099e214 method=java.io.BufferedOutputStream.write([BII)V @ 20 c2
Event: 310.521 Thread 0x000001c0a1d9a800 DEOPT PACKING pc=0x000001c09099e214 sp=0x0000005455cfd790
Event: 310.521 Thread 0x000001c0a1d9a800 DEOPT UNPACKING pc=0x000001c0886778af sp=0x0000005455cfd728 mode 2
Event: 310.881 Thread 0x000001c0a238b000 DEOPT PACKING pc=0x000001c08b20f196 sp=0x0000005455bfd400
Event: 310.881 Thread 0x000001c0a238b000 DEOPT UNPACKING pc=0x000001c0886776ce sp=0x0000005455bfc918 mode 0
Event: 310.963 Thread 0x000001c0a238b000 DEOPT PACKING pc=0x000001c08b214b38 sp=0x0000005455bfd450
Event: 310.963 Thread 0x000001c0a238b000 DEOPT UNPACKING pc=0x000001c0886776ce sp=0x0000005455bfc970 mode 0
Event: 310.965 Thread 0x000001c0a238b000 DEOPT PACKING pc=0x000001c08b214b38 sp=0x0000005455bfd450
Event: 310.965 Thread 0x000001c0a238b000 DEOPT UNPACKING pc=0x000001c0886776ce sp=0x0000005455bfc970 mode 0
Event: 311.849 Thread 0x000001c0a1d9d000 DEOPT PACKING pc=0x000001c0893bc4e1 sp=0x00000054562fe260
Event: 311.849 Thread 0x000001c0a1d9d000 DEOPT UNPACKING pc=0x000001c0886776ce sp=0x00000054562fd750 mode 0
Event: 311.869 Thread 0x000001c0a1d9d000 DEOPT PACKING pc=0x000001c0893bc4e1 sp=0x00000054562fe260
Event: 311.869 Thread 0x000001c0a1d9d000 DEOPT UNPACKING pc=0x000001c0886776ce sp=0x00000054562fd750 mode 0
Event: 311.900 Thread 0x000001c0a1d9d000 DEOPT PACKING pc=0x000001c0893bc4e1 sp=0x00000054562fe260
Event: 311.900 Thread 0x000001c0a1d9d000 DEOPT UNPACKING pc=0x000001c0886776ce sp=0x00000054562fd750 mode 0
Event: 311.926 Thread 0x000001c0a1d9d000 DEOPT PACKING pc=0x000001c0893bc4e1 sp=0x00000054562fe260
Event: 311.929 Thread 0x000001c0a1d9d000 DEOPT UNPACKING pc=0x000001c0886776ce sp=0x00000054562fd750 mode 0
Event: 311.934 Thread 0x000001c0a1d9d000 DEOPT PACKING pc=0x000001c0893bc4e1 sp=0x00000054562fe260
Event: 311.935 Thread 0x000001c0a1d9d000 DEOPT UNPACKING pc=0x000001c0886776ce sp=0x00000054562fd750 mode 0

Classes redefined (0 events):
No events

Internal exceptions (20 events):
Event: 307.825 Thread 0x000001c0a1d9b000 Exception <a 'java/lang/IncompatibleClassChangeError'{0x00000000926eb750}: Found class java.lang.Object, but interface was expected> (0x00000000926eb750) thrown at [./src/hotspot/share/interpreter/linkResolver.cpp, line 839]
Event: 307.825 Thread 0x000001c0a1d9d800 Exception <a 'java/lang/IncompatibleClassChangeError'{0x00000000926ce0a0}: Found class java.lang.Object, but interface was expected> (0x00000000926ce0a0) thrown at [./src/hotspot/share/interpreter/linkResolver.cpp, line 839]
Event: 307.825 Thread 0x000001c0a1d9c000 Exception <a 'java/lang/IncompatibleClassChangeError'{0x00000000926dc850}: Found class java.lang.Object, but interface was expected> (0x00000000926dc850) thrown at [./src/hotspot/share/interpreter/linkResolver.cpp, line 839]
Event: 307.825 Thread 0x000001c0a1d9d000 Exception <a 'java/lang/IncompatibleClassChangeError'{0x00000000926d1ad8}: Found class java.lang.Object, but interface was expected> (0x00000000926d1ad8) thrown at [./src/hotspot/share/interpreter/linkResolver.cpp, line 839]
Event: 307.825 Thread 0x000001c0a1d9d000 Exception <a 'java/lang/IncompatibleClassChangeError'{0x00000000926d44a0}: Found class java.lang.Object, but interface was expected> (0x00000000926d44a0) thrown at [./src/hotspot/share/interpreter/linkResolver.cpp, line 839]
Event: 307.825 Thread 0x000001c0a1d9b000 Exception <a 'java/lang/IncompatibleClassChangeError'{0x00000000926f7310}: Found class java.lang.Object, but interface was expected> (0x00000000926f7310) thrown at [./src/hotspot/share/interpreter/linkResolver.cpp, line 839]
Event: 307.825 Thread 0x000001c0a1d9c000 Exception <a 'java/lang/IncompatibleClassChangeError'{0x00000000926df3c0}: Found class java.lang.Object, but interface was expected> (0x00000000926df3c0) thrown at [./src/hotspot/share/interpreter/linkResolver.cpp, line 839]
Event: 307.825 Thread 0x000001c0a1d9d800 Exception <a 'java/lang/IncompatibleClassChangeError'{0x00000000926f3308}: Found class java.lang.Object, but interface was expected> (0x00000000926f3308) thrown at [./src/hotspot/share/interpreter/linkResolver.cpp, line 839]
Event: 308.083 Thread 0x000001c0a1d9a800 Exception <a 'java/lang/NoSuchMethodError'{0x0000000092409b98}: 'void java.lang.invoke.DirectMethodHandle$Holder.invokeStatic(java.lang.Object, long)'> (0x0000000092409b98) thrown at [./src/hotspot/share/interpreter/linkResolver.cpp, line 773]
Event: 308.155 Thread 0x000001c0a1d9a800 Exception <a 'java/lang/NoSuchMethodError'{0x000000009240edb0}: 'java.lang.Object java.lang.invoke.DirectMethodHandle$Holder.invokeStatic(java.lang.Object, long)'> (0x000000009240edb0) thrown at [./src/hotspot/share/interpreter/linkResolver.cpp, line 773]
Event: 308.274 Thread 0x000001c0a1d9a800 Exception <a 'java/lang/NoSuchMethodError'{0x000000009241d048}: 'java.lang.Object java.lang.invoke.DirectMethodHandle$Holder.invokeStaticInit(java.lang.Object, java.lang.Object, long, java.lang.Object)'> (0x000000009241d048) thrown at [./src/hotspot/share/interpreter/linkResolver.cpp, line 773]
Event: 308.275 Thread 0x000001c0a1d9a800 Exception <a 'java/lang/NoSuchMethodError'{0x00000000924231e0}: 'java.lang.Object java.lang.invoke.DirectMethodHandle$Holder.invokeStatic(java.lang.Object, java.lang.Object, long)'> (0x00000000924231e0) thrown at [./src/hotspot/share/interpreter/linkResolver.cpp, line 773]
Event: 308.276 Thread 0x000001c0a1d9a800 Exception <a 'java/lang/NoSuchMethodError'{0x0000000092429758}: 'java.lang.Object java.lang.invoke.Invokers$Holder.linkToTargetMethod(java.lang.Object, long, java.lang.Object)'> (0x0000000092429758) thrown at [./src/hotspot/share/interpreter/linkResolver.cpp, line 773]
Event: 309.046 Thread 0x000001c0a238b000 Exception <a 'java/lang/IncompatibleClassChangeError'{0x00000000926ea648}: Found class java.lang.Object, but interface was expected> (0x00000000926ea648) thrown at [./src/hotspot/share/interpreter/linkResolver.cpp, line 839]
Event: 309.762 Thread 0x000001c0a238b000 Exception <a 'java/lang/NoSuchMethodError'{0x0000000091670970}: 'java.lang.Object java.lang.invoke.Invokers$Holder.linkToTargetMethod(java.lang.Object, int, java.lang.Object, java.lang.Object, java.lang.Object, java.lang.Object)'> (0x0000000091670970) thrown at [./src/hotspot/share/interpreter/linkResolver.cpp, line 773]
Event: 309.763 Thread 0x000001c0a238b000 Exception <a 'java/lang/NoSuchMethodError'{0x0000000091674628}: 'void java.lang.invoke.DirectMethodHandle$Holder.invokeSpecial(java.lang.Object, java.lang.Object, java.lang.Object, java.lang.Object, java.lang.Object, java.lang.Object, java.lang.Object, java.lang.Object, java.lang.Object)'> (0x0000000091674628) thrown at [./src/hotspot/share/interpreter/linkResolver.cpp, line 773]
Event: 309.777 Thread 0x000001c0a238b000 Exception <a 'java/lang/IncompatibleClassChangeError'{0x000000009169f338}: Found class java.lang.Object, but interface was expected> (0x000000009169f338) thrown at [./src/hotspot/share/interpreter/linkResolver.cpp, line 839]
Event: 309.827 Thread 0x000001c0a238b000 Exception <a 'java/lang/NoSuchMethodError'{0x00000000915b2500}: 'int java.lang.invoke.DirectMethodHandle$Holder.invokeSpecial(java.lang.Object, java.lang.Object, java.lang.Object, java.lang.Object, java.lang.Object, java.lang.Object)'> (0x00000000915b2500) thrown at [./src/hotspot/share/interpreter/linkResolver.cpp, line 773]
Event: 309.832 Thread 0x000001c0a238b000 Exception <a 'java/lang/NoSuchMethodError'{0x00000000915dd458}: 'void java.lang.invoke.DirectMethodHandle$Holder.invokeStatic(java.lang.Object, java.lang.Object, java.lang.Object, java.lang.Object, java.lang.Object, java.lang.Object, java.lang.Object, java.lang.Object)'> (0x00000000915dd458) thrown at [./src/hotspot/share/interpreter/linkResolver.cpp, line 773]
Event: 310.990 Thread 0x000001c0a238b000 Exception <a 'java/lang/IncompatibleClassChangeError'{0x000000008ffee6e8}: Found class java.lang.Object, but interface was expected> (0x000000008ffee6e8) thrown at [./src/hotspot/share/interpreter/linkResolver.cpp, line 839]

Events (20 events):
Event: 311.444 loading class com/android/tools/r8/internal/Uu$b done
Event: 311.445 loading class java/util/IdentityHashMap$KeySpliterator
Event: 311.459 loading class java/util/IdentityHashMap$IdentityHashMapSpliterator
Event: 311.461 loading class java/util/IdentityHashMap$IdentityHashMapSpliterator done
Event: 311.462 loading class java/util/IdentityHashMap$KeySpliterator done
Event: 311.462 loading class com/android/tools/r8/internal/Uu$b
Event: 311.462 loading class com/android/tools/r8/internal/Uu$b done
Event: 311.462 loading class com/android/tools/r8/graph/Z
Event: 311.462 loading class com/android/tools/r8/graph/Z done
Event: 311.462 loading class com/android/tools/r8/internal/Uu$b
Event: 311.462 loading class com/android/tools/r8/internal/Uu$b done
Event: 311.496 loading class com/android/tools/r8/graph/a0
Event: 311.496 loading class com/android/tools/r8/graph/a0 done
Event: 311.496 loading class com/android/tools/r8/internal/Uu
Event: 311.496 loading class com/android/tools/r8/internal/Uu done
Event: 311.608 loading class com/android/tools/r8/graph/X
Event: 311.608 loading class com/android/tools/r8/graph/X done
Event: 311.608 loading class com/android/tools/r8/internal/Uu
Event: 311.608 loading class com/android/tools/r8/internal/Uu done
Event: 311.985 Executing VM operation: G1CollectForAllocation


Dynamic libraries:
0x00007ff601400000 - 0x00007ff60140a000 	C:\Program Files\Android\Android Studio\jre\bin\java.exe
0x00007ffdb1eb0000 - 0x00007ffdb20a5000 	C:\Windows\SYSTEM32\ntdll.dll
0x00007ffdb0760000 - 0x00007ffdb081e000 	C:\Windows\System32\KERNEL32.DLL
0x00007ffdaf640000 - 0x00007ffdaf908000 	C:\Windows\System32\KERNELBASE.dll
0x00007ffdafaa0000 - 0x00007ffdafba0000 	C:\Windows\System32\ucrtbase.dll
0x00007ffd70000000 - 0x00007ffd70017000 	C:\Program Files\Android\Android Studio\jre\bin\VCRUNTIME140.dll
0x00007ffd6d8b0000 - 0x00007ffd6d8c9000 	C:\Program Files\Android\Android Studio\jre\bin\jli.dll
0x00007ffd9c980000 - 0x00007ffd9cc1a000 	C:\Windows\WinSxS\amd64_microsoft.windows.common-controls_6595b64144ccf1df_6.0.19041.1110_none_60b5254171f9507e\COMCTL32.dll
0x00007ffdb0b10000 - 0x00007ffdb0cb0000 	C:\Windows\System32\USER32.dll
0x00007ffdb0650000 - 0x00007ffdb06ee000 	C:\Windows\System32\msvcrt.dll
0x00007ffdb0e20000 - 0x00007ffdb0e4b000 	C:\Windows\System32\GDI32.dll
0x00007ffdaf610000 - 0x00007ffdaf632000 	C:\Windows\System32\win32u.dll
0x00007ffdafc50000 - 0x00007ffdafd5d000 	C:\Windows\System32\gdi32full.dll
0x00007ffdafd60000 - 0x00007ffdafdfd000 	C:\Windows\System32\msvcp_win.dll
0x00007ffdb0d20000 - 0x00007ffdb0d50000 	C:\Windows\System32\IMM32.DLL
0x00007ffd332d0000 - 0x00007ffd3336d000 	C:\Program Files\Android\Android Studio\jre\bin\msvcp140.dll
0x00007ffd26bb0000 - 0x00007ffd2767f000 	C:\Program Files\Android\Android Studio\jre\bin\server\jvm.dll
0x00007ffdb0820000 - 0x00007ffdb08ce000 	C:\Windows\System32\ADVAPI32.dll
0x00007ffdb1260000 - 0x00007ffdb12fc000 	C:\Windows\System32\sechost.dll
0x00007ffdb0f10000 - 0x00007ffdb1035000 	C:\Windows\System32\RPCRT4.dll
0x00007ffdb0750000 - 0x00007ffdb0758000 	C:\Windows\System32\PSAPI.DLL
0x00007ffd9a6c0000 - 0x00007ffd9a6c9000 	C:\Windows\SYSTEM32\WSOCK32.dll
0x00007ffd99180000 - 0x00007ffd991a7000 	C:\Windows\SYSTEM32\WINMM.dll
0x00007ffda9f70000 - 0x00007ffda9f7a000 	C:\Windows\SYSTEM32\VERSION.dll
0x00007ffdb11f0000 - 0x00007ffdb125b000 	C:\Windows\System32\ws2_32.DLL
0x00007ffdad4b0000 - 0x00007ffdad4c2000 	C:\Windows\SYSTEM32\kernel.appcore.dll
0x00007ffdaafc0000 - 0x00007ffdaafd1000 	C:\Program Files\Android\Android Studio\jre\bin\verify.dll
0x00007ffda0950000 - 0x00007ffda0b34000 	C:\Windows\SYSTEM32\DBGHELP.DLL
0x00007ffd99090000 - 0x00007ffd990bc000 	C:\Windows\SYSTEM32\dbgcore.DLL
0x00007ffdafe70000 - 0x00007ffdafef2000 	C:\Windows\System32\bcryptPrimitives.dll
0x00007ffd9fcc0000 - 0x00007ffd9fce9000 	C:\Program Files\Android\Android Studio\jre\bin\java.dll
0x00007ffdab480000 - 0x00007ffdab48b000 	C:\Program Files\Android\Android Studio\jre\bin\jimage.dll
0x00007ffd9efe0000 - 0x00007ffd9eff8000 	C:\Program Files\Android\Android Studio\jre\bin\zip.dll
0x00007ffdaff00000 - 0x00007ffdb0644000 	C:\Windows\System32\SHELL32.dll
0x00007ffdad6b0000 - 0x00007ffdade44000 	C:\Windows\SYSTEM32\windows.storage.dll
0x00007ffdb1300000 - 0x00007ffdb1655000 	C:\Windows\System32\combase.dll
0x00007ffdaef40000 - 0x00007ffdaef6e000 	C:\Windows\SYSTEM32\Wldp.dll
0x00007ffdb0a60000 - 0x00007ffdb0b0d000 	C:\Windows\System32\SHCORE.dll
0x00007ffdb0cb0000 - 0x00007ffdb0d05000 	C:\Windows\System32\shlwapi.dll
0x00007ffdaf500000 - 0x00007ffdaf51f000 	C:\Windows\SYSTEM32\profapi.dll
0x00007ffd76340000 - 0x00007ffd7635a000 	C:\Program Files\Android\Android Studio\jre\bin\net.dll
0x00007ffda18e0000 - 0x00007ffda19ec000 	C:\Windows\SYSTEM32\WINHTTP.dll
0x00007ffdaeca0000 - 0x00007ffdaed0a000 	C:\Windows\system32\mswsock.dll
0x00007ffd76320000 - 0x00007ffd76334000 	C:\Program Files\Android\Android Studio\jre\bin\nio.dll
0x00007ffd9fd80000 - 0x00007ffd9fda7000 	C:\Users\DELL\.gradle\native\8bec1ad78214c89d9ad589b4d07fe93259594b29d510b10fafb7a158f7737e5d\windows-amd64\native-platform.dll
0x00007ffd47ac0000 - 0x00007ffd47bfd000 	C:\Users\DELL\.gradle\native\53dbd7edfb1c66fb8903c78663c9afc45aea4f116125fa6feffd364cf09443e8\windows-amd64\native-platform-file-events.dll
0x00007ffdaafa0000 - 0x00007ffdaafaa000 	C:\Program Files\Android\Android Studio\jre\bin\management.dll
0x00007ffda9c70000 - 0x00007ffda9c7c000 	C:\Program Files\Android\Android Studio\jre\bin\management_ext.dll
0x00007ffdaeea0000 - 0x00007ffdaeeb8000 	C:\Windows\SYSTEM32\CRYPTSP.dll
0x00007ffdae620000 - 0x00007ffdae654000 	C:\Windows\system32\rsaenh.dll
0x00007ffdaf910000 - 0x00007ffdaf937000 	C:\Windows\System32\bcrypt.dll
0x00007ffdaf4c0000 - 0x00007ffdaf4ee000 	C:\Windows\SYSTEM32\USERENV.dll
0x00007ffdaee90000 - 0x00007ffdaee9c000 	C:\Windows\SYSTEM32\CRYPTBASE.dll
0x00007ffdae990000 - 0x00007ffdae9cb000 	C:\Windows\SYSTEM32\IPHLPAPI.DLL
0x00007ffdb0f00000 - 0x00007ffdb0f08000 	C:\Windows\System32\NSI.dll
0x00007ffda1fa0000 - 0x00007ffda1fb7000 	C:\Windows\SYSTEM32\dhcpcsvc6.DLL
0x00007ffda2210000 - 0x00007ffda222d000 	C:\Windows\SYSTEM32\dhcpcsvc.DLL
0x00007ffdae9d0000 - 0x00007ffdaea9b000 	C:\Windows\SYSTEM32\DNSAPI.dll
0x00007ffd76240000 - 0x00007ffd76267000 	C:\Program Files\Android\Android Studio\jre\bin\sunec.dll
0x00007ffd9cc50000 - 0x00007ffd9cc5a000 	C:\Windows\System32\rasadhlp.dll
0x00007ffd9d430000 - 0x00007ffd9d4af000 	C:\Windows\System32\fwpuclnt.dll

dbghelp: loaded successfully - version: 4.0.5 - missing functions: none
symbol engine: initialized successfully - sym options: 0x614 - pdb path: .;C:\Program Files\Android\Android Studio\jre\bin;C:\Windows\SYSTEM32;C:\Windows\WinSxS\amd64_microsoft.windows.common-controls_6595b64144ccf1df_6.0.19041.1110_none_60b5254171f9507e;C:\Program Files\Android\Android Studio\jre\bin\server;C:\Users\DELL\.gradle\native\8bec1ad78214c89d9ad589b4d07fe93259594b29d510b10fafb7a158f7737e5d\windows-amd64;C:\Users\DELL\.gradle\native\53dbd7edfb1c66fb8903c78663c9afc45aea4f116125fa6feffd364cf09443e8\windows-amd64

VM Arguments:
jvm_args: --add-opens=java.base/java.util=ALL-UNNAMED --add-opens=java.base/java.lang=ALL-UNNAMED --add-opens=java.base/java.lang.invoke=ALL-UNNAMED --add-opens=java.base/java.util=ALL-UNNAMED --add-opens=java.prefs/java.util.prefs=ALL-UNNAMED --add-opens=java.prefs/java.util.prefs=ALL-UNNAMED --add-opens=java.base/java.nio.charset=ALL-UNNAMED --add-opens=java.base/java.net=ALL-UNNAMED --add-opens=java.base/java.util.concurrent.atomic=ALL-UNNAMED -Xmx2048m -Dfile.encoding=UTF-8 -Duser.country=US -Duser.language=en -Duser.variant 
java_command: org.gradle.launcher.daemon.bootstrap.GradleDaemon 7.0.2
java_class_path (initial): C:\Users\DELL\.gradle\wrapper\dists\gradle-7.0.2-bin\857tjihv64xamwrf0h14cai3r\gradle-7.0.2\lib\gradle-launcher-7.0.2.jar
Launcher Type: SUN_STANDARD

[Global flags]
     intx CICompilerCount                          = 3                                         {product} {ergonomic}
     uint ConcGCThreads                            = 1                                         {product} {ergonomic}
     uint G1ConcRefinementThreads                  = 4                                         {product} {ergonomic}
   size_t G1HeapRegionSize                         = 1048576                                   {product} {ergonomic}
    uintx GCDrainStackTargetSize                   = 64                                        {product} {ergonomic}
   size_t InitialHeapSize                          = 132120576                                 {product} {ergonomic}
   size_t MarkStackSize                            = 4194304                                   {product} {ergonomic}
   size_t MaxHeapSize                              = 2147483648                                {product} {command line}
   size_t MaxNewSize                               = 1287651328                                {product} {ergonomic}
   size_t MinHeapDeltaBytes                        = 1048576                                   {product} {ergonomic}
    uintx NonNMethodCodeHeapSize                   = 5830732                                {pd product} {ergonomic}
    uintx NonProfiledCodeHeapSize                  = 122913754                              {pd product} {ergonomic}
    uintx ProfiledCodeHeapSize                     = 122913754                              {pd product} {ergonomic}
    uintx ReservedCodeCacheSize                    = 251658240                              {pd product} {ergonomic}
     bool SegmentedCodeCache                       = true                                      {product} {ergonomic}
     bool UseCompressedClassPointers               = true                                 {lp64_product} {ergonomic}
     bool UseCompressedOops                        = true                                 {lp64_product} {ergonomic}
     bool UseG1GC                                  = true                                      {product} {ergonomic}
     bool UseLargePagesIndividualAllocation        = false                                  {pd product} {ergonomic}

Logging:
Log output configuration:
 #0: stdout all=warning uptime,level,tags
 #1: stderr all=off uptime,level,tags

Environment Variables:
JAVA_HOME=C:\Program Files\Java\jdk1.8.0_202
CLASSPATH=C:\Program Files\Java\jdk1.8.0_202\lib
PATH=C:\Program Files (x86)\Common Files\Oracle\Java\javapath;C:\Windows\system32;C:\Windows;C:\Windows\System32\Wbem;C:\Windows\System32\WindowsPowerShell\v1.0\;C:\Windows\System32\OpenSSH\;C:\Program Files (x86)\Intel\Intel(R) Management Engine Components\DAL;C:\Program Files\Intel\Intel(R) Management Engine Components\DAL;C:\Program Files\Microsoft SQL Server\Client SDK\ODBC\110\Tools\Binn\;C:\Program Files\Python39;C:\Program Files\Microsoft SQL Server\Client SDK\ODBC\170\Tools\Binn\;C:\Program Files (x86)\Microsoft SQL Server\150\Tools\Binn\;C:\Program Files\Microsoft SQL Server\150\Tools\Binn\;C:\Program Files\Microsoft SQL Server\150\DTS\Binn\;C:\Program Files\Azure Data Studio\bin;C:\Program Files (x86)\mingw-w64\i686-8.1.0-posix-dwarf-rt_v6-rev0\mingw32\bin;C:\Program Files (x86)\Microsoft SQL Server\150\DTS\Binn\;C:\MongoDB\Server\5.0\bin\bin;C:\Program Files\Microsoft SQL Server\120\Tools\Binn\;C:\Program Files\MySQL\MySQL Shell 8.0\bin\;C:\Program Files\Java\jdk1.8.0_202\bin;C:\Users\DELL\AppData\Local\Programs\Microsoft VS Code\bin
USERNAME=linko
OS=Windows_NT
PROCESSOR_IDENTIFIER=Intel64 Family 6 Model 142 Stepping 9, GenuineIntel



---------------  S Y S T E M  ---------------

OS: Windows 10 , 64 bit Build 19041 (10.0.19041.1503)
OS uptime: 7 days 14:24 hours

CPU:total 4 (initial active 4) (2 cores per cpu, 2 threads per core) family 6 model 142 stepping 9 microcode 0xb4, cmov, cx8, fxsr, mmx, sse, sse2, sse3, ssse3, sse4.1, sse4.2, popcnt, avx, avx2, aes, clmul, erms, 3dnowpref, lzcnt, ht, tsc, tscinvbit, bmi1, bmi2, adx, fma

Memory: 4k page, system-wide physical 8061M (34M free)
TotalPageFile size 32608M (AvailPageFile size 95M)
current process WorkingSet (physical memory assigned to process): 401M, peak: 471M
current process commit charge ("private bytes"): 656M, peak: 953M

vm_info: OpenJDK 64-Bit Server VM (11.0.10+0-b96-7249189) for windows-amd64 JRE (11.0.10+0-b96-7249189), built on Mar 31 2021 21:44:00 by "builder" with MS VC++ 14.0 (VS2015)

END.
